This file contains any messages produced by compilers while
running configure, to aid debugging if configure makes a mistake.

It was created by libdbus-c++ configure 0.5.0, which was
generated by GNU Autoconf 2.61.  Invocation command line was

  $ ./configure --prefix=/usr --enable-debug

## --------- ##
## Platform. ##
## --------- ##

hostname = sulfur
uname -m = i686
uname -r = 2.6.24-19-generic
uname -s = Linux
uname -v = #1 SMP Wed Aug 20 22:56:21 UTC 2008

/usr/bin/uname -p = unknown
/bin/uname -X     = unknown

/bin/arch              = unknown
/usr/bin/arch -k       = unknown
/usr/convex/getsysinfo = unknown
/usr/bin/hostinfo      = unknown
/bin/machine           = unknown
/usr/bin/oslevel       = unknown
/bin/universe          = unknown

PATH: /usr/local/sbin
PATH: /usr/local/bin
PATH: /usr/sbin
PATH: /usr/bin
PATH: /sbin
PATH: /bin
PATH: /usr/games
PATH: /usr/local/share/OpenSceneGraph/bin


## ----------- ##
## Core tests. ##
## ----------- ##

configure:2020: checking for a BSD-compatible install
configure:2076: result: /usr/bin/install -c
configure:2087: checking whether build environment is sane
configure:2130: result: yes
configure:2195: checking for gawk
configure:2211: found /usr/bin/gawk
configure:2222: result: gawk
configure:2233: checking whether make sets $(MAKE)
configure:2254: result: yes
configure:2447: checking build system type
configure:2465: result: i686-pc-linux-gnu
configure:2487: checking host system type
configure:2502: result: i686-pc-linux-gnu
configure:2614: checking for gcc
configure:2630: found /usr/bin/gcc
configure:2641: result: gcc
configure:2879: checking for C compiler version
configure:2886: gcc --version >&5
gcc (GCC) 4.2.3 (Ubuntu 4.2.3-2ubuntu7)
Copyright (C) 2007 Free Software Foundation, Inc.
This is free software; see the source for copying conditions.  There is NO
warranty; not even for MERCHANTABILITY or FITNESS FOR A PARTICULAR PURPOSE.

configure:2889: $? = 0
configure:2896: gcc -v >&5
Using built-in specs.
Target: i486-linux-gnu
Configured with: ../src/configure -v --enable-languages=c,c++,fortran,objc,obj-c++,treelang --prefix=/usr --enable-shared --with-system-zlib --libexecdir=/usr/lib --without-included-gettext --enable-threads=posix --enable-nls --with-gxx-include-dir=/usr/include/c++/4.2 --program-suffix=-4.2 --enable-clocale=gnu --enable-libstdcxx-debug --enable-objc-gc --enable-mpfr --enable-targets=all --enable-checking=release --build=i486-linux-gnu --host=i486-linux-gnu --target=i486-linux-gnu
Thread model: posix
gcc version 4.2.3 (Ubuntu 4.2.3-2ubuntu7)
configure:2899: $? = 0
configure:2906: gcc -V >&5
gcc: '-V' option must have argument
configure:2909: $? = 1
configure:2932: checking for C compiler default output file name
configure:2959: gcc    conftest.c  >&5
configure:2962: $? = 0
configure:3000: result: a.out
configure:3017: checking whether the C compiler works
configure:3027: ./a.out
configure:3030: $? = 0
configure:3047: result: yes
configure:3054: checking whether we are cross compiling
configure:3056: result: no
configure:3059: checking for suffix of executables
configure:3066: gcc -o conftest    conftest.c  >&5
configure:3069: $? = 0
configure:3093: result: 
configure:3099: checking for suffix of object files
configure:3125: gcc -c   conftest.c >&5
configure:3128: $? = 0
configure:3151: result: o
configure:3155: checking whether we are using the GNU C compiler
configure:3184: gcc -c   conftest.c >&5
configure:3190: $? = 0
configure:3207: result: yes
configure:3212: checking whether gcc accepts -g
configure:3242: gcc -c -g  conftest.c >&5
configure:3248: $? = 0
configure:3347: result: yes
configure:3364: checking for gcc option to accept ISO C89
configure:3438: gcc  -c -g -O2  conftest.c >&5
configure:3444: $? = 0
configure:3467: result: none needed
configure:3496: checking for style of include used by make
configure:3524: result: GNU
configure:3552: checking dependency style of gcc
configure:3642: result: gcc3
configure:3717: checking for g++
configure:3733: found /usr/bin/g++
configure:3744: result: g++
configure:3775: checking for C++ compiler version
configure:3782: g++ --version >&5
g++ (GCC) 4.2.3 (Ubuntu 4.2.3-2ubuntu7)
Copyright (C) 2007 Free Software Foundation, Inc.
This is free software; see the source for copying conditions.  There is NO
warranty; not even for MERCHANTABILITY or FITNESS FOR A PARTICULAR PURPOSE.

configure:3785: $? = 0
configure:3792: g++ -v >&5
Using built-in specs.
Target: i486-linux-gnu
Configured with: ../src/configure -v --enable-languages=c,c++,fortran,objc,obj-c++,treelang --prefix=/usr --enable-shared --with-system-zlib --libexecdir=/usr/lib --without-included-gettext --enable-threads=posix --enable-nls --with-gxx-include-dir=/usr/include/c++/4.2 --program-suffix=-4.2 --enable-clocale=gnu --enable-libstdcxx-debug --enable-objc-gc --enable-mpfr --enable-targets=all --enable-checking=release --build=i486-linux-gnu --host=i486-linux-gnu --target=i486-linux-gnu
Thread model: posix
gcc version 4.2.3 (Ubuntu 4.2.3-2ubuntu7)
configure:3795: $? = 0
configure:3802: g++ -V >&5
g++: '-V' option must have argument
configure:3805: $? = 1
configure:3808: checking whether we are using the GNU C++ compiler
configure:3837: g++ -c   conftest.cpp >&5
configure:3843: $? = 0
configure:3860: result: yes
configure:3865: checking whether g++ accepts -g
configure:3895: g++ -c -g  conftest.cpp >&5
configure:3901: $? = 0
configure:4000: result: yes
configure:4025: checking dependency style of g++
configure:4115: result: gcc3
configure:4208: checking for a sed that does not truncate output
configure:4264: result: /bin/sed
configure:4267: checking for grep that handles long lines and -e
configure:4341: result: /bin/grep
configure:4346: checking for egrep
configure:4424: result: /bin/grep -E
configure:4440: checking for ld used by gcc
configure:4507: result: /usr/bin/ld
configure:4516: checking if the linker (/usr/bin/ld) is GNU ld
configure:4531: result: yes
configure:4536: checking for /usr/bin/ld option to reload object files
configure:4543: result: -r
configure:4561: checking for BSD-compatible nm
configure:4610: result: /usr/bin/nm -B
configure:4614: checking whether ln -s works
configure:4618: result: yes
configure:4625: checking how to recognize dependent libraries
configure:4811: result: pass_all
configure:5057: checking how to run the C preprocessor
configure:5097: gcc -E  conftest.c
configure:5103: $? = 0
configure:5134: gcc -E  conftest.c
conftest.c:10:28: error: ac_nonexistent.h: No such file or directory
configure:5140: $? = 1
configure: failed program was:
| /* confdefs.h.  */
| #define PACKAGE_NAME "libdbus-c++"
| #define PACKAGE_TARNAME "libdbus-c--"
| #define PACKAGE_VERSION "0.5.0"
| #define PACKAGE_STRING "libdbus-c++ 0.5.0"
| #define PACKAGE_BUGREPORT "shackan@gmail.com"
| #define PACKAGE "libdbus-c++"
| #define VERSION "0.5.0"
| /* end confdefs.h.  */
| #include <ac_nonexistent.h>
configure:5173: result: gcc -E
configure:5202: gcc -E  conftest.c
configure:5208: $? = 0
configure:5239: gcc -E  conftest.c
conftest.c:10:28: error: ac_nonexistent.h: No such file or directory
configure:5245: $? = 1
configure: failed program was:
| /* confdefs.h.  */
| #define PACKAGE_NAME "libdbus-c++"
| #define PACKAGE_TARNAME "libdbus-c--"
| #define PACKAGE_VERSION "0.5.0"
| #define PACKAGE_STRING "libdbus-c++ 0.5.0"
| #define PACKAGE_BUGREPORT "shackan@gmail.com"
| #define PACKAGE "libdbus-c++"
| #define VERSION "0.5.0"
| /* end confdefs.h.  */
| #include <ac_nonexistent.h>
configure:5283: checking for ANSI C header files
configure:5313: gcc -c -g -O2  conftest.c >&5
configure:5319: $? = 0
configure:5418: gcc -o conftest -g -O2   conftest.c  >&5
configure:5421: $? = 0
configure:5427: ./conftest
configure:5430: $? = 0
configure:5447: result: yes
configure:5471: checking for sys/types.h
configure:5492: gcc -c -g -O2  conftest.c >&5
configure:5498: $? = 0
configure:5514: result: yes
configure:5471: checking for sys/stat.h
configure:5492: gcc -c -g -O2  conftest.c >&5
configure:5498: $? = 0
configure:5514: result: yes
configure:5471: checking for stdlib.h
configure:5492: gcc -c -g -O2  conftest.c >&5
configure:5498: $? = 0
configure:5514: result: yes
configure:5471: checking for string.h
configure:5492: gcc -c -g -O2  conftest.c >&5
configure:5498: $? = 0
configure:5514: result: yes
configure:5471: checking for memory.h
configure:5492: gcc -c -g -O2  conftest.c >&5
configure:5498: $? = 0
configure:5514: result: yes
configure:5471: checking for strings.h
configure:5492: gcc -c -g -O2  conftest.c >&5
configure:5498: $? = 0
configure:5514: result: yes
configure:5471: checking for inttypes.h
configure:5492: gcc -c -g -O2  conftest.c >&5
configure:5498: $? = 0
configure:5514: result: yes
configure:5471: checking for stdint.h
configure:5492: gcc -c -g -O2  conftest.c >&5
configure:5498: $? = 0
configure:5514: result: yes
configure:5471: checking for unistd.h
configure:5492: gcc -c -g -O2  conftest.c >&5
configure:5498: $? = 0
configure:5514: result: yes
configure:5541: checking dlfcn.h usability
configure:5558: gcc -c -g -O2  conftest.c >&5
configure:5564: $? = 0
configure:5578: result: yes
configure:5582: checking dlfcn.h presence
configure:5597: gcc -E  conftest.c
configure:5603: $? = 0
configure:5617: result: yes
configure:5650: checking for dlfcn.h
configure:5658: result: yes
configure:5681: checking how to run the C++ preprocessor
configure:5717: g++ -E  conftest.cpp
configure:5723: $? = 0
configure:5754: g++ -E  conftest.cpp
conftest.cpp:21:28: error: ac_nonexistent.h: No such file or directory
configure:5760: $? = 1
configure: failed program was:
| /* confdefs.h.  */
| #define PACKAGE_NAME "libdbus-c++"
| #define PACKAGE_TARNAME "libdbus-c--"
| #define PACKAGE_VERSION "0.5.0"
| #define PACKAGE_STRING "libdbus-c++ 0.5.0"
| #define PACKAGE_BUGREPORT "shackan@gmail.com"
| #define PACKAGE "libdbus-c++"
| #define VERSION "0.5.0"
| #define STDC_HEADERS 1
| #define HAVE_SYS_TYPES_H 1
| #define HAVE_SYS_STAT_H 1
| #define HAVE_STDLIB_H 1
| #define HAVE_STRING_H 1
| #define HAVE_MEMORY_H 1
| #define HAVE_STRINGS_H 1
| #define HAVE_INTTYPES_H 1
| #define HAVE_STDINT_H 1
| #define HAVE_UNISTD_H 1
| #define HAVE_DLFCN_H 1
| /* end confdefs.h.  */
| #include <ac_nonexistent.h>
configure:5793: result: g++ -E
configure:5822: g++ -E  conftest.cpp
configure:5828: $? = 0
configure:5859: g++ -E  conftest.cpp
conftest.cpp:21:28: error: ac_nonexistent.h: No such file or directory
configure:5865: $? = 1
configure: failed program was:
| /* confdefs.h.  */
| #define PACKAGE_NAME "libdbus-c++"
| #define PACKAGE_TARNAME "libdbus-c--"
| #define PACKAGE_VERSION "0.5.0"
| #define PACKAGE_STRING "libdbus-c++ 0.5.0"
| #define PACKAGE_BUGREPORT "shackan@gmail.com"
| #define PACKAGE "libdbus-c++"
| #define VERSION "0.5.0"
| #define STDC_HEADERS 1
| #define HAVE_SYS_TYPES_H 1
| #define HAVE_SYS_STAT_H 1
| #define HAVE_STDLIB_H 1
| #define HAVE_STRING_H 1
| #define HAVE_MEMORY_H 1
| #define HAVE_STRINGS_H 1
| #define HAVE_INTTYPES_H 1
| #define HAVE_STDINT_H 1
| #define HAVE_UNISTD_H 1
| #define HAVE_DLFCN_H 1
| /* end confdefs.h.  */
| #include <ac_nonexistent.h>
configure:5957: checking for g77
configure:5987: result: no
configure:5957: checking for xlf
configure:5987: result: no
configure:5957: checking for f77
configure:5987: result: no
configure:5957: checking for frt
configure:5987: result: no
configure:5957: checking for pgf77
configure:5987: result: no
configure:5957: checking for cf77
configure:5987: result: no
configure:5957: checking for fort77
configure:5987: result: no
configure:5957: checking for fl32
configure:5987: result: no
configure:5957: checking for af77
configure:5987: result: no
configure:5957: checking for xlf90
configure:5987: result: no
configure:5957: checking for f90
configure:5987: result: no
configure:5957: checking for pgf90
configure:5987: result: no
configure:5957: checking for pghpf
configure:5987: result: no
configure:5957: checking for epcf90
configure:5987: result: no
configure:5957: checking for gfortran
configure:5987: result: no
configure:5957: checking for g95
configure:5987: result: no
configure:5957: checking for xlf95
configure:5987: result: no
configure:5957: checking for f95
configure:5987: result: no
configure:5957: checking for fort
configure:5987: result: no
configure:5957: checking for ifort
configure:5987: result: no
configure:5957: checking for ifc
configure:5987: result: no
configure:5957: checking for efc
configure:5987: result: no
configure:5957: checking for pgf95
configure:5987: result: no
configure:5957: checking for lf95
configure:5987: result: no
configure:5957: checking for ftn
configure:5987: result: no
configure:6014: checking for Fortran 77 compiler version
configure:6021:  --version >&5
./configure: line 6022: --version: command not found
configure:6024: $? = 127
configure:6031:  -v >&5
./configure: line 6032: -v: command not found
configure:6034: $? = 127
configure:6041:  -V >&5
./configure: line 6042: -V: command not found
configure:6044: $? = 127
configure:6052: checking whether we are using the GNU Fortran 77 compiler
configure:6071:  -c  conftest.F >&5
./configure: line 6072: -c: command not found
configure:6077: $? = 127
configure: failed program was:
|       program main
| #ifndef __GNUC__
|        choke me
| #endif
| 
|       end
configure:6094: result: no
configure:6100: checking whether  accepts -g
configure:6117:  -c -g conftest.f >&5
./configure: line 6118: -c: command not found
configure:6123: $? = 127
configure: failed program was:
|       program main
| 
|       end
configure:6139: result: no
configure:6168: checking the maximum length of command line arguments
configure:6280: result: 98304
configure:6292: checking command to parse /usr/bin/nm -B output from gcc object
configure:6397: g++ -c -g -O2  conftest.cpp >&5
configure:6400: $? = 0
configure:6404: /usr/bin/nm -B conftest.o \| sed -n -e 's/^.*[ 	]\([ABCDGIRSTW][ABCDGIRSTW]*\)[ 	][ 	]*\([_A-Za-z][_A-Za-z0-9]*\)$/\1 \2 \2/p' \> conftest.nm
configure:6407: $? = 0
configure:6459: g++ -o conftest -g -O2   conftest.cpp conftstm.o >&5
configure:6462: $? = 0
configure:6500: result: ok
configure:6504: checking for objdir
configure:6519: result: .libs
configure:6611: checking for ar
configure:6627: found /usr/bin/ar
configure:6638: result: ar
configure:6707: checking for ranlib
configure:6723: found /usr/bin/ranlib
configure:6734: result: ranlib
configure:6803: checking for strip
configure:6819: found /usr/bin/strip
configure:6830: result: strip
configure:7428: checking if gcc supports -fno-rtti -fno-exceptions
configure:7446: gcc -c -g -O2  -fno-rtti -fno-exceptions conftest.c >&5
cc1: warning: command line option "-fno-rtti" is valid for C++/ObjC++ but not for C
configure:7450: $? = 0
configure:7463: result: no
configure:7478: checking for gcc option to produce PIC
configure:7710: result: -fPIC
configure:7718: checking if gcc PIC flag -fPIC works
configure:7736: gcc -c -g -O2  -fPIC -DPIC conftest.c >&5
configure:7740: $? = 0
configure:7753: result: yes
configure:7781: checking if gcc static flag -static works
configure:7809: result: yes
configure:7819: checking if gcc supports -c -o file.o
configure:7840: gcc -c -g -O2  -o out/conftest2.o conftest.c >&5
configure:7844: $? = 0
configure:7866: result: yes
configure:7892: checking whether the gcc linker (/usr/bin/ld) supports shared libraries
configure:8873: result: yes
configure:8894: checking whether -lc should be explicitly linked in
configure:8899: gcc -c -g -O2  conftest.c >&5
configure:8902: $? = 0
configure:8917: gcc -shared conftest.o  -v -Wl,-soname -Wl,conftest -o conftest 2\>\&1 \| grep  -lc  \>/dev/null 2\>\&1
configure:8920: $? = 0
configure:8932: result: no
configure:8940: checking dynamic linker characteristics
configure:9554: result: GNU/Linux ld.so
configure:9578: checking how to hardcode library paths into programs
configure:9603: result: immediate
configure:9617: checking whether stripping libraries is possible
configure:9622: result: yes
configure:10424: checking if libtool supports shared libraries
configure:10426: result: yes
configure:10429: checking whether to build shared libraries
configure:10450: result: yes
configure:10453: checking whether to build static libraries
configure:10457: result: yes
configure:10551: creating libtool
configure:11144: checking for ld used by g++
configure:11211: result: /usr/bin/ld
configure:11220: checking if the linker (/usr/bin/ld) is GNU ld
configure:11235: result: yes
configure:11286: checking whether the g++ linker (/usr/bin/ld) supports shared libraries
configure:12232: result: yes
configure:12249: g++ -c -g -O2  conftest.cpp >&5
configure:12252: $? = 0
configure:12408: checking for g++ option to produce PIC
configure:12692: result: -fPIC
configure:12700: checking if g++ PIC flag -fPIC works
configure:12718: g++ -c -g -O2  -fPIC -DPIC conftest.cpp >&5
configure:12722: $? = 0
configure:12735: result: yes
configure:12763: checking if g++ static flag -static works
configure:12791: result: yes
configure:12801: checking if g++ supports -c -o file.o
configure:12822: g++ -c -g -O2  -o out/conftest2.o conftest.cpp >&5
configure:12826: $? = 0
configure:12848: result: yes
configure:12874: checking whether the g++ linker (/usr/bin/ld) supports shared libraries
configure:12903: result: yes
configure:12970: checking dynamic linker characteristics
configure:13532: result: GNU/Linux ld.so
configure:13556: checking how to hardcode library paths into programs
configure:13581: result: immediate
configure:19878: checking for pkg-config
configure:19896: found /usr/bin/pkg-config
configure:19908: result: /usr/bin/pkg-config
configure:19937: checking pkg-config is at least version 0.9.0
configure:19940: result: yes
configure:19951: checking whether g++ supports symbol visibility
configure:19957: result: yes
configure:19977: checking for dbus
configure:19985: $PKG_CONFIG --exists --print-errors "dbus-1 >= $DBUS_REQUIRED_VERSION"
configure:19988: $? = 0
configure:20003: $PKG_CONFIG --exists --print-errors "dbus-1 >= $DBUS_REQUIRED_VERSION"
configure:20006: $? = 0
configure:20052: result: yes
configure:20061: $PKG_CONFIG --exists --print-errors "dbus-1 < $DBUS_API_STABLE_VERSION"
Requested 'dbus-1 < 1.0.0' but version of dbus is 1.1.20
configure:20064: $? = 1
configure:20076: $PKG_CONFIG --exists --print-errors "dbus-1 >= $DBUS_THREADS_INIT_DEFAULT_VERSION"
configure:20079: $? = 0
configure:20091: $PKG_CONFIG --exists --print-errors "dbus-1 >= $DBUS_RECURSIVE_MUTEX_VERSION"
configure:20094: $? = 0
configure:20355: checking for XML_ParserCreate_MM in -lexpat
configure:20390: g++ -o conftest -fvisibility=hidden   conftest.cpp -lexpat   >&5
configure:20396: $? = 0
configure:20414: result: yes
configure:20432: checking expat.h usability
configure:20449: g++ -c -fvisibility=hidden  conftest.cpp >&5
configure:20455: $? = 0
configure:20469: result: yes
configure:20473: checking expat.h presence
configure:20488: g++ -E  conftest.cpp
configure:20494: $? = 0
configure:20508: result: yes
configure:20541: checking for expat.h
configure:20549: result: yes
configure:20583: checking for pthread_create in -lpthread
configure:20618: g++ -o conftest -fvisibility=hidden   conftest.cpp -lpthread   >&5
configure:20624: $? = 0
configure:20642: result: yes
configure:20660: checking pthread.h usability
configure:20677: g++ -c -fvisibility=hidden  conftest.cpp >&5
configure:20683: $? = 0
configure:20697: result: yes
configure:20701: checking pthread.h presence
configure:20716: g++ -E  conftest.cpp
configure:20722: $? = 0
configure:20736: result: yes
configure:20769: checking for pthread.h
configure:20777: result: yes
configure:20814: checking for doxygen
configure:20832: found /usr/bin/doxygen
configure:20845: result: /usr/bin/doxygen
configure:20854: checking whether to build Doxygen documentation
configure:21091: creating ./config.status

## ---------------------- ##
## Running config.status. ##
## ---------------------- ##

This file was extended by libdbus-c++ config.status 0.5.0, which was
generated by GNU Autoconf 2.61.  Invocation command line was

  CONFIG_FILES    = 
  CONFIG_HEADERS  = 
  CONFIG_LINKS    = 
  CONFIG_COMMANDS = 
  $ ./config.status 

on sulfur

config.status:695: creating Makefile
config.status:695: creating src/Makefile
config.status:695: creating tools/Makefile
config.status:695: creating data/Makefile
config.status:695: creating doc/Makefile
config.status:695: creating doc/Doxyfile
config.status:695: creating examples/Makefile
config.status:695: creating examples/properties/Makefile
config.status:695: creating examples/echo/Makefile
config.status:695: creating examples/hal/Makefile
config.status:695: creating examples/glib/Makefile
config.status:695: creating dbus-c++-1.pc
config.status:695: creating dbus-c++-1-uninstalled.pc
config.status:695: creating libdbus-c++.spec
config.status:695: creating include/dbus-c++/config.h
config.status:921: include/dbus-c++/config.h is unchanged
config.status:967: executing depfiles commands

## ---------------- ##
## Cache variables. ##
## ---------------- ##

ac_cv_build=i686-pc-linux-gnu
ac_cv_c_compiler_gnu=yes
ac_cv_cxx_compiler_gnu=yes
ac_cv_env_CCC_set=
ac_cv_env_CCC_value=
ac_cv_env_CC_set=
ac_cv_env_CC_value=
ac_cv_env_CFLAGS_set=
ac_cv_env_CFLAGS_value=
ac_cv_env_CPPFLAGS_set=
ac_cv_env_CPPFLAGS_value=
ac_cv_env_CPP_set=
ac_cv_env_CPP_value=
ac_cv_env_CXXCPP_set=
ac_cv_env_CXXCPP_value=
ac_cv_env_CXXFLAGS_set=
ac_cv_env_CXXFLAGS_value=
ac_cv_env_CXX_set=
ac_cv_env_CXX_value=
ac_cv_env_F77_set=
ac_cv_env_F77_value=
ac_cv_env_FFLAGS_set=
ac_cv_env_FFLAGS_value=
ac_cv_env_LDFLAGS_set=
ac_cv_env_LDFLAGS_value=
ac_cv_env_LIBS_set=
ac_cv_env_LIBS_value=
ac_cv_env_PKG_CONFIG_set=
ac_cv_env_PKG_CONFIG_value=
ac_cv_env_build_alias_set=
ac_cv_env_build_alias_value=
ac_cv_env_dbus_CFLAGS_set=
ac_cv_env_dbus_CFLAGS_value=
ac_cv_env_dbus_LIBS_set=
ac_cv_env_dbus_LIBS_value=
ac_cv_env_glib_CFLAGS_set=
ac_cv_env_glib_CFLAGS_value=
ac_cv_env_glib_LIBS_set=
ac_cv_env_glib_LIBS_value=
ac_cv_env_gtkmm_CFLAGS_set=
ac_cv_env_gtkmm_CFLAGS_value=
ac_cv_env_gtkmm_LIBS_set=
ac_cv_env_gtkmm_LIBS_value=
ac_cv_env_host_alias_set=
ac_cv_env_host_alias_value=
ac_cv_env_target_alias_set=
ac_cv_env_target_alias_value=
ac_cv_f77_compiler_gnu=no
ac_cv_header_dlfcn_h=yes
ac_cv_header_expat_h=yes
ac_cv_header_inttypes_h=yes
ac_cv_header_memory_h=yes
ac_cv_header_pthread_h=yes
ac_cv_header_stdc=yes
ac_cv_header_stdint_h=yes
ac_cv_header_stdlib_h=yes
ac_cv_header_string_h=yes
ac_cv_header_strings_h=yes
ac_cv_header_sys_stat_h=yes
ac_cv_header_sys_types_h=yes
ac_cv_header_unistd_h=yes
ac_cv_host=i686-pc-linux-gnu
ac_cv_lib_expat_XML_ParserCreate_MM=yes
ac_cv_lib_pthread_pthread_create=yes
ac_cv_objext=o
ac_cv_path_DOXYGEN=/usr/bin/doxygen
ac_cv_path_EGREP='/bin/grep -E'
ac_cv_path_GREP=/bin/grep
ac_cv_path_ac_pt_PKG_CONFIG=/usr/bin/pkg-config
ac_cv_path_install='/usr/bin/install -c'
ac_cv_prog_AWK=gawk
ac_cv_prog_CPP='gcc -E'
ac_cv_prog_CXXCPP='g++ -E'
ac_cv_prog_ac_ct_AR=ar
ac_cv_prog_ac_ct_CC=gcc
ac_cv_prog_ac_ct_CXX=g++
ac_cv_prog_ac_ct_RANLIB=ranlib
ac_cv_prog_ac_ct_STRIP=strip
ac_cv_prog_cc_c89=
ac_cv_prog_cc_g=yes
ac_cv_prog_cxx_g=yes
ac_cv_prog_f77_g=no
ac_cv_prog_make_make_set=yes
am_cv_CC_dependencies_compiler_type=gcc3
am_cv_CXX_dependencies_compiler_type=gcc3
lt_cv_deplibs_check_method=pass_all
lt_cv_file_magic_cmd='$MAGIC_CMD'
lt_cv_file_magic_test_file=
lt_cv_ld_reload_flag=-r
lt_cv_objdir=.libs
lt_cv_path_LD=/usr/bin/ld
lt_cv_path_LDCXX=/usr/bin/ld
lt_cv_path_NM='/usr/bin/nm -B'
lt_cv_path_SED=/bin/sed
lt_cv_prog_compiler_c_o=yes
lt_cv_prog_compiler_c_o_CXX=yes
lt_cv_prog_compiler_pic_works=yes
lt_cv_prog_compiler_pic_works_CXX=yes
lt_cv_prog_compiler_rtti_exceptions=no
lt_cv_prog_compiler_static_works=yes
lt_cv_prog_compiler_static_works_CXX=yes
lt_cv_prog_gnu_ld=yes
lt_cv_prog_gnu_ldcxx=yes
lt_cv_sys_global_symbol_pipe='sed -n -e '\''s/^.*[ 	]\([ABCDGIRSTW][ABCDGIRSTW]*\)[ 	][ 	]*\([_A-Za-z][_A-Za-z0-9]*\)$/\1 \2 \2/p'\'''
lt_cv_sys_global_symbol_to_c_name_address='sed -n -e '\''s/^: \([^ ]*\) $/  {\"\1\", (lt_ptr) 0},/p'\'' -e '\''s/^[BCDEGRST] \([^ ]*\) \([^ ]*\)$/  {"\2", (lt_ptr) \&\2},/p'\'''
lt_cv_sys_global_symbol_to_cdecl='sed -n -e '\''s/^. .* \(.*\)$/extern int \1;/p'\'''
lt_cv_sys_lib_dlsearch_path_spec='/lib /usr/lib /lib/i486-linux-gnu /usr/lib/i486-linux-gnu /usr/lib/kde4/lib /usr/local/lib '
lt_cv_sys_lib_search_path_spec='/usr/lib/gcc/i486-linux-gnu/4.2.3 /usr/lib /lib'
lt_cv_sys_max_cmd_len=98304
lt_lt_cv_prog_compiler_c_o='"yes"'
lt_lt_cv_prog_compiler_c_o_CXX='"yes"'
lt_lt_cv_sys_global_symbol_pipe='"sed -n -e '\''s/^.*[ 	]\\([ABCDGIRSTW][ABCDGIRSTW]*\\)[ 	][ 	]*\\([_A-Za-z][_A-Za-z0-9]*\\)\$/\\1 \\2 \\2/p'\''"'
lt_lt_cv_sys_global_symbol_to_c_name_address='"sed -n -e '\''s/^: \\([^ ]*\\) \$/  {\\\"\\1\\\", (lt_ptr) 0},/p'\'' -e '\''s/^[BCDEGRST] \\([^ ]*\\) \\([^ ]*\\)\$/  {\"\\2\", (lt_ptr) \\&\\2},/p'\''"'
lt_lt_cv_sys_global_symbol_to_cdecl='"sed -n -e '\''s/^. .* \\(.*\\)\$/extern int \\1;/p'\''"'
pkg_cv_dbus_CFLAGS='-I/usr/include/dbus-1.0 -I/usr/lib/dbus-1.0/include  '
pkg_cv_dbus_LIBS='-ldbus-1  '

## ----------------- ##
## Output variables. ##
## ----------------- ##

ACLOCAL='${SHELL} /home-local/manu/dev/sfl/dbus-c++/missing --run aclocal-1.9'
AMDEPBACKSLASH='\'
AMDEP_FALSE='#'
AMDEP_TRUE=''
AMTAR='${SHELL} /home-local/manu/dev/sfl/dbus-c++/missing --run tar'
AR='ar'
AUTOCONF='${SHELL} /home-local/manu/dev/sfl/dbus-c++/missing --run autoconf'
AUTOHEADER='${SHELL} /home-local/manu/dev/sfl/dbus-c++/missing --run autoheader'
AUTOMAKE='${SHELL} /home-local/manu/dev/sfl/dbus-c++/missing --run automake-1.9'
AWK='gawk'
BUILD_LIBDBUS_CXX_DIR='$(top_builddir)'
CC='gcc'
CCDEPMODE='depmode=gcc3'
CFLAGS='-g -O2'
CPP='gcc -E'
CPPFLAGS=''
CROSS_COMPILING_FALSE=''
CROSS_COMPILING_TRUE='#'
CXX='g++'
CXXCPP='g++ -E'
CXXDEPMODE='depmode=gcc3'
CXXFLAGS='-fvisibility=hidden -Wall -ggdb -O0 -DDEBUG -Wfatal-errors -Werror'
CXX_FOR_BUILD='g++'
CYGPATH_W='echo'
DBUS_DOXYGEN_DOCS_ENABLED_FALSE=''
DBUS_DOXYGEN_DOCS_ENABLED_TRUE='#'
DEFS='-DHAVE_CONFIG_H'
DEPDIR='.deps'
DOXYGEN='/usr/bin/doxygen'
DSYMUTIL=''
ECHO='echo'
ECHO_C=''
ECHO_N='-n'
ECHO_T=''
EGREP='/bin/grep -E'
ENABLE_GLIB_FALSE=''
ENABLE_GLIB_TRUE='#'
EXEEXT=''
F77=''
FFLAGS=''
GREP='/bin/grep'
HAVE_GTKMM_FALSE=''
HAVE_GTKMM_TRUE='#'
INSTALL_DATA='${INSTALL} -m 644'
INSTALL_PROGRAM='${INSTALL}'
INSTALL_SCRIPT='${INSTALL}'
INSTALL_STRIP_PROGRAM='${SHELL} $(install_sh) -c -s'
LDFLAGS=''
LIBOBJS=''
LIBS=''
LIBTOOL='$(SHELL) $(top_builddir)/libtool'
LN_S='ln -s'
LTLIBOBJS=''
MAKEINFO='${SHELL} /home-local/manu/dev/sfl/dbus-c++/missing --run makeinfo'
NMEDIT=''
OBJEXT='o'
PACKAGE='libdbus-c++'
PACKAGE_BUGREPORT='shackan@gmail.com'
PACKAGE_NAME='libdbus-c++'
PACKAGE_STRING='libdbus-c++ 0.5.0'
PACKAGE_TARNAME='libdbus-c--'
PACKAGE_VERSION='0.5.0'
PATH_SEPARATOR=':'
PKG_CONFIG='/usr/bin/pkg-config'
RANLIB='ranlib'
SED='/bin/sed'
SET_MAKE=''
SHELL='/bin/bash'
STRIP='strip'
VERSION='0.5.0'
ac_ct_CC='gcc'
ac_ct_CXX='g++'
ac_ct_F77=''
am__fastdepCC_FALSE='#'
am__fastdepCC_TRUE=''
am__fastdepCXX_FALSE='#'
am__fastdepCXX_TRUE=''
am__include='include'
am__leading_dot='.'
am__quote=''
am__tar='${AMTAR} chof - "$$tardir"'
am__untar='${AMTAR} xf -'
bindir='${exec_prefix}/bin'
build='i686-pc-linux-gnu'
build_alias=''
build_cpu='i686'
build_os='linux-gnu'
build_vendor='pc'
datadir='${datarootdir}'
datarootdir='${prefix}/share'
dbus_CFLAGS='-I/usr/include/dbus-1.0 -I/usr/lib/dbus-1.0/include  '
dbus_LIBS='-ldbus-1  '
docdir='${datarootdir}/doc/${PACKAGE_TARNAME}'
dvidir='${docdir}'
exec_prefix='${prefix}'
glib_CFLAGS=''
glib_LIBS=''
gtkmm_CFLAGS=''
gtkmm_LIBS=''
host='i686-pc-linux-gnu'
host_alias=''
host_cpu='i686'
host_os='linux-gnu'
host_vendor='pc'
htmldir='${docdir}'
includedir='${prefix}/include'
infodir='${datarootdir}/info'
install_sh='/home-local/manu/dev/sfl/dbus-c++/install-sh'
libdir='${exec_prefix}/lib'
libexecdir='${exec_prefix}/libexec'
localedir='${datarootdir}/locale'
localstatedir='${prefix}/var'
mandir='${datarootdir}/man'
mkdir_p='mkdir -p --'
oldincludedir='/usr/include'
pdfdir='${docdir}'
prefix='/usr'
program_transform_name='s,x,x,'
psdir='${docdir}'
sbindir='${exec_prefix}/sbin'
sharedstatedir='${prefix}/com'
sysconfdir='${prefix}/etc'
target_alias=''
xml_CFLAGS=''
xml_LIBS='-lexpat'

## ----------- ##
## confdefs.h. ##
## ----------- ##

#define PACKAGE_NAME "libdbus-c++"
#define PACKAGE_TARNAME "libdbus-c--"
#define PACKAGE_VERSION "0.5.0"
#define PACKAGE_STRING "libdbus-c++ 0.5.0"
#define PACKAGE_BUGREPORT "shackan@gmail.com"
#define PACKAGE "libdbus-c++"
#define VERSION "0.5.0"
#define STDC_HEADERS 1
#define HAVE_SYS_TYPES_H 1
#define HAVE_SYS_STAT_H 1
#define HAVE_STDLIB_H 1
#define HAVE_STRING_H 1
#define HAVE_MEMORY_H 1
#define HAVE_STRINGS_H 1
#define HAVE_INTTYPES_H 1
#define HAVE_STDINT_H 1
#define HAVE_UNISTD_H 1
#define HAVE_DLFCN_H 1
#define GCC_HASCLASSVISIBILITY 1
#define DBUS_HAS_THREADS_INIT_DEFAULT
#define DBUS_HAS_RECURSIVE_MUTEX
#define HAVE_EXPAT_H 1
#define HAVE_PTHREAD_H 1

configure: exit 0
