This file contains any messages produced by compilers while
running configure, to aid debugging if configure makes a mistake.

It was created by pjproject aconfigure 1.0, which was
generated by GNU Autoconf 2.59.  Invocation command line was

  $ ./aconfigure 

## --------- ##
## Platform. ##
## --------- ##

hostname = emilou-desktop
uname -m = x86_64
uname -r = 2.6.28-11-generic
uname -s = Linux
uname -v = #42-Ubuntu SMP Fri Apr 17 01:58:03 UTC 2009

/usr/bin/uname -p = unknown
/bin/uname -X     = unknown

/bin/arch              = unknown
/usr/bin/arch -k       = unknown
/usr/convex/getsysinfo = unknown
hostinfo               = unknown
/bin/machine           = unknown
/usr/bin/oslevel       = unknown
/bin/universe          = unknown

PATH: /usr/local/sbin
PATH: /usr/local/bin
PATH: /usr/sbin
PATH: /usr/bin
PATH: /sbin
PATH: /bin
PATH: /usr/games
PATH: /usr/local/share/OpenSceneGraph/bin


## ----------- ##
## Core tests. ##
## ----------- ##

aconfigure:1377: checking build system type
aconfigure:1395: result: x86_64-unknown-linux-gnu
aconfigure:1403: checking host system type
aconfigure:1417: result: x86_64-unknown-linux-gnu
aconfigure:1425: checking target system type
aconfigure:1439: result: x86_64-unknown-linux-gnu
aconfigure:1513: checking for gcc
aconfigure:1529: found /usr/bin/gcc
aconfigure:1539: result: gcc
aconfigure:1783: checking for C compiler version
aconfigure:1786: gcc --version </dev/null >&5
gcc (Ubuntu 4.3.3-5ubuntu4) 4.3.3
Copyright (C) 2008 Free Software Foundation, Inc.
This is free software; see the source for copying conditions.  There is NO
warranty; not even for MERCHANTABILITY or FITNESS FOR A PARTICULAR PURPOSE.

aconfigure:1789: $? = 0
aconfigure:1791: gcc -v </dev/null >&5
Using built-in specs.
Target: x86_64-linux-gnu
Configured with: ../src/configure -v --with-pkgversion='Ubuntu 4.3.3-5ubuntu4' --with-bugurl=file:///usr/share/doc/gcc-4.3/README.Bugs --enable-languages=c,c++,fortran,objc,obj-c++ --prefix=/usr --enable-shared --with-system-zlib --libexecdir=/usr/lib --without-included-gettext --enable-threads=posix --enable-nls --with-gxx-include-dir=/usr/include/c++/4.3 --program-suffix=-4.3 --enable-clocale=gnu --enable-libstdcxx-debug --enable-objc-gc --enable-mpfr --with-tune=generic --enable-checking=release --build=x86_64-linux-gnu --host=x86_64-linux-gnu --target=x86_64-linux-gnu
Thread model: posix
gcc version 4.3.3 (Ubuntu 4.3.3-5ubuntu4) 
aconfigure:1794: $? = 0
aconfigure:1796: gcc -V </dev/null >&5
gcc: '-V' option must have argument
aconfigure:1799: $? = 1
aconfigure:1822: checking for C compiler default output file name
aconfigure:1825: gcc -O2   conftest.c  >&5
aconfigure:1828: $? = 0
aconfigure:1874: result: a.out
aconfigure:1879: checking whether the C compiler works
aconfigure:1885: ./a.out
aconfigure:1888: $? = 0
aconfigure:1905: result: yes
aconfigure:1912: checking whether we are cross compiling
aconfigure:1914: result: no
aconfigure:1917: checking for suffix of executables
aconfigure:1919: gcc -o conftest -O2   conftest.c  >&5
aconfigure:1922: $? = 0
aconfigure:1947: result: 
aconfigure:1953: checking for suffix of object files
aconfigure:1974: gcc -c -O2  conftest.c >&5
aconfigure:1977: $? = 0
aconfigure:1999: result: o
aconfigure:2003: checking whether we are using the GNU C compiler
aconfigure:2027: gcc -c -O2  conftest.c >&5
aconfigure:2033: $? = 0
aconfigure:2037: test -z 
			 || test ! -s conftest.err
aconfigure:2040: $? = 0
aconfigure:2043: test -s conftest.o
aconfigure:2046: $? = 0
aconfigure:2059: result: yes
aconfigure:2065: checking whether gcc accepts -g
aconfigure:2086: gcc -c -g  conftest.c >&5
aconfigure:2092: $? = 0
aconfigure:2096: test -z 
			 || test ! -s conftest.err
aconfigure:2099: $? = 0
aconfigure:2102: test -s conftest.o
aconfigure:2105: $? = 0
aconfigure:2116: result: yes
aconfigure:2133: checking for gcc option to accept ANSI C
aconfigure:2203: gcc  -c -O2  conftest.c >&5
aconfigure:2209: $? = 0
aconfigure:2213: test -z 
			 || test ! -s conftest.err
aconfigure:2216: $? = 0
aconfigure:2219: test -s conftest.o
aconfigure:2222: $? = 0
aconfigure:2240: result: none needed
aconfigure:2258: gcc -c -O2  conftest.c >&5
conftest.c:2: error: expected '=', ',', ';', 'asm' or '__attribute__' before 'me'
aconfigure:2264: $? = 1
aconfigure: failed program was:
| #ifndef __cplusplus
|   choke me
| #endif
aconfigure:2449: checking for g++
aconfigure:2465: found /usr/bin/g++
aconfigure:2475: result: g++
aconfigure:2491: checking for C++ compiler version
aconfigure:2494: g++ --version </dev/null >&5
g++ (Ubuntu 4.3.3-5ubuntu4) 4.3.3
Copyright (C) 2008 Free Software Foundation, Inc.
This is free software; see the source for copying conditions.  There is NO
warranty; not even for MERCHANTABILITY or FITNESS FOR A PARTICULAR PURPOSE.

aconfigure:2497: $? = 0
aconfigure:2499: g++ -v </dev/null >&5
Using built-in specs.
Target: x86_64-linux-gnu
Configured with: ../src/configure -v --with-pkgversion='Ubuntu 4.3.3-5ubuntu4' --with-bugurl=file:///usr/share/doc/gcc-4.3/README.Bugs --enable-languages=c,c++,fortran,objc,obj-c++ --prefix=/usr --enable-shared --with-system-zlib --libexecdir=/usr/lib --without-included-gettext --enable-threads=posix --enable-nls --with-gxx-include-dir=/usr/include/c++/4.3 --program-suffix=-4.3 --enable-clocale=gnu --enable-libstdcxx-debug --enable-objc-gc --enable-mpfr --with-tune=generic --enable-checking=release --build=x86_64-linux-gnu --host=x86_64-linux-gnu --target=x86_64-linux-gnu
Thread model: posix
gcc version 4.3.3 (Ubuntu 4.3.3-5ubuntu4) 
aconfigure:2502: $? = 0
aconfigure:2504: g++ -V </dev/null >&5
g++: '-V' option must have argument
aconfigure:2507: $? = 1
aconfigure:2510: checking whether we are using the GNU C++ compiler
aconfigure:2534: g++ -c -O2   conftest.cc >&5
aconfigure:2540: $? = 0
aconfigure:2544: test -z 
			 || test ! -s conftest.err
aconfigure:2547: $? = 0
aconfigure:2550: test -s conftest.o
aconfigure:2553: $? = 0
aconfigure:2566: result: yes
aconfigure:2572: checking whether g++ accepts -g
aconfigure:2593: g++ -c -g  conftest.cc >&5
aconfigure:2599: $? = 0
aconfigure:2603: test -z 
			 || test ! -s conftest.err
aconfigure:2606: $? = 0
aconfigure:2609: test -s conftest.o
aconfigure:2612: $? = 0
aconfigure:2623: result: yes
aconfigure:2665: g++ -c -O2   conftest.cc >&5
aconfigure:2671: $? = 0
aconfigure:2675: test -z 
			 || test ! -s conftest.err
aconfigure:2678: $? = 0
aconfigure:2681: test -s conftest.o
aconfigure:2684: $? = 0
aconfigure:2710: g++ -c -O2   conftest.cc >&5
conftest.cc: In function 'int main()':
conftest.cc:13: error: 'exit' was not declared in this scope
aconfigure:2716: $? = 1
aconfigure: failed program was:
| /* confdefs.h.  */
| 
| #define PACKAGE_NAME "pjproject"
| #define PACKAGE_TARNAME "pjproject"
| #define PACKAGE_VERSION "1.0"
| #define PACKAGE_STRING "pjproject 1.0"
| #define PACKAGE_BUGREPORT ""
| /* end confdefs.h.  */
| 
| int
| main ()
| {
| exit (42);
|   ;
|   return 0;
| }
aconfigure:2665: g++ -c -O2   conftest.cc >&5
conftest.cc:9: error: 'void std::exit(int)' should have been declared inside 'std'
aconfigure:2671: $? = 1
aconfigure: failed program was:
| /* confdefs.h.  */
| 
| #define PACKAGE_NAME "pjproject"
| #define PACKAGE_TARNAME "pjproject"
| #define PACKAGE_VERSION "1.0"
| #define PACKAGE_STRING "pjproject 1.0"
| #define PACKAGE_BUGREPORT ""
| /* end confdefs.h.  */
| extern "C" void std::exit (int) throw (); using std::exit;
| #include <stdlib.h>
| int
| main ()
| {
| exit (42);
|   ;
|   return 0;
| }
aconfigure:2665: g++ -c -O2   conftest.cc >&5
conftest.cc:9: error: 'void std::exit(int)' should have been declared inside 'std'
In file included from conftest.cc:10:
/usr/include/stdlib.h:531: error: declaration of 'void std::exit(int) throw ()' throws different exceptions
conftest.cc:9: error: from previous declaration 'void std::exit(int)'
aconfigure:2671: $? = 1
aconfigure: failed program was:
| /* confdefs.h.  */
| 
| #define PACKAGE_NAME "pjproject"
| #define PACKAGE_TARNAME "pjproject"
| #define PACKAGE_VERSION "1.0"
| #define PACKAGE_STRING "pjproject 1.0"
| #define PACKAGE_BUGREPORT ""
| /* end confdefs.h.  */
| extern "C" void std::exit (int); using std::exit;
| #include <stdlib.h>
| int
| main ()
| {
| exit (42);
|   ;
|   return 0;
| }
aconfigure:2665: g++ -c -O2   conftest.cc >&5
aconfigure:2671: $? = 0
aconfigure:2675: test -z 
			 || test ! -s conftest.err
aconfigure:2678: $? = 0
aconfigure:2681: test -s conftest.o
aconfigure:2684: $? = 0
aconfigure:2710: g++ -c -O2   conftest.cc >&5
aconfigure:2716: $? = 0
aconfigure:2720: test -z 
			 || test ! -s conftest.err
aconfigure:2723: $? = 0
aconfigure:2726: test -s conftest.o
aconfigure:2729: $? = 0
aconfigure:2772: checking for pthread_create in -lpthread
aconfigure:2802: gcc -o conftest -O2   conftest.c -lpthread   >&5
aconfigure:2808: $? = 0
aconfigure:2812: test -z 
			 || test ! -s conftest.err
aconfigure:2815: $? = 0
aconfigure:2818: test -s conftest
aconfigure:2821: $? = 0
aconfigure:2834: result: yes
aconfigure:2846: checking for puts in -lwsock32
aconfigure:2876: gcc -o conftest -O2   conftest.c -lwsock32  -lpthread  >&5
conftest.c:20: warning: conflicting types for built-in function 'puts'
/usr/bin/ld: cannot find -lwsock32
collect2: ld returned 1 exit status
aconfigure:2882: $? = 1
aconfigure: failed program was:
| /* confdefs.h.  */
| 
| #define PACKAGE_NAME "pjproject"
| #define PACKAGE_TARNAME "pjproject"
| #define PACKAGE_VERSION "1.0"
| #define PACKAGE_STRING "pjproject 1.0"
| #define PACKAGE_BUGREPORT ""
| #ifdef __cplusplus
| extern "C" void exit (int) throw ();
| #endif
| #define HAVE_LIBPTHREAD 1
| /* end confdefs.h.  */
| 
| /* Override any gcc2 internal prototype to avoid an error.  */
| #ifdef __cplusplus
| extern "C"
| #endif
| /* We use char because int might match the return type of a gcc2
|    builtin and then its argument prototype would still apply.  */
| char puts ();
| int
| main ()
| {
| puts ();
|   ;
|   return 0;
| }
aconfigure:2908: result: no
aconfigure:2920: checking for puts in -lws2_32
aconfigure:2950: gcc -o conftest -O2   conftest.c -lws2_32  -lpthread  >&5
conftest.c:20: warning: conflicting types for built-in function 'puts'
/usr/bin/ld: cannot find -lws2_32
collect2: ld returned 1 exit status
aconfigure:2956: $? = 1
aconfigure: failed program was:
| /* confdefs.h.  */
| 
| #define PACKAGE_NAME "pjproject"
| #define PACKAGE_TARNAME "pjproject"
| #define PACKAGE_VERSION "1.0"
| #define PACKAGE_STRING "pjproject 1.0"
| #define PACKAGE_BUGREPORT ""
| #ifdef __cplusplus
| extern "C" void exit (int) throw ();
| #endif
| #define HAVE_LIBPTHREAD 1
| /* end confdefs.h.  */
| 
| /* Override any gcc2 internal prototype to avoid an error.  */
| #ifdef __cplusplus
| extern "C"
| #endif
| /* We use char because int might match the return type of a gcc2
|    builtin and then its argument prototype would still apply.  */
| char puts ();
| int
| main ()
| {
| puts ();
|   ;
|   return 0;
| }
aconfigure:2982: result: no
aconfigure:2994: checking for puts in -lole32
aconfigure:3024: gcc -o conftest -O2   conftest.c -lole32  -lpthread  >&5
conftest.c:20: warning: conflicting types for built-in function 'puts'
/usr/bin/ld: cannot find -lole32
collect2: ld returned 1 exit status
aconfigure:3030: $? = 1
aconfigure: failed program was:
| /* confdefs.h.  */
| 
| #define PACKAGE_NAME "pjproject"
| #define PACKAGE_TARNAME "pjproject"
| #define PACKAGE_VERSION "1.0"
| #define PACKAGE_STRING "pjproject 1.0"
| #define PACKAGE_BUGREPORT ""
| #ifdef __cplusplus
| extern "C" void exit (int) throw ();
| #endif
| #define HAVE_LIBPTHREAD 1
| /* end confdefs.h.  */
| 
| /* Override any gcc2 internal prototype to avoid an error.  */
| #ifdef __cplusplus
| extern "C"
| #endif
| /* We use char because int might match the return type of a gcc2
|    builtin and then its argument prototype would still apply.  */
| char puts ();
| int
| main ()
| {
| puts ();
|   ;
|   return 0;
| }
aconfigure:3056: result: no
aconfigure:3068: checking for puts in -lwinmm
aconfigure:3098: gcc -o conftest -O2   conftest.c -lwinmm  -lpthread  >&5
conftest.c:20: warning: conflicting types for built-in function 'puts'
/usr/bin/ld: cannot find -lwinmm
collect2: ld returned 1 exit status
aconfigure:3104: $? = 1
aconfigure: failed program was:
| /* confdefs.h.  */
| 
| #define PACKAGE_NAME "pjproject"
| #define PACKAGE_TARNAME "pjproject"
| #define PACKAGE_VERSION "1.0"
| #define PACKAGE_STRING "pjproject 1.0"
| #define PACKAGE_BUGREPORT ""
| #ifdef __cplusplus
| extern "C" void exit (int) throw ();
| #endif
| #define HAVE_LIBPTHREAD 1
| /* end confdefs.h.  */
| 
| /* Override any gcc2 internal prototype to avoid an error.  */
| #ifdef __cplusplus
| extern "C"
| #endif
| /* We use char because int might match the return type of a gcc2
|    builtin and then its argument prototype would still apply.  */
| char puts ();
| int
| main ()
| {
| puts ();
|   ;
|   return 0;
| }
aconfigure:3130: result: no
aconfigure:3142: checking for puts in -lsocket
aconfigure:3172: gcc -o conftest -O2   conftest.c -lsocket  -lpthread  >&5
conftest.c:20: warning: conflicting types for built-in function 'puts'
/usr/bin/ld: cannot find -lsocket
collect2: ld returned 1 exit status
aconfigure:3178: $? = 1
aconfigure: failed program was:
| /* confdefs.h.  */
| 
| #define PACKAGE_NAME "pjproject"
| #define PACKAGE_TARNAME "pjproject"
| #define PACKAGE_VERSION "1.0"
| #define PACKAGE_STRING "pjproject 1.0"
| #define PACKAGE_BUGREPORT ""
| #ifdef __cplusplus
| extern "C" void exit (int) throw ();
| #endif
| #define HAVE_LIBPTHREAD 1
| /* end confdefs.h.  */
| 
| /* Override any gcc2 internal prototype to avoid an error.  */
| #ifdef __cplusplus
| extern "C"
| #endif
| /* We use char because int might match the return type of a gcc2
|    builtin and then its argument prototype would still apply.  */
| char puts ();
| int
| main ()
| {
| puts ();
|   ;
|   return 0;
| }
aconfigure:3204: result: no
aconfigure:3216: checking for puts in -lrt
aconfigure:3246: gcc -o conftest -O2   conftest.c -lrt  -lpthread  >&5
conftest.c:20: warning: conflicting types for built-in function 'puts'
aconfigure:3252: $? = 0
aconfigure:3256: test -z 
			 || test ! -s conftest.err
aconfigure:3259: $? = 0
aconfigure:3262: test -s conftest
aconfigure:3265: $? = 0
aconfigure:3278: result: yes
aconfigure:3290: checking for puts in -lnsl
aconfigure:3320: gcc -o conftest -O2   conftest.c -lnsl  -lrt -lpthread  >&5
conftest.c:21: warning: conflicting types for built-in function 'puts'
aconfigure:3326: $? = 0
aconfigure:3330: test -z 
			 || test ! -s conftest.err
aconfigure:3333: $? = 0
aconfigure:3336: test -s conftest
aconfigure:3339: $? = 0
aconfigure:3352: result: yes
aconfigure:3364: checking for uuid_generate in -luuid
aconfigure:3394: gcc -o conftest -O2   conftest.c -luuid  -lnsl -lrt -lpthread  >&5
aconfigure:3400: $? = 0
aconfigure:3404: test -z 
			 || test ! -s conftest.err
aconfigure:3407: $? = 0
aconfigure:3410: test -s conftest
aconfigure:3413: $? = 0
aconfigure:3426: result: yes
aconfigure:3437: checking for uuid_generate in -luuid
aconfigure:3499: result: yes
aconfigure:3506: result: Setting PJ_M_NAME to x86_64
aconfigure:3513: checking memory alignment
aconfigure:3521: result: 8 bytes
aconfigure:3535: checking whether byte ordering is bigendian
aconfigure:3562: gcc -c -O2  conftest.c >&5
aconfigure:3568: $? = 0
aconfigure:3572: test -z 
			 || test ! -s conftest.err
aconfigure:3575: $? = 0
aconfigure:3578: test -s conftest.o
aconfigure:3581: $? = 0
aconfigure:3605: gcc -c -O2  conftest.c >&5
conftest.c: In function 'main':
conftest.c:25: error: 'not' undeclared (first use in this function)
conftest.c:25: error: (Each undeclared identifier is reported only once
conftest.c:25: error: for each function it appears in.)
conftest.c:25: error: expected ';' before 'big'
aconfigure:3611: $? = 1
aconfigure: failed program was:
| /* confdefs.h.  */
| 
| #define PACKAGE_NAME "pjproject"
| #define PACKAGE_TARNAME "pjproject"
| #define PACKAGE_VERSION "1.0"
| #define PACKAGE_STRING "pjproject 1.0"
| #define PACKAGE_BUGREPORT ""
| #ifdef __cplusplus
| extern "C" void exit (int) throw ();
| #endif
| #define HAVE_LIBPTHREAD 1
| #define HAVE_LIBRT 1
| #define HAVE_LIBNSL 1
| #define HAVE_LIBUUID 1
| #define PJ_M_NAME "x86_64"
| #define PJ_POOL_ALIGNMENT 8
| /* end confdefs.h.  */
| #include <sys/types.h>
| #include <sys/param.h>
| 
| int
| main ()
| {
| #if BYTE_ORDER != BIG_ENDIAN
|  not big endian
| #endif
| 
|   ;
|   return 0;
| }
aconfigure:3746: result: no
aconfigure:3829: result: Checking if floating point is disabled... no
aconfigure:3832: checking for fmod in -lm
aconfigure:3862: gcc -o conftest -O2   conftest.c -lm  -luuid -lnsl -lrt -lpthread  >&5
conftest.c:27: warning: conflicting types for built-in function 'fmod'
aconfigure:3868: $? = 0
aconfigure:3872: test -z 
			 || test ! -s conftest.err
aconfigure:3875: $? = 0
aconfigure:3878: test -s conftest
aconfigure:3881: $? = 0
aconfigure:3894: result: yes
aconfigure:3914: checking how to run the C preprocessor
aconfigure:3949: gcc -E  conftest.c
aconfigure:3955: $? = 0
aconfigure:3987: gcc -E  conftest.c
conftest.c:21:28: error: ac_nonexistent.h: No such file or directory
aconfigure:3993: $? = 1
aconfigure: failed program was:
| /* confdefs.h.  */
| 
| #define PACKAGE_NAME "pjproject"
| #define PACKAGE_TARNAME "pjproject"
| #define PACKAGE_VERSION "1.0"
| #define PACKAGE_STRING "pjproject 1.0"
| #define PACKAGE_BUGREPORT ""
| #ifdef __cplusplus
| extern "C" void exit (int) throw ();
| #endif
| #define HAVE_LIBPTHREAD 1
| #define HAVE_LIBRT 1
| #define HAVE_LIBNSL 1
| #define HAVE_LIBUUID 1
| #define PJ_M_NAME "x86_64"
| #define PJ_POOL_ALIGNMENT 8
| #define PJ_LINUX 1
| #define PJ_HAS_FLOATING_POINT 1
| #define HAVE_LIBM 1
| /* end confdefs.h.  */
| #include <ac_nonexistent.h>
aconfigure:4032: result: gcc -E
aconfigure:4056: gcc -E  conftest.c
aconfigure:4062: $? = 0
aconfigure:4094: gcc -E  conftest.c
conftest.c:21:28: error: ac_nonexistent.h: No such file or directory
aconfigure:4100: $? = 1
aconfigure: failed program was:
| /* confdefs.h.  */
| 
| #define PACKAGE_NAME "pjproject"
| #define PACKAGE_TARNAME "pjproject"
| #define PACKAGE_VERSION "1.0"
| #define PACKAGE_STRING "pjproject 1.0"
| #define PACKAGE_BUGREPORT ""
| #ifdef __cplusplus
| extern "C" void exit (int) throw ();
| #endif
| #define HAVE_LIBPTHREAD 1
| #define HAVE_LIBRT 1
| #define HAVE_LIBNSL 1
| #define HAVE_LIBUUID 1
| #define PJ_M_NAME "x86_64"
| #define PJ_POOL_ALIGNMENT 8
| #define PJ_LINUX 1
| #define PJ_HAS_FLOATING_POINT 1
| #define HAVE_LIBM 1
| /* end confdefs.h.  */
| #include <ac_nonexistent.h>
aconfigure:4144: checking for egrep
aconfigure:4154: result: grep -E
aconfigure:4159: checking for ANSI C header files
aconfigure:4184: gcc -c -O2  conftest.c >&5
aconfigure:4190: $? = 0
aconfigure:4194: test -z 
			 || test ! -s conftest.err
aconfigure:4197: $? = 0
aconfigure:4200: test -s conftest.o
aconfigure:4203: $? = 0
aconfigure:4292: gcc -o conftest -O2   conftest.c -lm -luuid -lnsl -lrt -lpthread  >&5
conftest.c: In function 'main':
conftest.c:38: warning: incompatible implicit declaration of built-in function 'exit'
aconfigure:4295: $? = 0
aconfigure:4297: ./conftest
aconfigure:4300: $? = 0
aconfigure:4315: result: yes
aconfigure:4339: checking for sys/types.h
aconfigure:4355: gcc -c -O2  conftest.c >&5
aconfigure:4361: $? = 0
aconfigure:4365: test -z 
			 || test ! -s conftest.err
aconfigure:4368: $? = 0
aconfigure:4371: test -s conftest.o
aconfigure:4374: $? = 0
aconfigure:4385: result: yes
aconfigure:4339: checking for sys/stat.h
aconfigure:4355: gcc -c -O2  conftest.c >&5
aconfigure:4361: $? = 0
aconfigure:4365: test -z 
			 || test ! -s conftest.err
aconfigure:4368: $? = 0
aconfigure:4371: test -s conftest.o
aconfigure:4374: $? = 0
aconfigure:4385: result: yes
aconfigure:4339: checking for stdlib.h
aconfigure:4355: gcc -c -O2  conftest.c >&5
aconfigure:4361: $? = 0
aconfigure:4365: test -z 
			 || test ! -s conftest.err
aconfigure:4368: $? = 0
aconfigure:4371: test -s conftest.o
aconfigure:4374: $? = 0
aconfigure:4385: result: yes
aconfigure:4339: checking for string.h
aconfigure:4355: gcc -c -O2  conftest.c >&5
aconfigure:4361: $? = 0
aconfigure:4365: test -z 
			 || test ! -s conftest.err
aconfigure:4368: $? = 0
aconfigure:4371: test -s conftest.o
aconfigure:4374: $? = 0
aconfigure:4385: result: yes
aconfigure:4339: checking for memory.h
aconfigure:4355: gcc -c -O2  conftest.c >&5
aconfigure:4361: $? = 0
aconfigure:4365: test -z 
			 || test ! -s conftest.err
aconfigure:4368: $? = 0
aconfigure:4371: test -s conftest.o
aconfigure:4374: $? = 0
aconfigure:4385: result: yes
aconfigure:4339: checking for strings.h
aconfigure:4355: gcc -c -O2  conftest.c >&5
aconfigure:4361: $? = 0
aconfigure:4365: test -z 
			 || test ! -s conftest.err
aconfigure:4368: $? = 0
aconfigure:4371: test -s conftest.o
aconfigure:4374: $? = 0
aconfigure:4385: result: yes
aconfigure:4339: checking for inttypes.h
aconfigure:4355: gcc -c -O2  conftest.c >&5
aconfigure:4361: $? = 0
aconfigure:4365: test -z 
			 || test ! -s conftest.err
aconfigure:4368: $? = 0
aconfigure:4371: test -s conftest.o
aconfigure:4374: $? = 0
aconfigure:4385: result: yes
aconfigure:4339: checking for stdint.h
aconfigure:4355: gcc -c -O2  conftest.c >&5
aconfigure:4361: $? = 0
aconfigure:4365: test -z 
			 || test ! -s conftest.err
aconfigure:4368: $? = 0
aconfigure:4371: test -s conftest.o
aconfigure:4374: $? = 0
aconfigure:4385: result: yes
aconfigure:4339: checking for unistd.h
aconfigure:4355: gcc -c -O2  conftest.c >&5
aconfigure:4361: $? = 0
aconfigure:4365: test -z 
			 || test ! -s conftest.err
aconfigure:4368: $? = 0
aconfigure:4371: test -s conftest.o
aconfigure:4374: $? = 0
aconfigure:4385: result: yes
aconfigure:4407: checking arpa/inet.h usability
aconfigure:4419: gcc -c -O2  conftest.c >&5
aconfigure:4425: $? = 0
aconfigure:4429: test -z 
			 || test ! -s conftest.err
aconfigure:4432: $? = 0
aconfigure:4435: test -s conftest.o
aconfigure:4438: $? = 0
aconfigure:4448: result: yes
aconfigure:4452: checking arpa/inet.h presence
aconfigure:4462: gcc -E  conftest.c
aconfigure:4468: $? = 0
aconfigure:4488: result: yes
aconfigure:4523: checking for arpa/inet.h
aconfigure:4530: result: yes
aconfigure:4552: checking assert.h usability
aconfigure:4564: gcc -c -O2  conftest.c >&5
aconfigure:4570: $? = 0
aconfigure:4574: test -z 
			 || test ! -s conftest.err
aconfigure:4577: $? = 0
aconfigure:4580: test -s conftest.o
aconfigure:4583: $? = 0
aconfigure:4593: result: yes
aconfigure:4597: checking assert.h presence
aconfigure:4607: gcc -E  conftest.c
aconfigure:4613: $? = 0
aconfigure:4633: result: yes
aconfigure:4668: checking for assert.h
aconfigure:4675: result: yes
aconfigure:4697: checking ctype.h usability
aconfigure:4709: gcc -c -O2  conftest.c >&5
aconfigure:4715: $? = 0
aconfigure:4719: test -z 
			 || test ! -s conftest.err
aconfigure:4722: $? = 0
aconfigure:4725: test -s conftest.o
aconfigure:4728: $? = 0
aconfigure:4738: result: yes
aconfigure:4742: checking ctype.h presence
aconfigure:4752: gcc -E  conftest.c
aconfigure:4758: $? = 0
aconfigure:4778: result: yes
aconfigure:4813: checking for ctype.h
aconfigure:4820: result: yes
aconfigure:4851: checking errno.h usability
aconfigure:4863: gcc -c -O2  conftest.c >&5
aconfigure:4869: $? = 0
aconfigure:4873: test -z 
			 || test ! -s conftest.err
aconfigure:4876: $? = 0
aconfigure:4879: test -s conftest.o
aconfigure:4882: $? = 0
aconfigure:4892: result: yes
aconfigure:4896: checking errno.h presence
aconfigure:4906: gcc -E  conftest.c
aconfigure:4912: $? = 0
aconfigure:4932: result: yes
aconfigure:4967: checking for errno.h
aconfigure:4974: result: yes
aconfigure:4999: checking fcntl.h usability
aconfigure:5011: gcc -c -O2  conftest.c >&5
aconfigure:5017: $? = 0
aconfigure:5021: test -z 
			 || test ! -s conftest.err
aconfigure:5024: $? = 0
aconfigure:5027: test -s conftest.o
aconfigure:5030: $? = 0
aconfigure:5040: result: yes
aconfigure:5044: checking fcntl.h presence
aconfigure:5054: gcc -E  conftest.c
aconfigure:5060: $? = 0
aconfigure:5080: result: yes
aconfigure:5115: checking for fcntl.h
aconfigure:5122: result: yes
aconfigure:5144: checking linux/socket.h usability
aconfigure:5156: gcc -c -O2  conftest.c >&5
aconfigure:5162: $? = 0
aconfigure:5166: test -z 
			 || test ! -s conftest.err
aconfigure:5169: $? = 0
aconfigure:5172: test -s conftest.o
aconfigure:5175: $? = 0
aconfigure:5185: result: yes
aconfigure:5189: checking linux/socket.h presence
aconfigure:5199: gcc -E  conftest.c
aconfigure:5205: $? = 0
aconfigure:5225: result: yes
aconfigure:5260: checking for linux/socket.h
aconfigure:5267: result: yes
aconfigure:5289: checking malloc.h usability
aconfigure:5301: gcc -c -O2  conftest.c >&5
aconfigure:5307: $? = 0
aconfigure:5311: test -z 
			 || test ! -s conftest.err
aconfigure:5314: $? = 0
aconfigure:5317: test -s conftest.o
aconfigure:5320: $? = 0
aconfigure:5330: result: yes
aconfigure:5334: checking malloc.h presence
aconfigure:5344: gcc -E  conftest.c
aconfigure:5350: $? = 0
aconfigure:5370: result: yes
aconfigure:5405: checking for malloc.h
aconfigure:5412: result: yes
aconfigure:5434: checking netdb.h usability
aconfigure:5446: gcc -c -O2  conftest.c >&5
aconfigure:5452: $? = 0
aconfigure:5456: test -z 
			 || test ! -s conftest.err
aconfigure:5459: $? = 0
aconfigure:5462: test -s conftest.o
aconfigure:5465: $? = 0
aconfigure:5475: result: yes
aconfigure:5479: checking netdb.h presence
aconfigure:5489: gcc -E  conftest.c
aconfigure:5495: $? = 0
aconfigure:5515: result: yes
aconfigure:5550: checking for netdb.h
aconfigure:5557: result: yes
aconfigure:5579: checking netinet/in_systm.h usability
aconfigure:5591: gcc -c -O2  conftest.c >&5
aconfigure:5597: $? = 0
aconfigure:5601: test -z 
			 || test ! -s conftest.err
aconfigure:5604: $? = 0
aconfigure:5607: test -s conftest.o
aconfigure:5610: $? = 0
aconfigure:5620: result: yes
aconfigure:5624: checking netinet/in_systm.h presence
aconfigure:5634: gcc -E  conftest.c
aconfigure:5640: $? = 0
aconfigure:5660: result: yes
aconfigure:5695: checking for netinet/in_systm.h
aconfigure:5702: result: yes
aconfigure:5724: checking netinet/in.h usability
aconfigure:5736: gcc -c -O2  conftest.c >&5
aconfigure:5742: $? = 0
aconfigure:5746: test -z 
			 || test ! -s conftest.err
aconfigure:5749: $? = 0
aconfigure:5752: test -s conftest.o
aconfigure:5755: $? = 0
aconfigure:5765: result: yes
aconfigure:5769: checking netinet/in.h presence
aconfigure:5779: gcc -E  conftest.c
aconfigure:5785: $? = 0
aconfigure:5805: result: yes
aconfigure:5840: checking for netinet/in.h
aconfigure:5847: result: yes
aconfigure:5859: checking for netinet/ip.h
aconfigure:5878: gcc -c -O2  conftest.c >&5
aconfigure:5884: $? = 0
aconfigure:5888: test -z 
			 || test ! -s conftest.err
aconfigure:5891: $? = 0
aconfigure:5894: test -s conftest.o
aconfigure:5897: $? = 0
aconfigure:5908: result: yes
aconfigure:5928: checking ifaddrs.h usability
aconfigure:5940: gcc -c -O2  conftest.c >&5
aconfigure:5946: $? = 0
aconfigure:5950: test -z 
			 || test ! -s conftest.err
aconfigure:5953: $? = 0
aconfigure:5956: test -s conftest.o
aconfigure:5959: $? = 0
aconfigure:5969: result: yes
aconfigure:5973: checking ifaddrs.h presence
aconfigure:5983: gcc -E  conftest.c
aconfigure:5989: $? = 0
aconfigure:6009: result: yes
aconfigure:6044: checking for ifaddrs.h
aconfigure:6051: result: yes
aconfigure:6073: checking semaphore.h usability
aconfigure:6085: gcc -c -O2  conftest.c >&5
aconfigure:6091: $? = 0
aconfigure:6095: test -z 
			 || test ! -s conftest.err
aconfigure:6098: $? = 0
aconfigure:6101: test -s conftest.o
aconfigure:6104: $? = 0
aconfigure:6114: result: yes
aconfigure:6118: checking semaphore.h presence
aconfigure:6128: gcc -E  conftest.c
aconfigure:6134: $? = 0
aconfigure:6154: result: yes
aconfigure:6189: checking for semaphore.h
aconfigure:6196: result: yes
aconfigure:6218: checking setjmp.h usability
aconfigure:6230: gcc -c -O2  conftest.c >&5
aconfigure:6236: $? = 0
aconfigure:6240: test -z 
			 || test ! -s conftest.err
aconfigure:6243: $? = 0
aconfigure:6246: test -s conftest.o
aconfigure:6249: $? = 0
aconfigure:6259: result: yes
aconfigure:6263: checking setjmp.h presence
aconfigure:6273: gcc -E  conftest.c
aconfigure:6279: $? = 0
aconfigure:6299: result: yes
aconfigure:6334: checking for setjmp.h
aconfigure:6341: result: yes
aconfigure:6363: checking stdarg.h usability
aconfigure:6375: gcc -c -O2  conftest.c >&5
aconfigure:6381: $? = 0
aconfigure:6385: test -z 
			 || test ! -s conftest.err
aconfigure:6388: $? = 0
aconfigure:6391: test -s conftest.o
aconfigure:6394: $? = 0
aconfigure:6404: result: yes
aconfigure:6408: checking stdarg.h presence
aconfigure:6418: gcc -E  conftest.c
aconfigure:6424: $? = 0
aconfigure:6444: result: yes
aconfigure:6479: checking for stdarg.h
aconfigure:6486: result: yes
aconfigure:6508: checking stddef.h usability
aconfigure:6520: gcc -c -O2  conftest.c >&5
aconfigure:6526: $? = 0
aconfigure:6530: test -z 
			 || test ! -s conftest.err
aconfigure:6533: $? = 0
aconfigure:6536: test -s conftest.o
aconfigure:6539: $? = 0
aconfigure:6549: result: yes
aconfigure:6553: checking stddef.h presence
aconfigure:6563: gcc -E  conftest.c
aconfigure:6569: $? = 0
aconfigure:6589: result: yes
aconfigure:6624: checking for stddef.h
aconfigure:6631: result: yes
aconfigure:6653: checking stdio.h usability
aconfigure:6665: gcc -c -O2  conftest.c >&5
aconfigure:6671: $? = 0
aconfigure:6675: test -z 
			 || test ! -s conftest.err
aconfigure:6678: $? = 0
aconfigure:6681: test -s conftest.o
aconfigure:6684: $? = 0
aconfigure:6694: result: yes
aconfigure:6698: checking stdio.h presence
aconfigure:6708: gcc -E  conftest.c
aconfigure:6714: $? = 0
aconfigure:6734: result: yes
aconfigure:6769: checking for stdio.h
aconfigure:6776: result: yes
aconfigure:6789: checking for stdint.h
aconfigure:6794: result: yes
aconfigure:6934: checking for stdlib.h
aconfigure:6939: result: yes
aconfigure:7079: checking for string.h
aconfigure:7084: result: yes
aconfigure:7233: checking sys/ioctl.h usability
aconfigure:7245: gcc -c -O2  conftest.c >&5
aconfigure:7251: $? = 0
aconfigure:7255: test -z 
			 || test ! -s conftest.err
aconfigure:7258: $? = 0
aconfigure:7261: test -s conftest.o
aconfigure:7264: $? = 0
aconfigure:7274: result: yes
aconfigure:7278: checking sys/ioctl.h presence
aconfigure:7288: gcc -E  conftest.c
aconfigure:7294: $? = 0
aconfigure:7314: result: yes
aconfigure:7349: checking for sys/ioctl.h
aconfigure:7356: result: yes
aconfigure:7378: checking sys/select.h usability
aconfigure:7390: gcc -c -O2  conftest.c >&5
aconfigure:7396: $? = 0
aconfigure:7400: test -z 
			 || test ! -s conftest.err
aconfigure:7403: $? = 0
aconfigure:7406: test -s conftest.o
aconfigure:7409: $? = 0
aconfigure:7419: result: yes
aconfigure:7423: checking sys/select.h presence
aconfigure:7433: gcc -E  conftest.c
aconfigure:7439: $? = 0
aconfigure:7459: result: yes
aconfigure:7494: checking for sys/select.h
aconfigure:7501: result: yes
aconfigure:7523: checking sys/socket.h usability
aconfigure:7535: gcc -c -O2  conftest.c >&5
aconfigure:7541: $? = 0
aconfigure:7545: test -z 
			 || test ! -s conftest.err
aconfigure:7548: $? = 0
aconfigure:7551: test -s conftest.o
aconfigure:7554: $? = 0
aconfigure:7564: result: yes
aconfigure:7568: checking sys/socket.h presence
aconfigure:7578: gcc -E  conftest.c
aconfigure:7584: $? = 0
aconfigure:7604: result: yes
aconfigure:7639: checking for sys/socket.h
aconfigure:7646: result: yes
aconfigure:7668: checking sys/time.h usability
aconfigure:7680: gcc -c -O2  conftest.c >&5
aconfigure:7686: $? = 0
aconfigure:7690: test -z 
			 || test ! -s conftest.err
aconfigure:7693: $? = 0
aconfigure:7696: test -s conftest.o
aconfigure:7699: $? = 0
aconfigure:7709: result: yes
aconfigure:7713: checking sys/time.h presence
aconfigure:7723: gcc -E  conftest.c
aconfigure:7729: $? = 0
aconfigure:7749: result: yes
aconfigure:7784: checking for sys/time.h
aconfigure:7791: result: yes
aconfigure:7813: checking sys/timeb.h usability
aconfigure:7825: gcc -c -O2  conftest.c >&5
aconfigure:7831: $? = 0
aconfigure:7835: test -z 
			 || test ! -s conftest.err
aconfigure:7838: $? = 0
aconfigure:7841: test -s conftest.o
aconfigure:7844: $? = 0
aconfigure:7854: result: yes
aconfigure:7858: checking sys/timeb.h presence
aconfigure:7868: gcc -E  conftest.c
aconfigure:7874: $? = 0
aconfigure:7894: result: yes
aconfigure:7929: checking for sys/timeb.h
aconfigure:7936: result: yes
aconfigure:7949: checking for sys/types.h
aconfigure:7954: result: yes
aconfigure:8103: checking time.h usability
aconfigure:8115: gcc -c -O2  conftest.c >&5
aconfigure:8121: $? = 0
aconfigure:8125: test -z 
			 || test ! -s conftest.err
aconfigure:8128: $? = 0
aconfigure:8131: test -s conftest.o
aconfigure:8134: $? = 0
aconfigure:8144: result: yes
aconfigure:8148: checking time.h presence
aconfigure:8158: gcc -E  conftest.c
aconfigure:8164: $? = 0
aconfigure:8184: result: yes
aconfigure:8219: checking for time.h
aconfigure:8226: result: yes
aconfigure:8239: checking for unistd.h
aconfigure:8244: result: yes
aconfigure:8393: checking winsock.h usability
aconfigure:8405: gcc -c -O2  conftest.c >&5
conftest.c:93:21: error: winsock.h: No such file or directory
aconfigure:8411: $? = 1
aconfigure: failed program was:
| /* confdefs.h.  */
| 
| #define PACKAGE_NAME "pjproject"
| #define PACKAGE_TARNAME "pjproject"
| #define PACKAGE_VERSION "1.0"
| #define PACKAGE_STRING "pjproject 1.0"
| #define PACKAGE_BUGREPORT ""
| #ifdef __cplusplus
| extern "C" void exit (int) throw ();
| #endif
| #define HAVE_LIBPTHREAD 1
| #define HAVE_LIBRT 1
| #define HAVE_LIBNSL 1
| #define HAVE_LIBUUID 1
| #define PJ_M_NAME "x86_64"
| #define PJ_POOL_ALIGNMENT 8
| #define PJ_LINUX 1
| #define PJ_HAS_FLOATING_POINT 1
| #define HAVE_LIBM 1
| #define STDC_HEADERS 1
| #define HAVE_SYS_TYPES_H 1
| #define HAVE_SYS_STAT_H 1
| #define HAVE_STDLIB_H 1
| #define HAVE_STRING_H 1
| #define HAVE_MEMORY_H 1
| #define HAVE_STRINGS_H 1
| #define HAVE_INTTYPES_H 1
| #define HAVE_STDINT_H 1
| #define HAVE_UNISTD_H 1
| #define PJ_HAS_ARPA_INET_H 1
| #define PJ_HAS_ASSERT_H 1
| #define PJ_HAS_CTYPE_H 1
| #define PJ_HAS_ERRNO_H 1
| #define PJ_HAS_FCNTL_H 1
| #define PJ_HAS_LINUX_SOCKET_H 1
| #define PJ_HAS_MALLOC_H 1
| #define PJ_HAS_NETDB_H 1
| #define PJ_HAS_NETINET_IN_SYSTM_H 1
| #define PJ_HAS_NETINET_IN_H 1
| #define PJ_HAS_NETINET_IP_H 1
| #define PJ_HAS_IFADDRS_H 1
| #define PJ_HAS_SEMAPHORE_H 1
| #define PJ_HAS_SETJMP_H 1
| #define PJ_HAS_STDARG_H 1
| #define PJ_HAS_STDDEF_H 1
| #define PJ_HAS_STDIO_H 1
| #define PJ_HAS_STDINT_H 1
| #define PJ_HAS_STDLIB_H 1
| #define PJ_HAS_STRING_H 1
| #define PJ_HAS_SYS_IOCTL_H 1
| #define PJ_HAS_SYS_SELECT_H 1
| #define PJ_HAS_SYS_SOCKET_H 1
| #define PJ_HAS_SYS_TIME_H 1
| #define PJ_HAS_SYS_TIMEB_H 1
| #define PJ_HAS_SYS_TYPES_H 1
| #define PJ_HAS_TIME_H 1
| #define PJ_HAS_UNISTD_H 1
| /* end confdefs.h.  */
| #include <stdio.h>
| #if HAVE_SYS_TYPES_H
| # include <sys/types.h>
| #endif
| #if HAVE_SYS_STAT_H
| # include <sys/stat.h>
| #endif
| #if STDC_HEADERS
| # include <stdlib.h>
| # include <stddef.h>
| #else
| # if HAVE_STDLIB_H
| #  include <stdlib.h>
| # endif
| #endif
| #if HAVE_STRING_H
| # if !STDC_HEADERS && HAVE_MEMORY_H
| #  include <memory.h>
| # endif
| # include <string.h>
| #endif
| #if HAVE_STRINGS_H
| # include <strings.h>
| #endif
| #if HAVE_INTTYPES_H
| # include <inttypes.h>
| #else
| # if HAVE_STDINT_H
| #  include <stdint.h>
| # endif
| #endif
| #if HAVE_UNISTD_H
| # include <unistd.h>
| #endif
| #include <winsock.h>
aconfigure:8434: result: no
aconfigure:8438: checking winsock.h presence
aconfigure:8448: gcc -E  conftest.c
conftest.c:59:21: error: winsock.h: No such file or directory
aconfigure:8454: $? = 1
aconfigure: failed program was:
| /* confdefs.h.  */
| 
| #define PACKAGE_NAME "pjproject"
| #define PACKAGE_TARNAME "pjproject"
| #define PACKAGE_VERSION "1.0"
| #define PACKAGE_STRING "pjproject 1.0"
| #define PACKAGE_BUGREPORT ""
| #ifdef __cplusplus
| extern "C" void exit (int) throw ();
| #endif
| #define HAVE_LIBPTHREAD 1
| #define HAVE_LIBRT 1
| #define HAVE_LIBNSL 1
| #define HAVE_LIBUUID 1
| #define PJ_M_NAME "x86_64"
| #define PJ_POOL_ALIGNMENT 8
| #define PJ_LINUX 1
| #define PJ_HAS_FLOATING_POINT 1
| #define HAVE_LIBM 1
| #define STDC_HEADERS 1
| #define HAVE_SYS_TYPES_H 1
| #define HAVE_SYS_STAT_H 1
| #define HAVE_STDLIB_H 1
| #define HAVE_STRING_H 1
| #define HAVE_MEMORY_H 1
| #define HAVE_STRINGS_H 1
| #define HAVE_INTTYPES_H 1
| #define HAVE_STDINT_H 1
| #define HAVE_UNISTD_H 1
| #define PJ_HAS_ARPA_INET_H 1
| #define PJ_HAS_ASSERT_H 1
| #define PJ_HAS_CTYPE_H 1
| #define PJ_HAS_ERRNO_H 1
| #define PJ_HAS_FCNTL_H 1
| #define PJ_HAS_LINUX_SOCKET_H 1
| #define PJ_HAS_MALLOC_H 1
| #define PJ_HAS_NETDB_H 1
| #define PJ_HAS_NETINET_IN_SYSTM_H 1
| #define PJ_HAS_NETINET_IN_H 1
| #define PJ_HAS_NETINET_IP_H 1
| #define PJ_HAS_IFADDRS_H 1
| #define PJ_HAS_SEMAPHORE_H 1
| #define PJ_HAS_SETJMP_H 1
| #define PJ_HAS_STDARG_H 1
| #define PJ_HAS_STDDEF_H 1
| #define PJ_HAS_STDIO_H 1
| #define PJ_HAS_STDINT_H 1
| #define PJ_HAS_STDLIB_H 1
| #define PJ_HAS_STRING_H 1
| #define PJ_HAS_SYS_IOCTL_H 1
| #define PJ_HAS_SYS_SELECT_H 1
| #define PJ_HAS_SYS_SOCKET_H 1
| #define PJ_HAS_SYS_TIME_H 1
| #define PJ_HAS_SYS_TIMEB_H 1
| #define PJ_HAS_SYS_TYPES_H 1
| #define PJ_HAS_TIME_H 1
| #define PJ_HAS_UNISTD_H 1
| /* end confdefs.h.  */
| #include <winsock.h>
aconfigure:8474: result: no
aconfigure:8509: checking for winsock.h
aconfigure:8516: result: no
aconfigure:8538: checking winsock2.h usability
aconfigure:8550: gcc -c -O2  conftest.c >&5
conftest.c:93:22: error: winsock2.h: No such file or directory
aconfigure:8556: $? = 1
aconfigure: failed program was:
| /* confdefs.h.  */
| 
| #define PACKAGE_NAME "pjproject"
| #define PACKAGE_TARNAME "pjproject"
| #define PACKAGE_VERSION "1.0"
| #define PACKAGE_STRING "pjproject 1.0"
| #define PACKAGE_BUGREPORT ""
| #ifdef __cplusplus
| extern "C" void exit (int) throw ();
| #endif
| #define HAVE_LIBPTHREAD 1
| #define HAVE_LIBRT 1
| #define HAVE_LIBNSL 1
| #define HAVE_LIBUUID 1
| #define PJ_M_NAME "x86_64"
| #define PJ_POOL_ALIGNMENT 8
| #define PJ_LINUX 1
| #define PJ_HAS_FLOATING_POINT 1
| #define HAVE_LIBM 1
| #define STDC_HEADERS 1
| #define HAVE_SYS_TYPES_H 1
| #define HAVE_SYS_STAT_H 1
| #define HAVE_STDLIB_H 1
| #define HAVE_STRING_H 1
| #define HAVE_MEMORY_H 1
| #define HAVE_STRINGS_H 1
| #define HAVE_INTTYPES_H 1
| #define HAVE_STDINT_H 1
| #define HAVE_UNISTD_H 1
| #define PJ_HAS_ARPA_INET_H 1
| #define PJ_HAS_ASSERT_H 1
| #define PJ_HAS_CTYPE_H 1
| #define PJ_HAS_ERRNO_H 1
| #define PJ_HAS_FCNTL_H 1
| #define PJ_HAS_LINUX_SOCKET_H 1
| #define PJ_HAS_MALLOC_H 1
| #define PJ_HAS_NETDB_H 1
| #define PJ_HAS_NETINET_IN_SYSTM_H 1
| #define PJ_HAS_NETINET_IN_H 1
| #define PJ_HAS_NETINET_IP_H 1
| #define PJ_HAS_IFADDRS_H 1
| #define PJ_HAS_SEMAPHORE_H 1
| #define PJ_HAS_SETJMP_H 1
| #define PJ_HAS_STDARG_H 1
| #define PJ_HAS_STDDEF_H 1
| #define PJ_HAS_STDIO_H 1
| #define PJ_HAS_STDINT_H 1
| #define PJ_HAS_STDLIB_H 1
| #define PJ_HAS_STRING_H 1
| #define PJ_HAS_SYS_IOCTL_H 1
| #define PJ_HAS_SYS_SELECT_H 1
| #define PJ_HAS_SYS_SOCKET_H 1
| #define PJ_HAS_SYS_TIME_H 1
| #define PJ_HAS_SYS_TIMEB_H 1
| #define PJ_HAS_SYS_TYPES_H 1
| #define PJ_HAS_TIME_H 1
| #define PJ_HAS_UNISTD_H 1
| /* end confdefs.h.  */
| #include <stdio.h>
| #if HAVE_SYS_TYPES_H
| # include <sys/types.h>
| #endif
| #if HAVE_SYS_STAT_H
| # include <sys/stat.h>
| #endif
| #if STDC_HEADERS
| # include <stdlib.h>
| # include <stddef.h>
| #else
| # if HAVE_STDLIB_H
| #  include <stdlib.h>
| # endif
| #endif
| #if HAVE_STRING_H
| # if !STDC_HEADERS && HAVE_MEMORY_H
| #  include <memory.h>
| # endif
| # include <string.h>
| #endif
| #if HAVE_STRINGS_H
| # include <strings.h>
| #endif
| #if HAVE_INTTYPES_H
| # include <inttypes.h>
| #else
| # if HAVE_STDINT_H
| #  include <stdint.h>
| # endif
| #endif
| #if HAVE_UNISTD_H
| # include <unistd.h>
| #endif
| #include <winsock2.h>
aconfigure:8579: result: no
aconfigure:8583: checking winsock2.h presence
aconfigure:8593: gcc -E  conftest.c
conftest.c:59:22: error: winsock2.h: No such file or directory
aconfigure:8599: $? = 1
aconfigure: failed program was:
| /* confdefs.h.  */
| 
| #define PACKAGE_NAME "pjproject"
| #define PACKAGE_TARNAME "pjproject"
| #define PACKAGE_VERSION "1.0"
| #define PACKAGE_STRING "pjproject 1.0"
| #define PACKAGE_BUGREPORT ""
| #ifdef __cplusplus
| extern "C" void exit (int) throw ();
| #endif
| #define HAVE_LIBPTHREAD 1
| #define HAVE_LIBRT 1
| #define HAVE_LIBNSL 1
| #define HAVE_LIBUUID 1
| #define PJ_M_NAME "x86_64"
| #define PJ_POOL_ALIGNMENT 8
| #define PJ_LINUX 1
| #define PJ_HAS_FLOATING_POINT 1
| #define HAVE_LIBM 1
| #define STDC_HEADERS 1
| #define HAVE_SYS_TYPES_H 1
| #define HAVE_SYS_STAT_H 1
| #define HAVE_STDLIB_H 1
| #define HAVE_STRING_H 1
| #define HAVE_MEMORY_H 1
| #define HAVE_STRINGS_H 1
| #define HAVE_INTTYPES_H 1
| #define HAVE_STDINT_H 1
| #define HAVE_UNISTD_H 1
| #define PJ_HAS_ARPA_INET_H 1
| #define PJ_HAS_ASSERT_H 1
| #define PJ_HAS_CTYPE_H 1
| #define PJ_HAS_ERRNO_H 1
| #define PJ_HAS_FCNTL_H 1
| #define PJ_HAS_LINUX_SOCKET_H 1
| #define PJ_HAS_MALLOC_H 1
| #define PJ_HAS_NETDB_H 1
| #define PJ_HAS_NETINET_IN_SYSTM_H 1
| #define PJ_HAS_NETINET_IN_H 1
| #define PJ_HAS_NETINET_IP_H 1
| #define PJ_HAS_IFADDRS_H 1
| #define PJ_HAS_SEMAPHORE_H 1
| #define PJ_HAS_SETJMP_H 1
| #define PJ_HAS_STDARG_H 1
| #define PJ_HAS_STDDEF_H 1
| #define PJ_HAS_STDIO_H 1
| #define PJ_HAS_STDINT_H 1
| #define PJ_HAS_STDLIB_H 1
| #define PJ_HAS_STRING_H 1
| #define PJ_HAS_SYS_IOCTL_H 1
| #define PJ_HAS_SYS_SELECT_H 1
| #define PJ_HAS_SYS_SOCKET_H 1
| #define PJ_HAS_SYS_TIME_H 1
| #define PJ_HAS_SYS_TIMEB_H 1
| #define PJ_HAS_SYS_TYPES_H 1
| #define PJ_HAS_TIME_H 1
| #define PJ_HAS_UNISTD_H 1
| /* end confdefs.h.  */
| #include <winsock2.h>
aconfigure:8619: result: no
aconfigure:8654: checking for winsock2.h
aconfigure:8661: result: no
aconfigure:8673: checking for mswsock.h
aconfigure:8694: gcc -c -O2  conftest.c >&5
conftest.c:66:21: error: mswsock.h: No such file or directory
aconfigure:8700: $? = 1
aconfigure: failed program was:
| /* confdefs.h.  */
| 
| #define PACKAGE_NAME "pjproject"
| #define PACKAGE_TARNAME "pjproject"
| #define PACKAGE_VERSION "1.0"
| #define PACKAGE_STRING "pjproject 1.0"
| #define PACKAGE_BUGREPORT ""
| #ifdef __cplusplus
| extern "C" void exit (int) throw ();
| #endif
| #define HAVE_LIBPTHREAD 1
| #define HAVE_LIBRT 1
| #define HAVE_LIBNSL 1
| #define HAVE_LIBUUID 1
| #define PJ_M_NAME "x86_64"
| #define PJ_POOL_ALIGNMENT 8
| #define PJ_LINUX 1
| #define PJ_HAS_FLOATING_POINT 1
| #define HAVE_LIBM 1
| #define STDC_HEADERS 1
| #define HAVE_SYS_TYPES_H 1
| #define HAVE_SYS_STAT_H 1
| #define HAVE_STDLIB_H 1
| #define HAVE_STRING_H 1
| #define HAVE_MEMORY_H 1
| #define HAVE_STRINGS_H 1
| #define HAVE_INTTYPES_H 1
| #define HAVE_STDINT_H 1
| #define HAVE_UNISTD_H 1
| #define PJ_HAS_ARPA_INET_H 1
| #define PJ_HAS_ASSERT_H 1
| #define PJ_HAS_CTYPE_H 1
| #define PJ_HAS_ERRNO_H 1
| #define PJ_HAS_FCNTL_H 1
| #define PJ_HAS_LINUX_SOCKET_H 1
| #define PJ_HAS_MALLOC_H 1
| #define PJ_HAS_NETDB_H 1
| #define PJ_HAS_NETINET_IN_SYSTM_H 1
| #define PJ_HAS_NETINET_IN_H 1
| #define PJ_HAS_NETINET_IP_H 1
| #define PJ_HAS_IFADDRS_H 1
| #define PJ_HAS_SEMAPHORE_H 1
| #define PJ_HAS_SETJMP_H 1
| #define PJ_HAS_STDARG_H 1
| #define PJ_HAS_STDDEF_H 1
| #define PJ_HAS_STDIO_H 1
| #define PJ_HAS_STDINT_H 1
| #define PJ_HAS_STDLIB_H 1
| #define PJ_HAS_STRING_H 1
| #define PJ_HAS_SYS_IOCTL_H 1
| #define PJ_HAS_SYS_SELECT_H 1
| #define PJ_HAS_SYS_SOCKET_H 1
| #define PJ_HAS_SYS_TIME_H 1
| #define PJ_HAS_SYS_TIMEB_H 1
| #define PJ_HAS_SYS_TYPES_H 1
| #define PJ_HAS_TIME_H 1
| #define PJ_HAS_UNISTD_H 1
| /* end confdefs.h.  */
| #if PJ_HAS_WINSOCK2_H
|           	  #	include <winsock2.h>
| 		  #elif PJ_HAS_WINSOCK_H
|           	  #	include <winsock.h>
|           	  #endif
| 
| 
| #include <mswsock.h>
aconfigure:8724: result: no
aconfigure:8744: checking ws2tcpip.h usability
aconfigure:8756: gcc -c -O2  conftest.c >&5
conftest.c:93:22: error: ws2tcpip.h: No such file or directory
aconfigure:8762: $? = 1
aconfigure: failed program was:
| /* confdefs.h.  */
| 
| #define PACKAGE_NAME "pjproject"
| #define PACKAGE_TARNAME "pjproject"
| #define PACKAGE_VERSION "1.0"
| #define PACKAGE_STRING "pjproject 1.0"
| #define PACKAGE_BUGREPORT ""
| #ifdef __cplusplus
| extern "C" void exit (int) throw ();
| #endif
| #define HAVE_LIBPTHREAD 1
| #define HAVE_LIBRT 1
| #define HAVE_LIBNSL 1
| #define HAVE_LIBUUID 1
| #define PJ_M_NAME "x86_64"
| #define PJ_POOL_ALIGNMENT 8
| #define PJ_LINUX 1
| #define PJ_HAS_FLOATING_POINT 1
| #define HAVE_LIBM 1
| #define STDC_HEADERS 1
| #define HAVE_SYS_TYPES_H 1
| #define HAVE_SYS_STAT_H 1
| #define HAVE_STDLIB_H 1
| #define HAVE_STRING_H 1
| #define HAVE_MEMORY_H 1
| #define HAVE_STRINGS_H 1
| #define HAVE_INTTYPES_H 1
| #define HAVE_STDINT_H 1
| #define HAVE_UNISTD_H 1
| #define PJ_HAS_ARPA_INET_H 1
| #define PJ_HAS_ASSERT_H 1
| #define PJ_HAS_CTYPE_H 1
| #define PJ_HAS_ERRNO_H 1
| #define PJ_HAS_FCNTL_H 1
| #define PJ_HAS_LINUX_SOCKET_H 1
| #define PJ_HAS_MALLOC_H 1
| #define PJ_HAS_NETDB_H 1
| #define PJ_HAS_NETINET_IN_SYSTM_H 1
| #define PJ_HAS_NETINET_IN_H 1
| #define PJ_HAS_NETINET_IP_H 1
| #define PJ_HAS_IFADDRS_H 1
| #define PJ_HAS_SEMAPHORE_H 1
| #define PJ_HAS_SETJMP_H 1
| #define PJ_HAS_STDARG_H 1
| #define PJ_HAS_STDDEF_H 1
| #define PJ_HAS_STDIO_H 1
| #define PJ_HAS_STDINT_H 1
| #define PJ_HAS_STDLIB_H 1
| #define PJ_HAS_STRING_H 1
| #define PJ_HAS_SYS_IOCTL_H 1
| #define PJ_HAS_SYS_SELECT_H 1
| #define PJ_HAS_SYS_SOCKET_H 1
| #define PJ_HAS_SYS_TIME_H 1
| #define PJ_HAS_SYS_TIMEB_H 1
| #define PJ_HAS_SYS_TYPES_H 1
| #define PJ_HAS_TIME_H 1
| #define PJ_HAS_UNISTD_H 1
| /* end confdefs.h.  */
| #include <stdio.h>
| #if HAVE_SYS_TYPES_H
| # include <sys/types.h>
| #endif
| #if HAVE_SYS_STAT_H
| # include <sys/stat.h>
| #endif
| #if STDC_HEADERS
| # include <stdlib.h>
| # include <stddef.h>
| #else
| # if HAVE_STDLIB_H
| #  include <stdlib.h>
| # endif
| #endif
| #if HAVE_STRING_H
| # if !STDC_HEADERS && HAVE_MEMORY_H
| #  include <memory.h>
| # endif
| # include <string.h>
| #endif
| #if HAVE_STRINGS_H
| # include <strings.h>
| #endif
| #if HAVE_INTTYPES_H
| # include <inttypes.h>
| #else
| # if HAVE_STDINT_H
| #  include <stdint.h>
| # endif
| #endif
| #if HAVE_UNISTD_H
| # include <unistd.h>
| #endif
| #include <ws2tcpip.h>
aconfigure:8785: result: no
aconfigure:8789: checking ws2tcpip.h presence
aconfigure:8799: gcc -E  conftest.c
conftest.c:59:22: error: ws2tcpip.h: No such file or directory
aconfigure:8805: $? = 1
aconfigure: failed program was:
| /* confdefs.h.  */
| 
| #define PACKAGE_NAME "pjproject"
| #define PACKAGE_TARNAME "pjproject"
| #define PACKAGE_VERSION "1.0"
| #define PACKAGE_STRING "pjproject 1.0"
| #define PACKAGE_BUGREPORT ""
| #ifdef __cplusplus
| extern "C" void exit (int) throw ();
| #endif
| #define HAVE_LIBPTHREAD 1
| #define HAVE_LIBRT 1
| #define HAVE_LIBNSL 1
| #define HAVE_LIBUUID 1
| #define PJ_M_NAME "x86_64"
| #define PJ_POOL_ALIGNMENT 8
| #define PJ_LINUX 1
| #define PJ_HAS_FLOATING_POINT 1
| #define HAVE_LIBM 1
| #define STDC_HEADERS 1
| #define HAVE_SYS_TYPES_H 1
| #define HAVE_SYS_STAT_H 1
| #define HAVE_STDLIB_H 1
| #define HAVE_STRING_H 1
| #define HAVE_MEMORY_H 1
| #define HAVE_STRINGS_H 1
| #define HAVE_INTTYPES_H 1
| #define HAVE_STDINT_H 1
| #define HAVE_UNISTD_H 1
| #define PJ_HAS_ARPA_INET_H 1
| #define PJ_HAS_ASSERT_H 1
| #define PJ_HAS_CTYPE_H 1
| #define PJ_HAS_ERRNO_H 1
| #define PJ_HAS_FCNTL_H 1
| #define PJ_HAS_LINUX_SOCKET_H 1
| #define PJ_HAS_MALLOC_H 1
| #define PJ_HAS_NETDB_H 1
| #define PJ_HAS_NETINET_IN_SYSTM_H 1
| #define PJ_HAS_NETINET_IN_H 1
| #define PJ_HAS_NETINET_IP_H 1
| #define PJ_HAS_IFADDRS_H 1
| #define PJ_HAS_SEMAPHORE_H 1
| #define PJ_HAS_SETJMP_H 1
| #define PJ_HAS_STDARG_H 1
| #define PJ_HAS_STDDEF_H 1
| #define PJ_HAS_STDIO_H 1
| #define PJ_HAS_STDINT_H 1
| #define PJ_HAS_STDLIB_H 1
| #define PJ_HAS_STRING_H 1
| #define PJ_HAS_SYS_IOCTL_H 1
| #define PJ_HAS_SYS_SELECT_H 1
| #define PJ_HAS_SYS_SOCKET_H 1
| #define PJ_HAS_SYS_TIME_H 1
| #define PJ_HAS_SYS_TIMEB_H 1
| #define PJ_HAS_SYS_TYPES_H 1
| #define PJ_HAS_TIME_H 1
| #define PJ_HAS_UNISTD_H 1
| /* end confdefs.h.  */
| #include <ws2tcpip.h>
aconfigure:8825: result: no
aconfigure:8860: checking for ws2tcpip.h
aconfigure:8867: result: no
aconfigure:8889: checking uuid/uuid.h usability
aconfigure:8901: gcc -c -O2  conftest.c >&5
aconfigure:8907: $? = 0
aconfigure:8911: test -z 
			 || test ! -s conftest.err
aconfigure:8914: $? = 0
aconfigure:8917: test -s conftest.o
aconfigure:8920: $? = 0
aconfigure:8930: result: yes
aconfigure:8934: checking uuid/uuid.h presence
aconfigure:8944: gcc -E  conftest.c
aconfigure:8950: $? = 0
aconfigure:8970: result: yes
aconfigure:9005: checking for uuid/uuid.h
aconfigure:9012: result: yes
aconfigure:9021: checking for net/if.h
aconfigure:9040: gcc -c -O2  conftest.c >&5
aconfigure:9046: $? = 0
aconfigure:9050: test -z 
			 || test ! -s conftest.err
aconfigure:9053: $? = 0
aconfigure:9056: test -s conftest.o
aconfigure:9059: $? = 0
aconfigure:9070: result: yes
aconfigure:9081: result: Setting PJ_OS_NAME to x86_64-unknown-linux-gnu
aconfigure:9088: result: Setting PJ_HAS_ERRNO_VAR to 1
aconfigure:9095: result: Setting PJ_HAS_HIGH_RES_TIMER to 1
aconfigure:9102: result: Setting PJ_HAS_MALLOC to 1
aconfigure:9109: result: Setting PJ_NATIVE_STRING_IS_UNICODE to 0
aconfigure:9116: result: Setting PJ_ATOMIC_VALUE_TYPE to long
aconfigure:9123: checking if inet_aton() is available
aconfigure:9143: gcc -c -O2  conftest.c >&5
aconfigure:9149: $? = 0
aconfigure:9153: test -z 
			 || test ! -s conftest.err
aconfigure:9156: $? = 0
aconfigure:9159: test -s conftest.o
aconfigure:9162: $? = 0
aconfigure:9168: result: yes
aconfigure:9179: checking if inet_pton() is available
aconfigure:9199: gcc -c -O2  conftest.c >&5
aconfigure:9205: $? = 0
aconfigure:9209: test -z 
			 || test ! -s conftest.err
aconfigure:9212: $? = 0
aconfigure:9215: test -s conftest.o
aconfigure:9218: $? = 0
aconfigure:9224: result: yes
aconfigure:9235: checking if inet_ntop() is available
aconfigure:9255: gcc -c -O2  conftest.c >&5
aconfigure:9261: $? = 0
aconfigure:9265: test -z 
			 || test ! -s conftest.err
aconfigure:9268: $? = 0
aconfigure:9271: test -s conftest.o
aconfigure:9274: $? = 0
aconfigure:9280: result: yes
aconfigure:9291: checking if getaddrinfo() is available
aconfigure:9311: gcc -c -O2  conftest.c >&5
aconfigure:9317: $? = 0
aconfigure:9321: test -z 
			 || test ! -s conftest.err
aconfigure:9324: $? = 0
aconfigure:9327: test -s conftest.o
aconfigure:9330: $? = 0
aconfigure:9336: result: yes
aconfigure:9347: checking if sockaddr_in has sin_len member
aconfigure:9368: gcc -c -O2  conftest.c >&5
conftest.c: In function 'main':
conftest.c:77: error: 'struct sockaddr_in' has no member named 'sin_len'
aconfigure:9374: $? = 1
aconfigure: failed program was:
| /* confdefs.h.  */
| 
| #define PACKAGE_NAME "pjproject"
| #define PACKAGE_TARNAME "pjproject"
| #define PACKAGE_VERSION "1.0"
| #define PACKAGE_STRING "pjproject 1.0"
| #define PACKAGE_BUGREPORT ""
| #ifdef __cplusplus
| extern "C" void exit (int) throw ();
| #endif
| #define HAVE_LIBPTHREAD 1
| #define HAVE_LIBRT 1
| #define HAVE_LIBNSL 1
| #define HAVE_LIBUUID 1
| #define PJ_M_NAME "x86_64"
| #define PJ_POOL_ALIGNMENT 8
| #define PJ_LINUX 1
| #define PJ_HAS_FLOATING_POINT 1
| #define HAVE_LIBM 1
| #define STDC_HEADERS 1
| #define HAVE_SYS_TYPES_H 1
| #define HAVE_SYS_STAT_H 1
| #define HAVE_STDLIB_H 1
| #define HAVE_STRING_H 1
| #define HAVE_MEMORY_H 1
| #define HAVE_STRINGS_H 1
| #define HAVE_INTTYPES_H 1
| #define HAVE_STDINT_H 1
| #define HAVE_UNISTD_H 1
| #define PJ_HAS_ARPA_INET_H 1
| #define PJ_HAS_ASSERT_H 1
| #define PJ_HAS_CTYPE_H 1
| #define PJ_HAS_ERRNO_H 1
| #define PJ_HAS_FCNTL_H 1
| #define PJ_HAS_LINUX_SOCKET_H 1
| #define PJ_HAS_MALLOC_H 1
| #define PJ_HAS_NETDB_H 1
| #define PJ_HAS_NETINET_IN_SYSTM_H 1
| #define PJ_HAS_NETINET_IN_H 1
| #define PJ_HAS_NETINET_IP_H 1
| #define PJ_HAS_IFADDRS_H 1
| #define PJ_HAS_SEMAPHORE_H 1
| #define PJ_HAS_SETJMP_H 1
| #define PJ_HAS_STDARG_H 1
| #define PJ_HAS_STDDEF_H 1
| #define PJ_HAS_STDIO_H 1
| #define PJ_HAS_STDINT_H 1
| #define PJ_HAS_STDLIB_H 1
| #define PJ_HAS_STRING_H 1
| #define PJ_HAS_SYS_IOCTL_H 1
| #define PJ_HAS_SYS_SELECT_H 1
| #define PJ_HAS_SYS_SOCKET_H 1
| #define PJ_HAS_SYS_TIME_H 1
| #define PJ_HAS_SYS_TIMEB_H 1
| #define PJ_HAS_SYS_TYPES_H 1
| #define PJ_HAS_TIME_H 1
| #define PJ_HAS_UNISTD_H 1
| #define PJ_HAS_NET_IF_H 1
| #define PJ_OS_NAME "x86_64-unknown-linux-gnu"
| #define PJ_HAS_ERRNO_VAR 1
| #define PJ_HAS_HIGH_RES_TIMER 1
| #define PJ_HAS_MALLOC 1
| #define PJ_NATIVE_STRING_IS_UNICODE 0
| #define PJ_ATOMIC_VALUE_TYPE long
| #define PJ_SOCK_HAS_INET_ATON 1
| #define PJ_SOCK_HAS_INET_PTON 1
| #define PJ_SOCK_HAS_INET_NTOP 1
| #define PJ_SOCK_HAS_GETADDRINFO 1
| /* end confdefs.h.  */
| #include <sys/types.h>
| 				     #include <sys/socket.h>
| 		    		     #include <netinet/in.h>
| 		    		     #include <arpa/inet.h>
| int
| main ()
| {
| struct sockaddr_in a; a.sin_len=0;
|   ;
|   return 0;
| }
aconfigure:9399: result: no
aconfigure:9404: checking if socklen_t is available
aconfigure:9422: gcc -c -O2  conftest.c >&5
aconfigure:9428: $? = 0
aconfigure:9432: test -z 
			 || test ! -s conftest.err
aconfigure:9435: $? = 0
aconfigure:9438: test -s conftest.o
aconfigure:9441: $? = 0
aconfigure:9447: result: yes
aconfigure:9458: checking if SO_ERROR is available
aconfigure:9489: gcc -c -O2  conftest.c >&5
aconfigure:9495: $? = 0
aconfigure:9499: test -z 
			 || test ! -s conftest.err
aconfigure:9502: $? = 0
aconfigure:9505: test -s conftest.o
aconfigure:9508: $? = 0
aconfigure:9514: result: yes
aconfigure:9528: checking if pthread_rwlock_t is available
aconfigure:9546: gcc -c -O2  conftest.c >&5
aconfigure:9552: $? = 0
aconfigure:9556: test -z 
			 || test ! -s conftest.err
aconfigure:9559: $? = 0
aconfigure:9562: test -s conftest.o
aconfigure:9565: $? = 0
aconfigure:9572: result: yes
aconfigure:9650: checking if pthread_mutexattr_settype() is available
aconfigure:9668: gcc -c -O2  conftest.c >&5
conftest.c: In function 'main':
conftest.c:77: error: 'PTHREAD_MUTEX_FAST_NP' undeclared (first use in this function)
conftest.c:77: error: (Each undeclared identifier is reported only once
conftest.c:77: error: for each function it appears in.)
aconfigure:9674: $? = 1
aconfigure: failed program was:
| /* confdefs.h.  */
| 
| #define PACKAGE_NAME "pjproject"
| #define PACKAGE_TARNAME "pjproject"
| #define PACKAGE_VERSION "1.0"
| #define PACKAGE_STRING "pjproject 1.0"
| #define PACKAGE_BUGREPORT ""
| #ifdef __cplusplus
| extern "C" void exit (int) throw ();
| #endif
| #define HAVE_LIBPTHREAD 1
| #define HAVE_LIBRT 1
| #define HAVE_LIBNSL 1
| #define HAVE_LIBUUID 1
| #define PJ_M_NAME "x86_64"
| #define PJ_POOL_ALIGNMENT 8
| #define PJ_LINUX 1
| #define PJ_HAS_FLOATING_POINT 1
| #define HAVE_LIBM 1
| #define STDC_HEADERS 1
| #define HAVE_SYS_TYPES_H 1
| #define HAVE_SYS_STAT_H 1
| #define HAVE_STDLIB_H 1
| #define HAVE_STRING_H 1
| #define HAVE_MEMORY_H 1
| #define HAVE_STRINGS_H 1
| #define HAVE_INTTYPES_H 1
| #define HAVE_STDINT_H 1
| #define HAVE_UNISTD_H 1
| #define PJ_HAS_ARPA_INET_H 1
| #define PJ_HAS_ASSERT_H 1
| #define PJ_HAS_CTYPE_H 1
| #define PJ_HAS_ERRNO_H 1
| #define PJ_HAS_FCNTL_H 1
| #define PJ_HAS_LINUX_SOCKET_H 1
| #define PJ_HAS_MALLOC_H 1
| #define PJ_HAS_NETDB_H 1
| #define PJ_HAS_NETINET_IN_SYSTM_H 1
| #define PJ_HAS_NETINET_IN_H 1
| #define PJ_HAS_NETINET_IP_H 1
| #define PJ_HAS_IFADDRS_H 1
| #define PJ_HAS_SEMAPHORE_H 1
| #define PJ_HAS_SETJMP_H 1
| #define PJ_HAS_STDARG_H 1
| #define PJ_HAS_STDDEF_H 1
| #define PJ_HAS_STDIO_H 1
| #define PJ_HAS_STDINT_H 1
| #define PJ_HAS_STDLIB_H 1
| #define PJ_HAS_STRING_H 1
| #define PJ_HAS_SYS_IOCTL_H 1
| #define PJ_HAS_SYS_SELECT_H 1
| #define PJ_HAS_SYS_SOCKET_H 1
| #define PJ_HAS_SYS_TIME_H 1
| #define PJ_HAS_SYS_TIMEB_H 1
| #define PJ_HAS_SYS_TYPES_H 1
| #define PJ_HAS_TIME_H 1
| #define PJ_HAS_UNISTD_H 1
| #define PJ_HAS_NET_IF_H 1
| #define PJ_OS_NAME "x86_64-unknown-linux-gnu"
| #define PJ_HAS_ERRNO_VAR 1
| #define PJ_HAS_HIGH_RES_TIMER 1
| #define PJ_HAS_MALLOC 1
| #define PJ_NATIVE_STRING_IS_UNICODE 0
| #define PJ_ATOMIC_VALUE_TYPE long
| #define PJ_SOCK_HAS_INET_ATON 1
| #define PJ_SOCK_HAS_INET_PTON 1
| #define PJ_SOCK_HAS_INET_NTOP 1
| #define PJ_SOCK_HAS_GETADDRINFO 1
| #define PJ_HAS_SOCKLEN_T 1
| #define PJ_HAS_SO_ERROR 1
| #define PJ_EMULATE_RWMUTEX 0
| /* end confdefs.h.  */
| #include <pthread.h>
| int
| main ()
| {
| pthread_mutexattr_settype(0,PTHREAD_MUTEX_FAST_NP);
|   ;
|   return 0;
| }
aconfigure:9699: result: no
aconfigure:9704: checking if pthread_mutexattr_t has recursive member
aconfigure:9723: gcc -c -O2  conftest.c >&5
conftest.c: In function 'main':
conftest.c:78: error: 'pthread_mutexattr_t' has no member named 'recursive'
aconfigure:9729: $? = 1
aconfigure: failed program was:
| /* confdefs.h.  */
| 
| #define PACKAGE_NAME "pjproject"
| #define PACKAGE_TARNAME "pjproject"
| #define PACKAGE_VERSION "1.0"
| #define PACKAGE_STRING "pjproject 1.0"
| #define PACKAGE_BUGREPORT ""
| #ifdef __cplusplus
| extern "C" void exit (int) throw ();
| #endif
| #define HAVE_LIBPTHREAD 1
| #define HAVE_LIBRT 1
| #define HAVE_LIBNSL 1
| #define HAVE_LIBUUID 1
| #define PJ_M_NAME "x86_64"
| #define PJ_POOL_ALIGNMENT 8
| #define PJ_LINUX 1
| #define PJ_HAS_FLOATING_POINT 1
| #define HAVE_LIBM 1
| #define STDC_HEADERS 1
| #define HAVE_SYS_TYPES_H 1
| #define HAVE_SYS_STAT_H 1
| #define HAVE_STDLIB_H 1
| #define HAVE_STRING_H 1
| #define HAVE_MEMORY_H 1
| #define HAVE_STRINGS_H 1
| #define HAVE_INTTYPES_H 1
| #define HAVE_STDINT_H 1
| #define HAVE_UNISTD_H 1
| #define PJ_HAS_ARPA_INET_H 1
| #define PJ_HAS_ASSERT_H 1
| #define PJ_HAS_CTYPE_H 1
| #define PJ_HAS_ERRNO_H 1
| #define PJ_HAS_FCNTL_H 1
| #define PJ_HAS_LINUX_SOCKET_H 1
| #define PJ_HAS_MALLOC_H 1
| #define PJ_HAS_NETDB_H 1
| #define PJ_HAS_NETINET_IN_SYSTM_H 1
| #define PJ_HAS_NETINET_IN_H 1
| #define PJ_HAS_NETINET_IP_H 1
| #define PJ_HAS_IFADDRS_H 1
| #define PJ_HAS_SEMAPHORE_H 1
| #define PJ_HAS_SETJMP_H 1
| #define PJ_HAS_STDARG_H 1
| #define PJ_HAS_STDDEF_H 1
| #define PJ_HAS_STDIO_H 1
| #define PJ_HAS_STDINT_H 1
| #define PJ_HAS_STDLIB_H 1
| #define PJ_HAS_STRING_H 1
| #define PJ_HAS_SYS_IOCTL_H 1
| #define PJ_HAS_SYS_SELECT_H 1
| #define PJ_HAS_SYS_SOCKET_H 1
| #define PJ_HAS_SYS_TIME_H 1
| #define PJ_HAS_SYS_TIMEB_H 1
| #define PJ_HAS_SYS_TYPES_H 1
| #define PJ_HAS_TIME_H 1
| #define PJ_HAS_UNISTD_H 1
| #define PJ_HAS_NET_IF_H 1
| #define PJ_OS_NAME "x86_64-unknown-linux-gnu"
| #define PJ_HAS_ERRNO_VAR 1
| #define PJ_HAS_HIGH_RES_TIMER 1
| #define PJ_HAS_MALLOC 1
| #define PJ_NATIVE_STRING_IS_UNICODE 0
| #define PJ_ATOMIC_VALUE_TYPE long
| #define PJ_SOCK_HAS_INET_ATON 1
| #define PJ_SOCK_HAS_INET_PTON 1
| #define PJ_SOCK_HAS_INET_NTOP 1
| #define PJ_SOCK_HAS_GETADDRINFO 1
| #define PJ_HAS_SOCKLEN_T 1
| #define PJ_HAS_SO_ERROR 1
| #define PJ_EMULATE_RWMUTEX 0
| /* end confdefs.h.  */
| #include <pthread.h>
| int
| main ()
| {
| pthread_mutexattr_t attr;
| 				     attr.recursive=1;
|   ;
|   return 0;
| }
aconfigure:9754: result: no
aconfigure:9760: checking ioqueue backend
aconfigure:9773: result: select()
aconfigure:9820: checking sys/soundcard.h usability
aconfigure:9832: gcc -c -O2  conftest.c >&5
aconfigure:9838: $? = 0
aconfigure:9842: test -z 
			 || test ! -s conftest.err
aconfigure:9845: $? = 0
aconfigure:9848: test -s conftest.o
aconfigure:9851: $? = 0
aconfigure:9861: result: yes
aconfigure:9865: checking sys/soundcard.h presence
aconfigure:9875: gcc -E  conftest.c
aconfigure:9881: $? = 0
aconfigure:9901: result: yes
aconfigure:9936: checking for sys/soundcard.h
aconfigure:9943: result: yes
aconfigure:9962: checking linux/soundcard.h usability
aconfigure:9974: gcc -c -O2  conftest.c >&5
aconfigure:9980: $? = 0
aconfigure:9984: test -z 
			 || test ! -s conftest.err
aconfigure:9987: $? = 0
aconfigure:9990: test -s conftest.o
aconfigure:9993: $? = 0
aconfigure:10003: result: yes
aconfigure:10007: checking linux/soundcard.h presence
aconfigure:10017: gcc -E  conftest.c
aconfigure:10023: $? = 0
aconfigure:10043: result: yes
aconfigure:10078: checking for linux/soundcard.h
aconfigure:10085: result: yes
aconfigure:10104: checking machine/soundcard.h usability
aconfigure:10116: gcc -c -O2  conftest.c >&5
conftest.c:107:31: error: machine/soundcard.h: No such file or directory
aconfigure:10122: $? = 1
aconfigure: failed program was:
| /* confdefs.h.  */
| 
| #define PACKAGE_NAME "pjproject"
| #define PACKAGE_TARNAME "pjproject"
| #define PACKAGE_VERSION "1.0"
| #define PACKAGE_STRING "pjproject 1.0"
| #define PACKAGE_BUGREPORT ""
| #ifdef __cplusplus
| extern "C" void exit (int) throw ();
| #endif
| #define HAVE_LIBPTHREAD 1
| #define HAVE_LIBRT 1
| #define HAVE_LIBNSL 1
| #define HAVE_LIBUUID 1
| #define PJ_M_NAME "x86_64"
| #define PJ_POOL_ALIGNMENT 8
| #define PJ_LINUX 1
| #define PJ_HAS_FLOATING_POINT 1
| #define HAVE_LIBM 1
| #define STDC_HEADERS 1
| #define HAVE_SYS_TYPES_H 1
| #define HAVE_SYS_STAT_H 1
| #define HAVE_STDLIB_H 1
| #define HAVE_STRING_H 1
| #define HAVE_MEMORY_H 1
| #define HAVE_STRINGS_H 1
| #define HAVE_INTTYPES_H 1
| #define HAVE_STDINT_H 1
| #define HAVE_UNISTD_H 1
| #define PJ_HAS_ARPA_INET_H 1
| #define PJ_HAS_ASSERT_H 1
| #define PJ_HAS_CTYPE_H 1
| #define PJ_HAS_ERRNO_H 1
| #define PJ_HAS_FCNTL_H 1
| #define PJ_HAS_LINUX_SOCKET_H 1
| #define PJ_HAS_MALLOC_H 1
| #define PJ_HAS_NETDB_H 1
| #define PJ_HAS_NETINET_IN_SYSTM_H 1
| #define PJ_HAS_NETINET_IN_H 1
| #define PJ_HAS_NETINET_IP_H 1
| #define PJ_HAS_IFADDRS_H 1
| #define PJ_HAS_SEMAPHORE_H 1
| #define PJ_HAS_SETJMP_H 1
| #define PJ_HAS_STDARG_H 1
| #define PJ_HAS_STDDEF_H 1
| #define PJ_HAS_STDIO_H 1
| #define PJ_HAS_STDINT_H 1
| #define PJ_HAS_STDLIB_H 1
| #define PJ_HAS_STRING_H 1
| #define PJ_HAS_SYS_IOCTL_H 1
| #define PJ_HAS_SYS_SELECT_H 1
| #define PJ_HAS_SYS_SOCKET_H 1
| #define PJ_HAS_SYS_TIME_H 1
| #define PJ_HAS_SYS_TIMEB_H 1
| #define PJ_HAS_SYS_TYPES_H 1
| #define PJ_HAS_TIME_H 1
| #define PJ_HAS_UNISTD_H 1
| #define PJ_HAS_NET_IF_H 1
| #define PJ_OS_NAME "x86_64-unknown-linux-gnu"
| #define PJ_HAS_ERRNO_VAR 1
| #define PJ_HAS_HIGH_RES_TIMER 1
| #define PJ_HAS_MALLOC 1
| #define PJ_NATIVE_STRING_IS_UNICODE 0
| #define PJ_ATOMIC_VALUE_TYPE long
| #define PJ_SOCK_HAS_INET_ATON 1
| #define PJ_SOCK_HAS_INET_PTON 1
| #define PJ_SOCK_HAS_INET_NTOP 1
| #define PJ_SOCK_HAS_GETADDRINFO 1
| #define PJ_HAS_SOCKLEN_T 1
| #define PJ_HAS_SO_ERROR 1
| #define PJ_EMULATE_RWMUTEX 0
| /* end confdefs.h.  */
| #include <stdio.h>
| #if HAVE_SYS_TYPES_H
| # include <sys/types.h>
| #endif
| #if HAVE_SYS_STAT_H
| # include <sys/stat.h>
| #endif
| #if STDC_HEADERS
| # include <stdlib.h>
| # include <stddef.h>
| #else
| # if HAVE_STDLIB_H
| #  include <stdlib.h>
| # endif
| #endif
| #if HAVE_STRING_H
| # if !STDC_HEADERS && HAVE_MEMORY_H
| #  include <memory.h>
| # endif
| # include <string.h>
| #endif
| #if HAVE_STRINGS_H
| # include <strings.h>
| #endif
| #if HAVE_INTTYPES_H
| # include <inttypes.h>
| #else
| # if HAVE_STDINT_H
| #  include <stdint.h>
| # endif
| #endif
| #if HAVE_UNISTD_H
| # include <unistd.h>
| #endif
| #include <machine/soundcard.h>
aconfigure:10145: result: no
aconfigure:10149: checking machine/soundcard.h presence
aconfigure:10159: gcc -E  conftest.c
conftest.c:73:31: error: machine/soundcard.h: No such file or directory
aconfigure:10165: $? = 1
aconfigure: failed program was:
| /* confdefs.h.  */
| 
| #define PACKAGE_NAME "pjproject"
| #define PACKAGE_TARNAME "pjproject"
| #define PACKAGE_VERSION "1.0"
| #define PACKAGE_STRING "pjproject 1.0"
| #define PACKAGE_BUGREPORT ""
| #ifdef __cplusplus
| extern "C" void exit (int) throw ();
| #endif
| #define HAVE_LIBPTHREAD 1
| #define HAVE_LIBRT 1
| #define HAVE_LIBNSL 1
| #define HAVE_LIBUUID 1
| #define PJ_M_NAME "x86_64"
| #define PJ_POOL_ALIGNMENT 8
| #define PJ_LINUX 1
| #define PJ_HAS_FLOATING_POINT 1
| #define HAVE_LIBM 1
| #define STDC_HEADERS 1
| #define HAVE_SYS_TYPES_H 1
| #define HAVE_SYS_STAT_H 1
| #define HAVE_STDLIB_H 1
| #define HAVE_STRING_H 1
| #define HAVE_MEMORY_H 1
| #define HAVE_STRINGS_H 1
| #define HAVE_INTTYPES_H 1
| #define HAVE_STDINT_H 1
| #define HAVE_UNISTD_H 1
| #define PJ_HAS_ARPA_INET_H 1
| #define PJ_HAS_ASSERT_H 1
| #define PJ_HAS_CTYPE_H 1
| #define PJ_HAS_ERRNO_H 1
| #define PJ_HAS_FCNTL_H 1
| #define PJ_HAS_LINUX_SOCKET_H 1
| #define PJ_HAS_MALLOC_H 1
| #define PJ_HAS_NETDB_H 1
| #define PJ_HAS_NETINET_IN_SYSTM_H 1
| #define PJ_HAS_NETINET_IN_H 1
| #define PJ_HAS_NETINET_IP_H 1
| #define PJ_HAS_IFADDRS_H 1
| #define PJ_HAS_SEMAPHORE_H 1
| #define PJ_HAS_SETJMP_H 1
| #define PJ_HAS_STDARG_H 1
| #define PJ_HAS_STDDEF_H 1
| #define PJ_HAS_STDIO_H 1
| #define PJ_HAS_STDINT_H 1
| #define PJ_HAS_STDLIB_H 1
| #define PJ_HAS_STRING_H 1
| #define PJ_HAS_SYS_IOCTL_H 1
| #define PJ_HAS_SYS_SELECT_H 1
| #define PJ_HAS_SYS_SOCKET_H 1
| #define PJ_HAS_SYS_TIME_H 1
| #define PJ_HAS_SYS_TIMEB_H 1
| #define PJ_HAS_SYS_TYPES_H 1
| #define PJ_HAS_TIME_H 1
| #define PJ_HAS_UNISTD_H 1
| #define PJ_HAS_NET_IF_H 1
| #define PJ_OS_NAME "x86_64-unknown-linux-gnu"
| #define PJ_HAS_ERRNO_VAR 1
| #define PJ_HAS_HIGH_RES_TIMER 1
| #define PJ_HAS_MALLOC 1
| #define PJ_NATIVE_STRING_IS_UNICODE 0
| #define PJ_ATOMIC_VALUE_TYPE long
| #define PJ_SOCK_HAS_INET_ATON 1
| #define PJ_SOCK_HAS_INET_PTON 1
| #define PJ_SOCK_HAS_INET_NTOP 1
| #define PJ_SOCK_HAS_GETADDRINFO 1
| #define PJ_HAS_SOCKLEN_T 1
| #define PJ_HAS_SO_ERROR 1
| #define PJ_EMULATE_RWMUTEX 0
| /* end confdefs.h.  */
| #include <machine/soundcard.h>
aconfigure:10185: result: no
aconfigure:10220: checking for machine/soundcard.h
aconfigure:10227: result: no
aconfigure:10283: checking alsa/version.h usability
aconfigure:10295: gcc -c -O2  conftest.c >&5
aconfigure:10301: $? = 0
aconfigure:10305: test -z 
			 || test ! -s conftest.err
aconfigure:10308: $? = 0
aconfigure:10311: test -s conftest.o
aconfigure:10314: $? = 0
aconfigure:10324: result: yes
aconfigure:10328: checking alsa/version.h presence
aconfigure:10338: gcc -E  conftest.c
aconfigure:10344: $? = 0
aconfigure:10364: result: yes
aconfigure:10399: checking for alsa/version.h
aconfigure:10406: result: yes
aconfigure:10421: result: Checking sound device backend... unix
aconfigure:10462: result: Checking if small filter is disabled... no
aconfigure:10476: result: Checking if large filter is disabled... no
aconfigure:10490: result: Checking if Speex AEC is disabled...no
aconfigure:10508: result: Checking if G.711 codec is disabled...no
aconfigure:10527: result: Checking if L16 codec is disabled...no
aconfigure:10546: result: Checking if GSM codec is disabled...no
aconfigure:10564: result: Checking if G.722 codec is disabled...no
aconfigure:10582: result: Checking if Speex codec is disabled...no
aconfigure:10600: result: Checking if iLBC codec is disabled...no
aconfigure:10682: result: Skipping libsamplerate detection
aconfigure:10959: result: Skipping Intel IPP settings (not wanted)
aconfigure:10978: result: checking for OpenSSL installations..
aconfigure:10993: checking openssl/ssl.h usability
aconfigure:11005: gcc -c -O2  conftest.c >&5
conftest.c:107:25: error: openssl/ssl.h: No such file or directory
aconfigure:11011: $? = 1
aconfigure: failed program was:
| /* confdefs.h.  */
| 
| #define PACKAGE_NAME "pjproject"
| #define PACKAGE_TARNAME "pjproject"
| #define PACKAGE_VERSION "1.0"
| #define PACKAGE_STRING "pjproject 1.0"
| #define PACKAGE_BUGREPORT ""
| #ifdef __cplusplus
| extern "C" void exit (int) throw ();
| #endif
| #define HAVE_LIBPTHREAD 1
| #define HAVE_LIBRT 1
| #define HAVE_LIBNSL 1
| #define HAVE_LIBUUID 1
| #define PJ_M_NAME "x86_64"
| #define PJ_POOL_ALIGNMENT 8
| #define PJ_LINUX 1
| #define PJ_HAS_FLOATING_POINT 1
| #define HAVE_LIBM 1
| #define STDC_HEADERS 1
| #define HAVE_SYS_TYPES_H 1
| #define HAVE_SYS_STAT_H 1
| #define HAVE_STDLIB_H 1
| #define HAVE_STRING_H 1
| #define HAVE_MEMORY_H 1
| #define HAVE_STRINGS_H 1
| #define HAVE_INTTYPES_H 1
| #define HAVE_STDINT_H 1
| #define HAVE_UNISTD_H 1
| #define PJ_HAS_ARPA_INET_H 1
| #define PJ_HAS_ASSERT_H 1
| #define PJ_HAS_CTYPE_H 1
| #define PJ_HAS_ERRNO_H 1
| #define PJ_HAS_FCNTL_H 1
| #define PJ_HAS_LINUX_SOCKET_H 1
| #define PJ_HAS_MALLOC_H 1
| #define PJ_HAS_NETDB_H 1
| #define PJ_HAS_NETINET_IN_SYSTM_H 1
| #define PJ_HAS_NETINET_IN_H 1
| #define PJ_HAS_NETINET_IP_H 1
| #define PJ_HAS_IFADDRS_H 1
| #define PJ_HAS_SEMAPHORE_H 1
| #define PJ_HAS_SETJMP_H 1
| #define PJ_HAS_STDARG_H 1
| #define PJ_HAS_STDDEF_H 1
| #define PJ_HAS_STDIO_H 1
| #define PJ_HAS_STDINT_H 1
| #define PJ_HAS_STDLIB_H 1
| #define PJ_HAS_STRING_H 1
| #define PJ_HAS_SYS_IOCTL_H 1
| #define PJ_HAS_SYS_SELECT_H 1
| #define PJ_HAS_SYS_SOCKET_H 1
| #define PJ_HAS_SYS_TIME_H 1
| #define PJ_HAS_SYS_TIMEB_H 1
| #define PJ_HAS_SYS_TYPES_H 1
| #define PJ_HAS_TIME_H 1
| #define PJ_HAS_UNISTD_H 1
| #define PJ_HAS_NET_IF_H 1
| #define PJ_OS_NAME "x86_64-unknown-linux-gnu"
| #define PJ_HAS_ERRNO_VAR 1
| #define PJ_HAS_HIGH_RES_TIMER 1
| #define PJ_HAS_MALLOC 1
| #define PJ_NATIVE_STRING_IS_UNICODE 0
| #define PJ_ATOMIC_VALUE_TYPE long
| #define PJ_SOCK_HAS_INET_ATON 1
| #define PJ_SOCK_HAS_INET_PTON 1
| #define PJ_SOCK_HAS_INET_NTOP 1
| #define PJ_SOCK_HAS_GETADDRINFO 1
| #define PJ_HAS_SOCKLEN_T 1
| #define PJ_HAS_SO_ERROR 1
| #define PJ_EMULATE_RWMUTEX 0
| /* end confdefs.h.  */
| #include <stdio.h>
| #if HAVE_SYS_TYPES_H
| # include <sys/types.h>
| #endif
| #if HAVE_SYS_STAT_H
| # include <sys/stat.h>
| #endif
| #if STDC_HEADERS
| # include <stdlib.h>
| # include <stddef.h>
| #else
| # if HAVE_STDLIB_H
| #  include <stdlib.h>
| # endif
| #endif
| #if HAVE_STRING_H
| # if !STDC_HEADERS && HAVE_MEMORY_H
| #  include <memory.h>
| # endif
| # include <string.h>
| #endif
| #if HAVE_STRINGS_H
| # include <strings.h>
| #endif
| #if HAVE_INTTYPES_H
| # include <inttypes.h>
| #else
| # if HAVE_STDINT_H
| #  include <stdint.h>
| # endif
| #endif
| #if HAVE_UNISTD_H
| # include <unistd.h>
| #endif
| #include <openssl/ssl.h>
aconfigure:11034: result: no
aconfigure:11038: checking openssl/ssl.h presence
aconfigure:11048: gcc -E  conftest.c
conftest.c:73:25: error: openssl/ssl.h: No such file or directory
aconfigure:11054: $? = 1
aconfigure: failed program was:
| /* confdefs.h.  */
| 
| #define PACKAGE_NAME "pjproject"
| #define PACKAGE_TARNAME "pjproject"
| #define PACKAGE_VERSION "1.0"
| #define PACKAGE_STRING "pjproject 1.0"
| #define PACKAGE_BUGREPORT ""
| #ifdef __cplusplus
| extern "C" void exit (int) throw ();
| #endif
| #define HAVE_LIBPTHREAD 1
| #define HAVE_LIBRT 1
| #define HAVE_LIBNSL 1
| #define HAVE_LIBUUID 1
| #define PJ_M_NAME "x86_64"
| #define PJ_POOL_ALIGNMENT 8
| #define PJ_LINUX 1
| #define PJ_HAS_FLOATING_POINT 1
| #define HAVE_LIBM 1
| #define STDC_HEADERS 1
| #define HAVE_SYS_TYPES_H 1
| #define HAVE_SYS_STAT_H 1
| #define HAVE_STDLIB_H 1
| #define HAVE_STRING_H 1
| #define HAVE_MEMORY_H 1
| #define HAVE_STRINGS_H 1
| #define HAVE_INTTYPES_H 1
| #define HAVE_STDINT_H 1
| #define HAVE_UNISTD_H 1
| #define PJ_HAS_ARPA_INET_H 1
| #define PJ_HAS_ASSERT_H 1
| #define PJ_HAS_CTYPE_H 1
| #define PJ_HAS_ERRNO_H 1
| #define PJ_HAS_FCNTL_H 1
| #define PJ_HAS_LINUX_SOCKET_H 1
| #define PJ_HAS_MALLOC_H 1
| #define PJ_HAS_NETDB_H 1
| #define PJ_HAS_NETINET_IN_SYSTM_H 1
| #define PJ_HAS_NETINET_IN_H 1
| #define PJ_HAS_NETINET_IP_H 1
| #define PJ_HAS_IFADDRS_H 1
| #define PJ_HAS_SEMAPHORE_H 1
| #define PJ_HAS_SETJMP_H 1
| #define PJ_HAS_STDARG_H 1
| #define PJ_HAS_STDDEF_H 1
| #define PJ_HAS_STDIO_H 1
| #define PJ_HAS_STDINT_H 1
| #define PJ_HAS_STDLIB_H 1
| #define PJ_HAS_STRING_H 1
| #define PJ_HAS_SYS_IOCTL_H 1
| #define PJ_HAS_SYS_SELECT_H 1
| #define PJ_HAS_SYS_SOCKET_H 1
| #define PJ_HAS_SYS_TIME_H 1
| #define PJ_HAS_SYS_TIMEB_H 1
| #define PJ_HAS_SYS_TYPES_H 1
| #define PJ_HAS_TIME_H 1
| #define PJ_HAS_UNISTD_H 1
| #define PJ_HAS_NET_IF_H 1
| #define PJ_OS_NAME "x86_64-unknown-linux-gnu"
| #define PJ_HAS_ERRNO_VAR 1
| #define PJ_HAS_HIGH_RES_TIMER 1
| #define PJ_HAS_MALLOC 1
| #define PJ_NATIVE_STRING_IS_UNICODE 0
| #define PJ_ATOMIC_VALUE_TYPE long
| #define PJ_SOCK_HAS_INET_ATON 1
| #define PJ_SOCK_HAS_INET_PTON 1
| #define PJ_SOCK_HAS_INET_NTOP 1
| #define PJ_SOCK_HAS_GETADDRINFO 1
| #define PJ_HAS_SOCKLEN_T 1
| #define PJ_HAS_SO_ERROR 1
| #define PJ_EMULATE_RWMUTEX 0
| /* end confdefs.h.  */
| #include <openssl/ssl.h>
aconfigure:11074: result: no
aconfigure:11109: checking for openssl/ssl.h
aconfigure:11116: result: no
aconfigure:11125: checking for SSL_library_init in -lssl
aconfigure:11155: gcc -o conftest -O2   conftest.c -lssl  -lm -luuid -lnsl -lrt -lpthread  -lasound >&5
/usr/bin/ld: cannot find -lssl
collect2: ld returned 1 exit status
aconfigure:11161: $? = 1
aconfigure: failed program was:
| /* confdefs.h.  */
| 
| #define PACKAGE_NAME "pjproject"
| #define PACKAGE_TARNAME "pjproject"
| #define PACKAGE_VERSION "1.0"
| #define PACKAGE_STRING "pjproject 1.0"
| #define PACKAGE_BUGREPORT ""
| #ifdef __cplusplus
| extern "C" void exit (int) throw ();
| #endif
| #define HAVE_LIBPTHREAD 1
| #define HAVE_LIBRT 1
| #define HAVE_LIBNSL 1
| #define HAVE_LIBUUID 1
| #define PJ_M_NAME "x86_64"
| #define PJ_POOL_ALIGNMENT 8
| #define PJ_LINUX 1
| #define PJ_HAS_FLOATING_POINT 1
| #define HAVE_LIBM 1
| #define STDC_HEADERS 1
| #define HAVE_SYS_TYPES_H 1
| #define HAVE_SYS_STAT_H 1
| #define HAVE_STDLIB_H 1
| #define HAVE_STRING_H 1
| #define HAVE_MEMORY_H 1
| #define HAVE_STRINGS_H 1
| #define HAVE_INTTYPES_H 1
| #define HAVE_STDINT_H 1
| #define HAVE_UNISTD_H 1
| #define PJ_HAS_ARPA_INET_H 1
| #define PJ_HAS_ASSERT_H 1
| #define PJ_HAS_CTYPE_H 1
| #define PJ_HAS_ERRNO_H 1
| #define PJ_HAS_FCNTL_H 1
| #define PJ_HAS_LINUX_SOCKET_H 1
| #define PJ_HAS_MALLOC_H 1
| #define PJ_HAS_NETDB_H 1
| #define PJ_HAS_NETINET_IN_SYSTM_H 1
| #define PJ_HAS_NETINET_IN_H 1
| #define PJ_HAS_NETINET_IP_H 1
| #define PJ_HAS_IFADDRS_H 1
| #define PJ_HAS_SEMAPHORE_H 1
| #define PJ_HAS_SETJMP_H 1
| #define PJ_HAS_STDARG_H 1
| #define PJ_HAS_STDDEF_H 1
| #define PJ_HAS_STDIO_H 1
| #define PJ_HAS_STDINT_H 1
| #define PJ_HAS_STDLIB_H 1
| #define PJ_HAS_STRING_H 1
| #define PJ_HAS_SYS_IOCTL_H 1
| #define PJ_HAS_SYS_SELECT_H 1
| #define PJ_HAS_SYS_SOCKET_H 1
| #define PJ_HAS_SYS_TIME_H 1
| #define PJ_HAS_SYS_TIMEB_H 1
| #define PJ_HAS_SYS_TYPES_H 1
| #define PJ_HAS_TIME_H 1
| #define PJ_HAS_UNISTD_H 1
| #define PJ_HAS_NET_IF_H 1
| #define PJ_OS_NAME "x86_64-unknown-linux-gnu"
| #define PJ_HAS_ERRNO_VAR 1
| #define PJ_HAS_HIGH_RES_TIMER 1
| #define PJ_HAS_MALLOC 1
| #define PJ_NATIVE_STRING_IS_UNICODE 0
| #define PJ_ATOMIC_VALUE_TYPE long
| #define PJ_SOCK_HAS_INET_ATON 1
| #define PJ_SOCK_HAS_INET_PTON 1
| #define PJ_SOCK_HAS_INET_NTOP 1
| #define PJ_SOCK_HAS_GETADDRINFO 1
| #define PJ_HAS_SOCKLEN_T 1
| #define PJ_HAS_SO_ERROR 1
| #define PJ_EMULATE_RWMUTEX 0
| /* end confdefs.h.  */
| 
| /* Override any gcc2 internal prototype to avoid an error.  */
| #ifdef __cplusplus
| extern "C"
| #endif
| /* We use char because int might match the return type of a gcc2
|    builtin and then its argument prototype would still apply.  */
| char SSL_library_init ();
| int
| main ()
| {
| SSL_library_init ();
|   ;
|   return 0;
| }
aconfigure:11187: result: no
aconfigure:11193: checking for ERR_load_BIO_strings in -lcrypto
aconfigure:11223: gcc -o conftest -O2   conftest.c -lcrypto  -lm -luuid -lnsl -lrt -lpthread  -lasound >&5
/usr/bin/ld: cannot find -lcrypto
collect2: ld returned 1 exit status
aconfigure:11229: $? = 1
aconfigure: failed program was:
| /* confdefs.h.  */
| 
| #define PACKAGE_NAME "pjproject"
| #define PACKAGE_TARNAME "pjproject"
| #define PACKAGE_VERSION "1.0"
| #define PACKAGE_STRING "pjproject 1.0"
| #define PACKAGE_BUGREPORT ""
| #ifdef __cplusplus
| extern "C" void exit (int) throw ();
| #endif
| #define HAVE_LIBPTHREAD 1
| #define HAVE_LIBRT 1
| #define HAVE_LIBNSL 1
| #define HAVE_LIBUUID 1
| #define PJ_M_NAME "x86_64"
| #define PJ_POOL_ALIGNMENT 8
| #define PJ_LINUX 1
| #define PJ_HAS_FLOATING_POINT 1
| #define HAVE_LIBM 1
| #define STDC_HEADERS 1
| #define HAVE_SYS_TYPES_H 1
| #define HAVE_SYS_STAT_H 1
| #define HAVE_STDLIB_H 1
| #define HAVE_STRING_H 1
| #define HAVE_MEMORY_H 1
| #define HAVE_STRINGS_H 1
| #define HAVE_INTTYPES_H 1
| #define HAVE_STDINT_H 1
| #define HAVE_UNISTD_H 1
| #define PJ_HAS_ARPA_INET_H 1
| #define PJ_HAS_ASSERT_H 1
| #define PJ_HAS_CTYPE_H 1
| #define PJ_HAS_ERRNO_H 1
| #define PJ_HAS_FCNTL_H 1
| #define PJ_HAS_LINUX_SOCKET_H 1
| #define PJ_HAS_MALLOC_H 1
| #define PJ_HAS_NETDB_H 1
| #define PJ_HAS_NETINET_IN_SYSTM_H 1
| #define PJ_HAS_NETINET_IN_H 1
| #define PJ_HAS_NETINET_IP_H 1
| #define PJ_HAS_IFADDRS_H 1
| #define PJ_HAS_SEMAPHORE_H 1
| #define PJ_HAS_SETJMP_H 1
| #define PJ_HAS_STDARG_H 1
| #define PJ_HAS_STDDEF_H 1
| #define PJ_HAS_STDIO_H 1
| #define PJ_HAS_STDINT_H 1
| #define PJ_HAS_STDLIB_H 1
| #define PJ_HAS_STRING_H 1
| #define PJ_HAS_SYS_IOCTL_H 1
| #define PJ_HAS_SYS_SELECT_H 1
| #define PJ_HAS_SYS_SOCKET_H 1
| #define PJ_HAS_SYS_TIME_H 1
| #define PJ_HAS_SYS_TIMEB_H 1
| #define PJ_HAS_SYS_TYPES_H 1
| #define PJ_HAS_TIME_H 1
| #define PJ_HAS_UNISTD_H 1
| #define PJ_HAS_NET_IF_H 1
| #define PJ_OS_NAME "x86_64-unknown-linux-gnu"
| #define PJ_HAS_ERRNO_VAR 1
| #define PJ_HAS_HIGH_RES_TIMER 1
| #define PJ_HAS_MALLOC 1
| #define PJ_NATIVE_STRING_IS_UNICODE 0
| #define PJ_ATOMIC_VALUE_TYPE long
| #define PJ_SOCK_HAS_INET_ATON 1
| #define PJ_SOCK_HAS_INET_PTON 1
| #define PJ_SOCK_HAS_INET_NTOP 1
| #define PJ_SOCK_HAS_GETADDRINFO 1
| #define PJ_HAS_SOCKLEN_T 1
| #define PJ_HAS_SO_ERROR 1
| #define PJ_EMULATE_RWMUTEX 0
| /* end confdefs.h.  */
| 
| /* Override any gcc2 internal prototype to avoid an error.  */
| #ifdef __cplusplus
| extern "C"
| #endif
| /* We use char because int might match the return type of a gcc2
|    builtin and then its argument prototype would still apply.  */
| char ERR_load_BIO_strings ();
| int
| main ()
| {
| ERR_load_BIO_strings ();
|   ;
|   return 0;
| }
aconfigure:11255: result: no
aconfigure:11269: result: ** OpenSSL libraries not found, disabling SSL support **
aconfigure:11278: checking if select() needs correct nfds
aconfigure:11292: result: no (default)
aconfigure:11294: result: ** Decided that select() doesn't need correct nfds (please check)
aconfigure:11299: checking if pj_thread_create() should enforce stack size
aconfigure:11313: result: no (default)
aconfigure:11318: checking if pj_thread_create() should allocate stack
aconfigure:11332: result: no (default)
aconfigure:11348: result: ** Setting non-blocking recv() retval to EAGAIN (please check)
aconfigure:11364: result: ** Setting non-blocking connect() retval to EINPROGRESS (please check)
aconfigure:11488: creating ./config.status

## ---------------------- ##
## Running config.status. ##
## ---------------------- ##

This file was extended by pjproject config.status 1.0, which was
generated by GNU Autoconf 2.59.  Invocation command line was

  CONFIG_FILES    = 
  CONFIG_HEADERS  = 
  CONFIG_LINKS    = 
  CONFIG_COMMANDS = 
  $ ./config.status 

on emilou-desktop

config.status:691: creating build.mak
config.status:691: creating build/os-auto.mak
config.status:691: creating pjlib/build/os-auto.mak
config.status:691: creating pjlib-util/build/os-auto.mak
config.status:691: creating pjmedia/build/os-auto.mak
config.status:691: creating pjsip/build/os-auto.mak
config.status:691: creating third_party/build/portaudio/os-auto.mak
config.status:691: creating third_party/build/os-auto.mak
config.status:794: creating pjlib/include/pj/compat/os_auto.h
config.status:794: creating pjlib/include/pj/compat/m_auto.h
config.status:794: creating pjmedia/include/pjmedia/config_auto.h
config.status:794: creating pjmedia/include/pjmedia-codec/config_auto.h
config.status:794: creating pjsip/include/pjsip/sip_autoconf.h
aconfigure:12561: result:

Configurations for current target have been written to 'build.mak', and 'os-auto.mak' in various build directories, and pjlib/include/pj/compat/os_auto.h.

Further customizations can be put in:
  - 'user.mak'
  - 'pjlib/include/pj/config_site.h'

The next step now is to run 'make dep' and 'make'.


## ---------------- ##
## Cache variables. ##
## ---------------- ##

ac_cv_build=x86_64-unknown-linux-gnu
ac_cv_build_alias=x86_64-unknown-linux-gnu
ac_cv_c_bigendian=no
ac_cv_c_compiler_gnu=yes
ac_cv_cxx_compiler_gnu=yes
ac_cv_env_CC_set=
ac_cv_env_CC_value=
ac_cv_env_CFLAGS_set=
ac_cv_env_CFLAGS_value=
ac_cv_env_CPPFLAGS_set=
ac_cv_env_CPPFLAGS_value=
ac_cv_env_CPP_set=
ac_cv_env_CPP_value=
ac_cv_env_CXXFLAGS_set=
ac_cv_env_CXXFLAGS_value=
ac_cv_env_CXX_set=
ac_cv_env_CXX_value=
ac_cv_env_LDFLAGS_set=
ac_cv_env_LDFLAGS_value=
ac_cv_env_build_alias_set=
ac_cv_env_build_alias_value=
ac_cv_env_host_alias_set=
ac_cv_env_host_alias_value=
ac_cv_env_target_alias_set=
ac_cv_env_target_alias_value=
ac_cv_exeext=
ac_cv_header_alsa_version_h=yes
ac_cv_header_arpa_inet_h=yes
ac_cv_header_assert_h=yes
ac_cv_header_ctype_h=yes
ac_cv_header_errno_h=yes
ac_cv_header_fcntl_h=yes
ac_cv_header_ifaddrs_h=yes
ac_cv_header_inttypes_h=yes
ac_cv_header_linux_socket_h=yes
ac_cv_header_linux_soundcard_h=yes
ac_cv_header_machine_soundcard_h=no
ac_cv_header_malloc_h=yes
ac_cv_header_memory_h=yes
ac_cv_header_mswsock_h=no
ac_cv_header_net_if_h=yes
ac_cv_header_netdb_h=yes
ac_cv_header_netinet_in_h=yes
ac_cv_header_netinet_in_systm_h=yes
ac_cv_header_netinet_ip_h=yes
ac_cv_header_openssl_ssl_h=no
ac_cv_header_semaphore_h=yes
ac_cv_header_setjmp_h=yes
ac_cv_header_stdarg_h=yes
ac_cv_header_stdc=yes
ac_cv_header_stddef_h=yes
ac_cv_header_stdint_h=yes
ac_cv_header_stdio_h=yes
ac_cv_header_stdlib_h=yes
ac_cv_header_string_h=yes
ac_cv_header_strings_h=yes
ac_cv_header_sys_ioctl_h=yes
ac_cv_header_sys_select_h=yes
ac_cv_header_sys_socket_h=yes
ac_cv_header_sys_soundcard_h=yes
ac_cv_header_sys_stat_h=yes
ac_cv_header_sys_time_h=yes
ac_cv_header_sys_timeb_h=yes
ac_cv_header_sys_types_h=yes
ac_cv_header_time_h=yes
ac_cv_header_unistd_h=yes
ac_cv_header_uuid_uuid_h=yes
ac_cv_header_winsock2_h=no
ac_cv_header_winsock_h=no
ac_cv_header_ws2tcpip_h=no
ac_cv_host=x86_64-unknown-linux-gnu
ac_cv_host_alias=x86_64-unknown-linux-gnu
ac_cv_lib_crypto_ERR_load_BIO_strings=no
ac_cv_lib_m_fmod=yes
ac_cv_lib_nsl_puts=yes
ac_cv_lib_ole32_puts=no
ac_cv_lib_pthread_pthread_create=yes
ac_cv_lib_rt_puts=yes
ac_cv_lib_socket_puts=no
ac_cv_lib_ssl_SSL_library_init=no
ac_cv_lib_uuid_uuid_generate=yes
ac_cv_lib_winmm_puts=no
ac_cv_lib_ws2_32_puts=no
ac_cv_lib_wsock32_puts=no
ac_cv_objext=o
ac_cv_prog_CPP='gcc -E'
ac_cv_prog_ac_ct_CC=gcc
ac_cv_prog_ac_ct_CXX=g++
ac_cv_prog_cc_g=yes
ac_cv_prog_cc_stdc=
ac_cv_prog_cxx_g=yes
ac_cv_prog_egrep='grep -E'
ac_cv_target=x86_64-unknown-linux-gnu
ac_cv_target_alias=x86_64-unknown-linux-gnu

## ----------------- ##
## Output variables. ##
## ----------------- ##

CC='gcc'
CFLAGS='-O2'
CPP='gcc -E'
CPPFLAGS=''
CXX='g++'
CXXFLAGS='-O2 '
DEFS='-DHAVE_CONFIG_H'
ECHO_C=''
ECHO_N='-n'
ECHO_T=''
EGREP='grep -E'
EXEEXT=''
LDFLAGS=''
LIBOBJS=''
LIBS='-lm -luuid -lnsl -lrt -lpthread  -lasound'
LTLIBOBJS=''
OBJEXT='o'
PACKAGE_BUGREPORT=''
PACKAGE_NAME='pjproject'
PACKAGE_STRING='pjproject 1.0'
PACKAGE_TARNAME='pjproject'
PACKAGE_VERSION='1.0'
PATH_SEPARATOR=':'
SHELL='/bin/bash'
ac_build_mak_vars=''
ac_cross_compile=''
ac_ct_CC='gcc'
ac_ct_CXX='g++'
ac_host='unix'
ac_linux_poll='select'
ac_main_obj='main.o'
ac_no_g711_codec=''
ac_no_g722_codec=''
ac_no_gsm_codec=''
ac_no_ilbc_codec=''
ac_no_l16_codec=''
ac_no_large_filter=''
ac_no_small_filter=''
ac_no_speex_aec=''
ac_no_speex_codec=''
ac_no_ssl=''
ac_os_objs='ioqueue_select.o file_access_unistd.o file_io_ansi.o os_core_unix.o os_error_unix.o os_time_unix.o os_timestamp_posix.o guid_uuid.o'
ac_pa_cflags=' -DHAVE_SYS_SOUNDCARD_H -DHAVE_LINUX_SOUNDCARD_H -DPA_LITTLE_ENDIAN'
ac_pa_use_alsa='1'
ac_pa_use_oss='1'
ac_pjdir='/home/emilou/git-repos/sflphone/sflphone-common/libs/pjproject-1.0.2'
ac_pjmedia_snd='pa_unix'
bindir='${exec_prefix}/bin'
build='x86_64-unknown-linux-gnu'
build_alias=''
build_cpu='x86_64'
build_os='linux-gnu'
build_vendor='unknown'
datadir='${prefix}/share'
exec_prefix='${prefix}'
host='x86_64-unknown-linux-gnu'
host_alias=''
host_cpu='x86_64'
host_os='linux-gnu'
host_vendor='unknown'
includedir='${prefix}/include'
infodir='${prefix}/info'
libcrypto_present=''
libdir='${exec_prefix}/lib'
libexecdir='${exec_prefix}/libexec'
libssl_present=''
localstatedir='${prefix}/var'
mandir='${prefix}/man'
oldincludedir='/usr/include'
openssl_h_present=''
prefix='/usr/local'
program_transform_name='s,x,x,'
sbindir='${exec_prefix}/sbin'
sharedstatedir='${prefix}/com'
sysconfdir='${prefix}/etc'
target='x86_64-unknown-linux-gnu'
target_alias=''
target_cpu='x86_64'
target_os='linux-gnu'
target_vendor='unknown'

## ----------- ##
## confdefs.h. ##
## ----------- ##

#define HAVE_INTTYPES_H 1
#define HAVE_LIBM 1
#define HAVE_LIBNSL 1
#define HAVE_LIBPTHREAD 1
#define HAVE_LIBRT 1
#define HAVE_LIBUUID 1
#define HAVE_MEMORY_H 1
#define HAVE_STDINT_H 1
#define HAVE_STDLIB_H 1
#define HAVE_STRINGS_H 1
#define HAVE_STRING_H 1
#define HAVE_SYS_STAT_H 1
#define HAVE_SYS_TYPES_H 1
#define HAVE_UNISTD_H 1
#define PACKAGE_BUGREPORT ""
#define PACKAGE_NAME "pjproject"
#define PACKAGE_STRING "pjproject 1.0"
#define PACKAGE_TARNAME "pjproject"
#define PACKAGE_VERSION "1.0"
#define PJ_ATOMIC_VALUE_TYPE long
#define PJ_BLOCKING_CONNECT_ERROR_VAL EINPROGRESS
#define PJ_BLOCKING_ERROR_VAL EAGAIN
#define PJ_EMULATE_RWMUTEX 0
#define PJ_HAS_ARPA_INET_H 1
#define PJ_HAS_ASSERT_H 1
#define PJ_HAS_CTYPE_H 1
#define PJ_HAS_ERRNO_H 1
#define PJ_HAS_ERRNO_VAR 1
#define PJ_HAS_FCNTL_H 1
#define PJ_HAS_FLOATING_POINT 1
#define PJ_HAS_HIGH_RES_TIMER 1
#define PJ_HAS_IFADDRS_H 1
#define PJ_HAS_LINUX_SOCKET_H 1
#define PJ_HAS_MALLOC 1
#define PJ_HAS_MALLOC_H 1
#define PJ_HAS_NETDB_H 1
#define PJ_HAS_NETINET_IN_H 1
#define PJ_HAS_NETINET_IN_SYSTM_H 1
#define PJ_HAS_NETINET_IP_H 1
#define PJ_HAS_NET_IF_H 1
#define PJ_HAS_SEMAPHORE_H 1
#define PJ_HAS_SETJMP_H 1
#define PJ_HAS_SOCKLEN_T 1
#define PJ_HAS_SO_ERROR 1
#define PJ_HAS_STDARG_H 1
#define PJ_HAS_STDDEF_H 1
#define PJ_HAS_STDINT_H 1
#define PJ_HAS_STDIO_H 1
#define PJ_HAS_STDLIB_H 1
#define PJ_HAS_STRING_H 1
#define PJ_HAS_SYS_IOCTL_H 1
#define PJ_HAS_SYS_SELECT_H 1
#define PJ_HAS_SYS_SOCKET_H 1
#define PJ_HAS_SYS_TIMEB_H 1
#define PJ_HAS_SYS_TIME_H 1
#define PJ_HAS_SYS_TYPES_H 1
#define PJ_HAS_TIME_H 1
#define PJ_HAS_UNISTD_H 1
#define PJ_LINUX 1
#define PJ_M_NAME "x86_64"
#define PJ_NATIVE_STRING_IS_UNICODE 0
#define PJ_OS_NAME "x86_64-unknown-linux-gnu"
#define PJ_POOL_ALIGNMENT 8
#define PJ_SELECT_NEEDS_NFDS 0
#define PJ_SOCK_HAS_GETADDRINFO 1
#define PJ_SOCK_HAS_INET_ATON 1
#define PJ_SOCK_HAS_INET_NTOP 1
#define PJ_SOCK_HAS_INET_PTON 1
#define PJ_THREAD_ALLOCATE_STACK 0
#define PJ_THREAD_SET_STACK_SIZE 0
#define STDC_HEADERS 1
#endif
#ifdef __cplusplus
extern "C" void exit (int) throw ();

aconfigure: exit 0
