This file contains any messages produced by compilers while
running configure, to aid debugging if configure makes a mistake.

It was created by pjproject aconfigure 1.0, which was
generated by GNU Autoconf 2.61.  Invocation command line was

  $ ./aconfigure 

## --------- ##
## Platform. ##
## --------- ##

hostname = alexandresavard-desktop
uname -m = i686
uname -r = 2.6.28-15-generic
uname -s = Linux
uname -v = #52-Ubuntu SMP Wed Sep 9 10:49:34 UTC 2009

/usr/bin/uname -p = unknown
/bin/uname -X     = unknown

/bin/arch              = unknown
/usr/bin/arch -k       = unknown
/usr/convex/getsysinfo = unknown
/usr/bin/hostinfo      = unknown
/bin/machine           = unknown
/usr/bin/oslevel       = unknown
/bin/universe          = unknown

PATH: /usr/local/sbin
PATH: /usr/local/bin
PATH: /usr/sbin
PATH: /usr/bin
PATH: /sbin
PATH: /bin
PATH: /usr/games


## ----------- ##
## Core tests. ##
## ----------- ##

aconfigure:1802: checking build system type
aconfigure:1820: result: i686-pc-linux-gnu
aconfigure:1842: checking host system type
aconfigure:1857: result: i686-pc-linux-gnu
aconfigure:1879: checking target system type
aconfigure:1894: result: i686-pc-linux-gnu
aconfigure:1984: checking for gcc
aconfigure:2000: found /usr/bin/gcc
aconfigure:2011: result: gcc
aconfigure:2249: checking for C compiler version
aconfigure:2256: gcc --version >&5
gcc (Ubuntu 4.3.3-5ubuntu4) 4.3.3
Copyright (C) 2008 Free Software Foundation, Inc.
This is free software; see the source for copying conditions.  There is NO
warranty; not even for MERCHANTABILITY or FITNESS FOR A PARTICULAR PURPOSE.

aconfigure:2259: $? = 0
aconfigure:2266: gcc -v >&5
Using built-in specs.
Target: i486-linux-gnu
Configured with: ../src/configure -v --with-pkgversion='Ubuntu 4.3.3-5ubuntu4' --with-bugurl=file:///usr/share/doc/gcc-4.3/README.Bugs --enable-languages=c,c++,fortran,objc,obj-c++ --prefix=/usr --enable-shared --with-system-zlib --libexecdir=/usr/lib --without-included-gettext --enable-threads=posix --enable-nls --with-gxx-include-dir=/usr/include/c++/4.3 --program-suffix=-4.3 --enable-clocale=gnu --enable-libstdcxx-debug --enable-objc-gc --enable-mpfr --enable-targets=all --with-tune=generic --enable-checking=release --build=i486-linux-gnu --host=i486-linux-gnu --target=i486-linux-gnu
Thread model: posix
gcc version 4.3.3 (Ubuntu 4.3.3-5ubuntu4) 
aconfigure:2269: $? = 0
aconfigure:2276: gcc -V >&5
gcc: '-V' option must have argument
aconfigure:2279: $? = 1
aconfigure:2302: checking for C compiler default output file name
aconfigure:2329: gcc -O2   conftest.c  >&5
aconfigure:2332: $? = 0
aconfigure:2370: result: a.out
aconfigure:2387: checking whether the C compiler works
aconfigure:2397: ./a.out
aconfigure:2400: $? = 0
aconfigure:2417: result: yes
aconfigure:2424: checking whether we are cross compiling
aconfigure:2426: result: no
aconfigure:2429: checking for suffix of executables
aconfigure:2436: gcc -o conftest -O2   conftest.c  >&5
aconfigure:2439: $? = 0
aconfigure:2463: result: 
aconfigure:2469: checking for suffix of object files
aconfigure:2495: gcc -c -O2  conftest.c >&5
aconfigure:2498: $? = 0
aconfigure:2521: result: o
aconfigure:2525: checking whether we are using the GNU C compiler
aconfigure:2554: gcc -c -O2  conftest.c >&5
aconfigure:2560: $? = 0
aconfigure:2577: result: yes
aconfigure:2582: checking whether gcc accepts -g
aconfigure:2612: gcc -c -g  conftest.c >&5
aconfigure:2618: $? = 0
aconfigure:2717: result: yes
aconfigure:2734: checking for gcc option to accept ISO C89
aconfigure:2808: gcc  -c -O2  conftest.c >&5
aconfigure:2814: $? = 0
aconfigure:2837: result: none needed
aconfigure:2913: checking for g++
aconfigure:2929: found /usr/bin/g++
aconfigure:2940: result: g++
aconfigure:2971: checking for C++ compiler version
aconfigure:2978: g++ --version >&5
g++ (Ubuntu 4.3.3-5ubuntu4) 4.3.3
Copyright (C) 2008 Free Software Foundation, Inc.
This is free software; see the source for copying conditions.  There is NO
warranty; not even for MERCHANTABILITY or FITNESS FOR A PARTICULAR PURPOSE.

aconfigure:2981: $? = 0
aconfigure:2988: g++ -v >&5
Using built-in specs.
Target: i486-linux-gnu
Configured with: ../src/configure -v --with-pkgversion='Ubuntu 4.3.3-5ubuntu4' --with-bugurl=file:///usr/share/doc/gcc-4.3/README.Bugs --enable-languages=c,c++,fortran,objc,obj-c++ --prefix=/usr --enable-shared --with-system-zlib --libexecdir=/usr/lib --without-included-gettext --enable-threads=posix --enable-nls --with-gxx-include-dir=/usr/include/c++/4.3 --program-suffix=-4.3 --enable-clocale=gnu --enable-libstdcxx-debug --enable-objc-gc --enable-mpfr --enable-targets=all --with-tune=generic --enable-checking=release --build=i486-linux-gnu --host=i486-linux-gnu --target=i486-linux-gnu
Thread model: posix
gcc version 4.3.3 (Ubuntu 4.3.3-5ubuntu4) 
aconfigure:2991: $? = 0
aconfigure:2998: g++ -V >&5
g++: '-V' option must have argument
aconfigure:3001: $? = 1
aconfigure:3004: checking whether we are using the GNU C++ compiler
aconfigure:3033: g++ -c -O2   conftest.cpp >&5
aconfigure:3039: $? = 0
aconfigure:3056: result: yes
aconfigure:3061: checking whether g++ accepts -g
aconfigure:3091: g++ -c -g  conftest.cpp >&5
aconfigure:3097: $? = 0
aconfigure:3196: result: yes
aconfigure:3239: checking for pthread_create in -lpthread
aconfigure:3274: gcc -o conftest -O2   conftest.c -lpthread   >&5
aconfigure:3280: $? = 0
aconfigure:3298: result: yes
aconfigure:3310: checking for puts in -lwsock32
aconfigure:3345: gcc -o conftest -O2   conftest.c -lwsock32  -lpthread  >&5
conftest.c:16: warning: conflicting types for built-in function 'puts'
/usr/bin/ld: cannot find -lwsock32
collect2: ld returned 1 exit status
aconfigure:3351: $? = 1
aconfigure: failed program was:
| /* confdefs.h.  */
| #define PACKAGE_NAME "pjproject"
| #define PACKAGE_TARNAME "pjproject"
| #define PACKAGE_VERSION "1.0"
| #define PACKAGE_STRING "pjproject 1.0"
| #define PACKAGE_BUGREPORT ""
| #define HAVE_LIBPTHREAD 1
| /* end confdefs.h.  */
| 
| /* Override any GCC internal prototype to avoid an error.
|    Use char because int might match the return type of a GCC
|    builtin and then its argument prototype would still apply.  */
| #ifdef __cplusplus
| extern "C"
| #endif
| char puts ();
| int
| main ()
| {
| return puts ();
|   ;
|   return 0;
| }
aconfigure:3369: result: no
aconfigure:3381: checking for puts in -lws2_32
aconfigure:3416: gcc -o conftest -O2   conftest.c -lws2_32  -lpthread  >&5
conftest.c:16: warning: conflicting types for built-in function 'puts'
/usr/bin/ld: cannot find -lws2_32
collect2: ld returned 1 exit status
aconfigure:3422: $? = 1
aconfigure: failed program was:
| /* confdefs.h.  */
| #define PACKAGE_NAME "pjproject"
| #define PACKAGE_TARNAME "pjproject"
| #define PACKAGE_VERSION "1.0"
| #define PACKAGE_STRING "pjproject 1.0"
| #define PACKAGE_BUGREPORT ""
| #define HAVE_LIBPTHREAD 1
| /* end confdefs.h.  */
| 
| /* Override any GCC internal prototype to avoid an error.
|    Use char because int might match the return type of a GCC
|    builtin and then its argument prototype would still apply.  */
| #ifdef __cplusplus
| extern "C"
| #endif
| char puts ();
| int
| main ()
| {
| return puts ();
|   ;
|   return 0;
| }
aconfigure:3440: result: no
aconfigure:3452: checking for puts in -lole32
aconfigure:3487: gcc -o conftest -O2   conftest.c -lole32  -lpthread  >&5
conftest.c:16: warning: conflicting types for built-in function 'puts'
/usr/bin/ld: cannot find -lole32
collect2: ld returned 1 exit status
aconfigure:3493: $? = 1
aconfigure: failed program was:
| /* confdefs.h.  */
| #define PACKAGE_NAME "pjproject"
| #define PACKAGE_TARNAME "pjproject"
| #define PACKAGE_VERSION "1.0"
| #define PACKAGE_STRING "pjproject 1.0"
| #define PACKAGE_BUGREPORT ""
| #define HAVE_LIBPTHREAD 1
| /* end confdefs.h.  */
| 
| /* Override any GCC internal prototype to avoid an error.
|    Use char because int might match the return type of a GCC
|    builtin and then its argument prototype would still apply.  */
| #ifdef __cplusplus
| extern "C"
| #endif
| char puts ();
| int
| main ()
| {
| return puts ();
|   ;
|   return 0;
| }
aconfigure:3511: result: no
aconfigure:3523: checking for puts in -lwinmm
aconfigure:3558: gcc -o conftest -O2   conftest.c -lwinmm  -lpthread  >&5
conftest.c:16: warning: conflicting types for built-in function 'puts'
/usr/bin/ld: cannot find -lwinmm
collect2: ld returned 1 exit status
aconfigure:3564: $? = 1
aconfigure: failed program was:
| /* confdefs.h.  */
| #define PACKAGE_NAME "pjproject"
| #define PACKAGE_TARNAME "pjproject"
| #define PACKAGE_VERSION "1.0"
| #define PACKAGE_STRING "pjproject 1.0"
| #define PACKAGE_BUGREPORT ""
| #define HAVE_LIBPTHREAD 1
| /* end confdefs.h.  */
| 
| /* Override any GCC internal prototype to avoid an error.
|    Use char because int might match the return type of a GCC
|    builtin and then its argument prototype would still apply.  */
| #ifdef __cplusplus
| extern "C"
| #endif
| char puts ();
| int
| main ()
| {
| return puts ();
|   ;
|   return 0;
| }
aconfigure:3582: result: no
aconfigure:3594: checking for puts in -lsocket
aconfigure:3629: gcc -o conftest -O2   conftest.c -lsocket  -lpthread  >&5
conftest.c:16: warning: conflicting types for built-in function 'puts'
/usr/bin/ld: cannot find -lsocket
collect2: ld returned 1 exit status
aconfigure:3635: $? = 1
aconfigure: failed program was:
| /* confdefs.h.  */
| #define PACKAGE_NAME "pjproject"
| #define PACKAGE_TARNAME "pjproject"
| #define PACKAGE_VERSION "1.0"
| #define PACKAGE_STRING "pjproject 1.0"
| #define PACKAGE_BUGREPORT ""
| #define HAVE_LIBPTHREAD 1
| /* end confdefs.h.  */
| 
| /* Override any GCC internal prototype to avoid an error.
|    Use char because int might match the return type of a GCC
|    builtin and then its argument prototype would still apply.  */
| #ifdef __cplusplus
| extern "C"
| #endif
| char puts ();
| int
| main ()
| {
| return puts ();
|   ;
|   return 0;
| }
aconfigure:3653: result: no
aconfigure:3665: checking for puts in -lrt
aconfigure:3700: gcc -o conftest -O2   conftest.c -lrt  -lpthread  >&5
conftest.c:16: warning: conflicting types for built-in function 'puts'
aconfigure:3706: $? = 0
aconfigure:3724: result: yes
aconfigure:3736: checking for puts in -lnsl
aconfigure:3771: gcc -o conftest -O2   conftest.c -lnsl  -lrt -lpthread  >&5
conftest.c:17: warning: conflicting types for built-in function 'puts'
aconfigure:3777: $? = 0
aconfigure:3795: result: yes
aconfigure:3807: checking for uuid_generate in -luuid
aconfigure:3842: gcc -o conftest -O2   conftest.c -luuid  -lnsl -lrt -lpthread  >&5
aconfigure:3848: $? = 0
aconfigure:3866: result: yes
aconfigure:3877: checking for uuid_generate in -luuid
aconfigure:3936: result: yes
aconfigure:3943: result: Setting PJ_M_NAME to i686
aconfigure:3950: checking memory alignment
aconfigure:3966: result: 4 bytes (default)
aconfigure:3977: checking how to run the C preprocessor
aconfigure:4017: gcc -E  conftest.c
aconfigure:4023: $? = 0
aconfigure:4054: gcc -E  conftest.c
conftest.c:14:28: error: ac_nonexistent.h: No such file or directory
aconfigure:4060: $? = 1
aconfigure: failed program was:
| /* confdefs.h.  */
| #define PACKAGE_NAME "pjproject"
| #define PACKAGE_TARNAME "pjproject"
| #define PACKAGE_VERSION "1.0"
| #define PACKAGE_STRING "pjproject 1.0"
| #define PACKAGE_BUGREPORT ""
| #define HAVE_LIBPTHREAD 1
| #define HAVE_LIBRT 1
| #define HAVE_LIBNSL 1
| #define HAVE_LIBUUID 1
| #define PJ_M_NAME "i686"
| #define PJ_POOL_ALIGNMENT 4
| /* end confdefs.h.  */
| #include <ac_nonexistent.h>
aconfigure:4093: result: gcc -E
aconfigure:4122: gcc -E  conftest.c
aconfigure:4128: $? = 0
aconfigure:4159: gcc -E  conftest.c
conftest.c:14:28: error: ac_nonexistent.h: No such file or directory
aconfigure:4165: $? = 1
aconfigure: failed program was:
| /* confdefs.h.  */
| #define PACKAGE_NAME "pjproject"
| #define PACKAGE_TARNAME "pjproject"
| #define PACKAGE_VERSION "1.0"
| #define PACKAGE_STRING "pjproject 1.0"
| #define PACKAGE_BUGREPORT ""
| #define HAVE_LIBPTHREAD 1
| #define HAVE_LIBRT 1
| #define HAVE_LIBNSL 1
| #define HAVE_LIBUUID 1
| #define PJ_M_NAME "i686"
| #define PJ_POOL_ALIGNMENT 4
| /* end confdefs.h.  */
| #include <ac_nonexistent.h>
aconfigure:4203: checking for grep that handles long lines and -e
aconfigure:4277: result: /bin/grep
aconfigure:4282: checking for egrep
aconfigure:4360: result: /bin/grep -E
aconfigure:4365: checking for ANSI C header files
aconfigure:4395: gcc -c -O2  conftest.c >&5
aconfigure:4401: $? = 0
aconfigure:4500: gcc -o conftest -O2   conftest.c -luuid -lnsl -lrt -lpthread  >&5
aconfigure:4503: $? = 0
aconfigure:4509: ./conftest
aconfigure:4512: $? = 0
aconfigure:4529: result: yes
aconfigure:4553: checking for sys/types.h
aconfigure:4574: gcc -c -O2  conftest.c >&5
aconfigure:4580: $? = 0
aconfigure:4596: result: yes
aconfigure:4553: checking for sys/stat.h
aconfigure:4574: gcc -c -O2  conftest.c >&5
aconfigure:4580: $? = 0
aconfigure:4596: result: yes
aconfigure:4553: checking for stdlib.h
aconfigure:4574: gcc -c -O2  conftest.c >&5
aconfigure:4580: $? = 0
aconfigure:4596: result: yes
aconfigure:4553: checking for string.h
aconfigure:4574: gcc -c -O2  conftest.c >&5
aconfigure:4580: $? = 0
aconfigure:4596: result: yes
aconfigure:4553: checking for memory.h
aconfigure:4574: gcc -c -O2  conftest.c >&5
aconfigure:4580: $? = 0
aconfigure:4596: result: yes
aconfigure:4553: checking for strings.h
aconfigure:4574: gcc -c -O2  conftest.c >&5
aconfigure:4580: $? = 0
aconfigure:4596: result: yes
aconfigure:4553: checking for inttypes.h
aconfigure:4574: gcc -c -O2  conftest.c >&5
aconfigure:4580: $? = 0
aconfigure:4596: result: yes
aconfigure:4553: checking for stdint.h
aconfigure:4574: gcc -c -O2  conftest.c >&5
aconfigure:4580: $? = 0
aconfigure:4596: result: yes
aconfigure:4553: checking for unistd.h
aconfigure:4574: gcc -c -O2  conftest.c >&5
aconfigure:4580: $? = 0
aconfigure:4596: result: yes
aconfigure:4608: checking whether byte ordering is bigendian
aconfigure:4641: gcc -c -O2  conftest.c >&5
aconfigure:4647: $? = 0
aconfigure:4679: gcc -c -O2  conftest.c >&5
conftest.c: In function 'main':
conftest.c:31: error: 'not' undeclared (first use in this function)
conftest.c:31: error: (Each undeclared identifier is reported only once
conftest.c:31: error: for each function it appears in.)
conftest.c:31: error: expected ';' before 'big'
aconfigure:4685: $? = 1
aconfigure: failed program was:
| /* confdefs.h.  */
| #define PACKAGE_NAME "pjproject"
| #define PACKAGE_TARNAME "pjproject"
| #define PACKAGE_VERSION "1.0"
| #define PACKAGE_STRING "pjproject 1.0"
| #define PACKAGE_BUGREPORT ""
| #define HAVE_LIBPTHREAD 1
| #define HAVE_LIBRT 1
| #define HAVE_LIBNSL 1
| #define HAVE_LIBUUID 1
| #define PJ_M_NAME "i686"
| #define PJ_POOL_ALIGNMENT 4
| #define STDC_HEADERS 1
| #define HAVE_SYS_TYPES_H 1
| #define HAVE_SYS_STAT_H 1
| #define HAVE_STDLIB_H 1
| #define HAVE_STRING_H 1
| #define HAVE_MEMORY_H 1
| #define HAVE_STRINGS_H 1
| #define HAVE_INTTYPES_H 1
| #define HAVE_STDINT_H 1
| #define HAVE_UNISTD_H 1
| /* end confdefs.h.  */
| #include <sys/types.h>
| #include <sys/param.h>
| 
| int
| main ()
| {
| #if BYTE_ORDER != BIG_ENDIAN
|  not big endian
| #endif
| 
|   ;
|   return 0;
| }
aconfigure:4825: result: no
aconfigure:4907: result: Checking if floating point is disabled... no
aconfigure:4910: checking for fmod in -lm
aconfigure:4945: gcc -o conftest -O2   conftest.c -lm  -luuid -lnsl -lrt -lpthread  >&5
conftest.c:33: warning: conflicting types for built-in function 'fmod'
aconfigure:4951: $? = 0
aconfigure:4969: result: yes
aconfigure:4995: checking arpa/inet.h usability
aconfigure:5012: gcc -c -O2  conftest.c >&5
aconfigure:5018: $? = 0
aconfigure:5032: result: yes
aconfigure:5036: checking arpa/inet.h presence
aconfigure:5051: gcc -E  conftest.c
aconfigure:5057: $? = 0
aconfigure:5071: result: yes
aconfigure:5099: checking for arpa/inet.h
aconfigure:5106: result: yes
aconfigure:5128: checking assert.h usability
aconfigure:5145: gcc -c -O2  conftest.c >&5
aconfigure:5151: $? = 0
aconfigure:5165: result: yes
aconfigure:5169: checking assert.h presence
aconfigure:5184: gcc -E  conftest.c
aconfigure:5190: $? = 0
aconfigure:5204: result: yes
aconfigure:5232: checking for assert.h
aconfigure:5239: result: yes
aconfigure:5261: checking ctype.h usability
aconfigure:5278: gcc -c -O2  conftest.c >&5
aconfigure:5284: $? = 0
aconfigure:5298: result: yes
aconfigure:5302: checking ctype.h presence
aconfigure:5317: gcc -E  conftest.c
aconfigure:5323: $? = 0
aconfigure:5337: result: yes
aconfigure:5365: checking for ctype.h
aconfigure:5372: result: yes
aconfigure:5403: checking errno.h usability
aconfigure:5420: gcc -c -O2  conftest.c >&5
aconfigure:5426: $? = 0
aconfigure:5440: result: yes
aconfigure:5444: checking errno.h presence
aconfigure:5459: gcc -E  conftest.c
aconfigure:5465: $? = 0
aconfigure:5479: result: yes
aconfigure:5507: checking for errno.h
aconfigure:5514: result: yes
aconfigure:5539: checking fcntl.h usability
aconfigure:5556: gcc -c -O2  conftest.c >&5
aconfigure:5562: $? = 0
aconfigure:5576: result: yes
aconfigure:5580: checking fcntl.h presence
aconfigure:5595: gcc -E  conftest.c
aconfigure:5601: $? = 0
aconfigure:5615: result: yes
aconfigure:5643: checking for fcntl.h
aconfigure:5650: result: yes
aconfigure:5672: checking linux/socket.h usability
aconfigure:5689: gcc -c -O2  conftest.c >&5
aconfigure:5695: $? = 0
aconfigure:5709: result: yes
aconfigure:5713: checking linux/socket.h presence
aconfigure:5728: gcc -E  conftest.c
aconfigure:5734: $? = 0
aconfigure:5748: result: yes
aconfigure:5776: checking for linux/socket.h
aconfigure:5783: result: yes
aconfigure:5805: checking malloc.h usability
aconfigure:5822: gcc -c -O2  conftest.c >&5
aconfigure:5828: $? = 0
aconfigure:5842: result: yes
aconfigure:5846: checking malloc.h presence
aconfigure:5861: gcc -E  conftest.c
aconfigure:5867: $? = 0
aconfigure:5881: result: yes
aconfigure:5909: checking for malloc.h
aconfigure:5916: result: yes
aconfigure:5938: checking netdb.h usability
aconfigure:5955: gcc -c -O2  conftest.c >&5
aconfigure:5961: $? = 0
aconfigure:5975: result: yes
aconfigure:5979: checking netdb.h presence
aconfigure:5994: gcc -E  conftest.c
aconfigure:6000: $? = 0
aconfigure:6014: result: yes
aconfigure:6042: checking for netdb.h
aconfigure:6049: result: yes
aconfigure:6071: checking netinet/in_systm.h usability
aconfigure:6088: gcc -c -O2  conftest.c >&5
aconfigure:6094: $? = 0
aconfigure:6108: result: yes
aconfigure:6112: checking netinet/in_systm.h presence
aconfigure:6127: gcc -E  conftest.c
aconfigure:6133: $? = 0
aconfigure:6147: result: yes
aconfigure:6175: checking for netinet/in_systm.h
aconfigure:6182: result: yes
aconfigure:6204: checking netinet/in.h usability
aconfigure:6221: gcc -c -O2  conftest.c >&5
aconfigure:6227: $? = 0
aconfigure:6241: result: yes
aconfigure:6245: checking netinet/in.h presence
aconfigure:6260: gcc -E  conftest.c
aconfigure:6266: $? = 0
aconfigure:6280: result: yes
aconfigure:6308: checking for netinet/in.h
aconfigure:6315: result: yes
aconfigure:6327: checking for netinet/ip.h
aconfigure:6351: gcc -c -O2  conftest.c >&5
aconfigure:6357: $? = 0
aconfigure:6372: result: yes
aconfigure:6392: checking ifaddrs.h usability
aconfigure:6409: gcc -c -O2  conftest.c >&5
aconfigure:6415: $? = 0
aconfigure:6429: result: yes
aconfigure:6433: checking ifaddrs.h presence
aconfigure:6448: gcc -E  conftest.c
aconfigure:6454: $? = 0
aconfigure:6468: result: yes
aconfigure:6496: checking for ifaddrs.h
aconfigure:6503: result: yes
aconfigure:6525: checking semaphore.h usability
aconfigure:6542: gcc -c -O2  conftest.c >&5
aconfigure:6548: $? = 0
aconfigure:6562: result: yes
aconfigure:6566: checking semaphore.h presence
aconfigure:6581: gcc -E  conftest.c
aconfigure:6587: $? = 0
aconfigure:6601: result: yes
aconfigure:6629: checking for semaphore.h
aconfigure:6636: result: yes
aconfigure:6658: checking setjmp.h usability
aconfigure:6675: gcc -c -O2  conftest.c >&5
aconfigure:6681: $? = 0
aconfigure:6695: result: yes
aconfigure:6699: checking setjmp.h presence
aconfigure:6714: gcc -E  conftest.c
aconfigure:6720: $? = 0
aconfigure:6734: result: yes
aconfigure:6762: checking for setjmp.h
aconfigure:6769: result: yes
aconfigure:6791: checking stdarg.h usability
aconfigure:6808: gcc -c -O2  conftest.c >&5
aconfigure:6814: $? = 0
aconfigure:6828: result: yes
aconfigure:6832: checking stdarg.h presence
aconfigure:6847: gcc -E  conftest.c
aconfigure:6853: $? = 0
aconfigure:6867: result: yes
aconfigure:6895: checking for stdarg.h
aconfigure:6902: result: yes
aconfigure:6924: checking stddef.h usability
aconfigure:6941: gcc -c -O2  conftest.c >&5
aconfigure:6947: $? = 0
aconfigure:6961: result: yes
aconfigure:6965: checking stddef.h presence
aconfigure:6980: gcc -E  conftest.c
aconfigure:6986: $? = 0
aconfigure:7000: result: yes
aconfigure:7028: checking for stddef.h
aconfigure:7035: result: yes
aconfigure:7057: checking stdio.h usability
aconfigure:7074: gcc -c -O2  conftest.c >&5
aconfigure:7080: $? = 0
aconfigure:7094: result: yes
aconfigure:7098: checking stdio.h presence
aconfigure:7113: gcc -E  conftest.c
aconfigure:7119: $? = 0
aconfigure:7133: result: yes
aconfigure:7161: checking for stdio.h
aconfigure:7168: result: yes
aconfigure:7181: checking for stdint.h
aconfigure:7186: result: yes
aconfigure:7314: checking for stdlib.h
aconfigure:7319: result: yes
aconfigure:7447: checking for string.h
aconfigure:7452: result: yes
aconfigure:7589: checking sys/ioctl.h usability
aconfigure:7606: gcc -c -O2  conftest.c >&5
aconfigure:7612: $? = 0
aconfigure:7626: result: yes
aconfigure:7630: checking sys/ioctl.h presence
aconfigure:7645: gcc -E  conftest.c
aconfigure:7651: $? = 0
aconfigure:7665: result: yes
aconfigure:7693: checking for sys/ioctl.h
aconfigure:7700: result: yes
aconfigure:7722: checking sys/select.h usability
aconfigure:7739: gcc -c -O2  conftest.c >&5
aconfigure:7745: $? = 0
aconfigure:7759: result: yes
aconfigure:7763: checking sys/select.h presence
aconfigure:7778: gcc -E  conftest.c
aconfigure:7784: $? = 0
aconfigure:7798: result: yes
aconfigure:7826: checking for sys/select.h
aconfigure:7833: result: yes
aconfigure:7855: checking sys/socket.h usability
aconfigure:7872: gcc -c -O2  conftest.c >&5
aconfigure:7878: $? = 0
aconfigure:7892: result: yes
aconfigure:7896: checking sys/socket.h presence
aconfigure:7911: gcc -E  conftest.c
aconfigure:7917: $? = 0
aconfigure:7931: result: yes
aconfigure:7959: checking for sys/socket.h
aconfigure:7966: result: yes
aconfigure:7988: checking sys/time.h usability
aconfigure:8005: gcc -c -O2  conftest.c >&5
aconfigure:8011: $? = 0
aconfigure:8025: result: yes
aconfigure:8029: checking sys/time.h presence
aconfigure:8044: gcc -E  conftest.c
aconfigure:8050: $? = 0
aconfigure:8064: result: yes
aconfigure:8092: checking for sys/time.h
aconfigure:8099: result: yes
aconfigure:8121: checking sys/timeb.h usability
aconfigure:8138: gcc -c -O2  conftest.c >&5
aconfigure:8144: $? = 0
aconfigure:8158: result: yes
aconfigure:8162: checking sys/timeb.h presence
aconfigure:8177: gcc -E  conftest.c
aconfigure:8183: $? = 0
aconfigure:8197: result: yes
aconfigure:8225: checking for sys/timeb.h
aconfigure:8232: result: yes
aconfigure:8245: checking for sys/types.h
aconfigure:8250: result: yes
aconfigure:8387: checking time.h usability
aconfigure:8404: gcc -c -O2  conftest.c >&5
aconfigure:8410: $? = 0
aconfigure:8424: result: yes
aconfigure:8428: checking time.h presence
aconfigure:8443: gcc -E  conftest.c
aconfigure:8449: $? = 0
aconfigure:8463: result: yes
aconfigure:8491: checking for time.h
aconfigure:8498: result: yes
aconfigure:8511: checking for unistd.h
aconfigure:8516: result: yes
aconfigure:8653: checking winsock.h usability
aconfigure:8670: gcc -c -O2  conftest.c >&5
conftest.c:88:21: error: winsock.h: No such file or directory
aconfigure:8676: $? = 1
aconfigure: failed program was:
| /* confdefs.h.  */
| #define PACKAGE_NAME "pjproject"
| #define PACKAGE_TARNAME "pjproject"
| #define PACKAGE_VERSION "1.0"
| #define PACKAGE_STRING "pjproject 1.0"
| #define PACKAGE_BUGREPORT ""
| #define HAVE_LIBPTHREAD 1
| #define HAVE_LIBRT 1
| #define HAVE_LIBNSL 1
| #define HAVE_LIBUUID 1
| #define PJ_M_NAME "i686"
| #define PJ_POOL_ALIGNMENT 4
| #define STDC_HEADERS 1
| #define HAVE_SYS_TYPES_H 1
| #define HAVE_SYS_STAT_H 1
| #define HAVE_STDLIB_H 1
| #define HAVE_STRING_H 1
| #define HAVE_MEMORY_H 1
| #define HAVE_STRINGS_H 1
| #define HAVE_INTTYPES_H 1
| #define HAVE_STDINT_H 1
| #define HAVE_UNISTD_H 1
| #define PJ_LINUX 1
| #define PJ_HAS_FLOATING_POINT 1
| #define HAVE_LIBM 1
| #define PJ_HAS_ARPA_INET_H 1
| #define PJ_HAS_ASSERT_H 1
| #define PJ_HAS_CTYPE_H 1
| #define PJ_HAS_ERRNO_H 1
| #define PJ_HAS_FCNTL_H 1
| #define PJ_HAS_LINUX_SOCKET_H 1
| #define PJ_HAS_MALLOC_H 1
| #define PJ_HAS_NETDB_H 1
| #define PJ_HAS_NETINET_IN_SYSTM_H 1
| #define PJ_HAS_NETINET_IN_H 1
| #define PJ_HAS_NETINET_IP_H 1
| #define PJ_HAS_IFADDRS_H 1
| #define PJ_HAS_SEMAPHORE_H 1
| #define PJ_HAS_SETJMP_H 1
| #define PJ_HAS_STDARG_H 1
| #define PJ_HAS_STDDEF_H 1
| #define PJ_HAS_STDIO_H 1
| #define PJ_HAS_STDINT_H 1
| #define PJ_HAS_STDLIB_H 1
| #define PJ_HAS_STRING_H 1
| #define PJ_HAS_SYS_IOCTL_H 1
| #define PJ_HAS_SYS_SELECT_H 1
| #define PJ_HAS_SYS_SOCKET_H 1
| #define PJ_HAS_SYS_TIME_H 1
| #define PJ_HAS_SYS_TIMEB_H 1
| #define PJ_HAS_SYS_TYPES_H 1
| #define PJ_HAS_TIME_H 1
| #define PJ_HAS_UNISTD_H 1
| /* end confdefs.h.  */
| #include <stdio.h>
| #ifdef HAVE_SYS_TYPES_H
| # include <sys/types.h>
| #endif
| #ifdef HAVE_SYS_STAT_H
| # include <sys/stat.h>
| #endif
| #ifdef STDC_HEADERS
| # include <stdlib.h>
| # include <stddef.h>
| #else
| # ifdef HAVE_STDLIB_H
| #  include <stdlib.h>
| # endif
| #endif
| #ifdef HAVE_STRING_H
| # if !defined STDC_HEADERS && defined HAVE_MEMORY_H
| #  include <memory.h>
| # endif
| # include <string.h>
| #endif
| #ifdef HAVE_STRINGS_H
| # include <strings.h>
| #endif
| #ifdef HAVE_INTTYPES_H
| # include <inttypes.h>
| #endif
| #ifdef HAVE_STDINT_H
| # include <stdint.h>
| #endif
| #ifdef HAVE_UNISTD_H
| # include <unistd.h>
| #endif
| #include <winsock.h>
aconfigure:8690: result: no
aconfigure:8694: checking winsock.h presence
aconfigure:8709: gcc -E  conftest.c
conftest.c:55:21: error: winsock.h: No such file or directory
aconfigure:8715: $? = 1
aconfigure: failed program was:
| /* confdefs.h.  */
| #define PACKAGE_NAME "pjproject"
| #define PACKAGE_TARNAME "pjproject"
| #define PACKAGE_VERSION "1.0"
| #define PACKAGE_STRING "pjproject 1.0"
| #define PACKAGE_BUGREPORT ""
| #define HAVE_LIBPTHREAD 1
| #define HAVE_LIBRT 1
| #define HAVE_LIBNSL 1
| #define HAVE_LIBUUID 1
| #define PJ_M_NAME "i686"
| #define PJ_POOL_ALIGNMENT 4
| #define STDC_HEADERS 1
| #define HAVE_SYS_TYPES_H 1
| #define HAVE_SYS_STAT_H 1
| #define HAVE_STDLIB_H 1
| #define HAVE_STRING_H 1
| #define HAVE_MEMORY_H 1
| #define HAVE_STRINGS_H 1
| #define HAVE_INTTYPES_H 1
| #define HAVE_STDINT_H 1
| #define HAVE_UNISTD_H 1
| #define PJ_LINUX 1
| #define PJ_HAS_FLOATING_POINT 1
| #define HAVE_LIBM 1
| #define PJ_HAS_ARPA_INET_H 1
| #define PJ_HAS_ASSERT_H 1
| #define PJ_HAS_CTYPE_H 1
| #define PJ_HAS_ERRNO_H 1
| #define PJ_HAS_FCNTL_H 1
| #define PJ_HAS_LINUX_SOCKET_H 1
| #define PJ_HAS_MALLOC_H 1
| #define PJ_HAS_NETDB_H 1
| #define PJ_HAS_NETINET_IN_SYSTM_H 1
| #define PJ_HAS_NETINET_IN_H 1
| #define PJ_HAS_NETINET_IP_H 1
| #define PJ_HAS_IFADDRS_H 1
| #define PJ_HAS_SEMAPHORE_H 1
| #define PJ_HAS_SETJMP_H 1
| #define PJ_HAS_STDARG_H 1
| #define PJ_HAS_STDDEF_H 1
| #define PJ_HAS_STDIO_H 1
| #define PJ_HAS_STDINT_H 1
| #define PJ_HAS_STDLIB_H 1
| #define PJ_HAS_STRING_H 1
| #define PJ_HAS_SYS_IOCTL_H 1
| #define PJ_HAS_SYS_SELECT_H 1
| #define PJ_HAS_SYS_SOCKET_H 1
| #define PJ_HAS_SYS_TIME_H 1
| #define PJ_HAS_SYS_TIMEB_H 1
| #define PJ_HAS_SYS_TYPES_H 1
| #define PJ_HAS_TIME_H 1
| #define PJ_HAS_UNISTD_H 1
| /* end confdefs.h.  */
| #include <winsock.h>
aconfigure:8729: result: no
aconfigure:8757: checking for winsock.h
aconfigure:8764: result: no
aconfigure:8786: checking winsock2.h usability
aconfigure:8803: gcc -c -O2  conftest.c >&5
conftest.c:88:22: error: winsock2.h: No such file or directory
aconfigure:8809: $? = 1
aconfigure: failed program was:
| /* confdefs.h.  */
| #define PACKAGE_NAME "pjproject"
| #define PACKAGE_TARNAME "pjproject"
| #define PACKAGE_VERSION "1.0"
| #define PACKAGE_STRING "pjproject 1.0"
| #define PACKAGE_BUGREPORT ""
| #define HAVE_LIBPTHREAD 1
| #define HAVE_LIBRT 1
| #define HAVE_LIBNSL 1
| #define HAVE_LIBUUID 1
| #define PJ_M_NAME "i686"
| #define PJ_POOL_ALIGNMENT 4
| #define STDC_HEADERS 1
| #define HAVE_SYS_TYPES_H 1
| #define HAVE_SYS_STAT_H 1
| #define HAVE_STDLIB_H 1
| #define HAVE_STRING_H 1
| #define HAVE_MEMORY_H 1
| #define HAVE_STRINGS_H 1
| #define HAVE_INTTYPES_H 1
| #define HAVE_STDINT_H 1
| #define HAVE_UNISTD_H 1
| #define PJ_LINUX 1
| #define PJ_HAS_FLOATING_POINT 1
| #define HAVE_LIBM 1
| #define PJ_HAS_ARPA_INET_H 1
| #define PJ_HAS_ASSERT_H 1
| #define PJ_HAS_CTYPE_H 1
| #define PJ_HAS_ERRNO_H 1
| #define PJ_HAS_FCNTL_H 1
| #define PJ_HAS_LINUX_SOCKET_H 1
| #define PJ_HAS_MALLOC_H 1
| #define PJ_HAS_NETDB_H 1
| #define PJ_HAS_NETINET_IN_SYSTM_H 1
| #define PJ_HAS_NETINET_IN_H 1
| #define PJ_HAS_NETINET_IP_H 1
| #define PJ_HAS_IFADDRS_H 1
| #define PJ_HAS_SEMAPHORE_H 1
| #define PJ_HAS_SETJMP_H 1
| #define PJ_HAS_STDARG_H 1
| #define PJ_HAS_STDDEF_H 1
| #define PJ_HAS_STDIO_H 1
| #define PJ_HAS_STDINT_H 1
| #define PJ_HAS_STDLIB_H 1
| #define PJ_HAS_STRING_H 1
| #define PJ_HAS_SYS_IOCTL_H 1
| #define PJ_HAS_SYS_SELECT_H 1
| #define PJ_HAS_SYS_SOCKET_H 1
| #define PJ_HAS_SYS_TIME_H 1
| #define PJ_HAS_SYS_TIMEB_H 1
| #define PJ_HAS_SYS_TYPES_H 1
| #define PJ_HAS_TIME_H 1
| #define PJ_HAS_UNISTD_H 1
| /* end confdefs.h.  */
| #include <stdio.h>
| #ifdef HAVE_SYS_TYPES_H
| # include <sys/types.h>
| #endif
| #ifdef HAVE_SYS_STAT_H
| # include <sys/stat.h>
| #endif
| #ifdef STDC_HEADERS
| # include <stdlib.h>
| # include <stddef.h>
| #else
| # ifdef HAVE_STDLIB_H
| #  include <stdlib.h>
| # endif
| #endif
| #ifdef HAVE_STRING_H
| # if !defined STDC_HEADERS && defined HAVE_MEMORY_H
| #  include <memory.h>
| # endif
| # include <string.h>
| #endif
| #ifdef HAVE_STRINGS_H
| # include <strings.h>
| #endif
| #ifdef HAVE_INTTYPES_H
| # include <inttypes.h>
| #endif
| #ifdef HAVE_STDINT_H
| # include <stdint.h>
| #endif
| #ifdef HAVE_UNISTD_H
| # include <unistd.h>
| #endif
| #include <winsock2.h>
aconfigure:8823: result: no
aconfigure:8827: checking winsock2.h presence
aconfigure:8842: gcc -E  conftest.c
conftest.c:55:22: error: winsock2.h: No such file or directory
aconfigure:8848: $? = 1
aconfigure: failed program was:
| /* confdefs.h.  */
| #define PACKAGE_NAME "pjproject"
| #define PACKAGE_TARNAME "pjproject"
| #define PACKAGE_VERSION "1.0"
| #define PACKAGE_STRING "pjproject 1.0"
| #define PACKAGE_BUGREPORT ""
| #define HAVE_LIBPTHREAD 1
| #define HAVE_LIBRT 1
| #define HAVE_LIBNSL 1
| #define HAVE_LIBUUID 1
| #define PJ_M_NAME "i686"
| #define PJ_POOL_ALIGNMENT 4
| #define STDC_HEADERS 1
| #define HAVE_SYS_TYPES_H 1
| #define HAVE_SYS_STAT_H 1
| #define HAVE_STDLIB_H 1
| #define HAVE_STRING_H 1
| #define HAVE_MEMORY_H 1
| #define HAVE_STRINGS_H 1
| #define HAVE_INTTYPES_H 1
| #define HAVE_STDINT_H 1
| #define HAVE_UNISTD_H 1
| #define PJ_LINUX 1
| #define PJ_HAS_FLOATING_POINT 1
| #define HAVE_LIBM 1
| #define PJ_HAS_ARPA_INET_H 1
| #define PJ_HAS_ASSERT_H 1
| #define PJ_HAS_CTYPE_H 1
| #define PJ_HAS_ERRNO_H 1
| #define PJ_HAS_FCNTL_H 1
| #define PJ_HAS_LINUX_SOCKET_H 1
| #define PJ_HAS_MALLOC_H 1
| #define PJ_HAS_NETDB_H 1
| #define PJ_HAS_NETINET_IN_SYSTM_H 1
| #define PJ_HAS_NETINET_IN_H 1
| #define PJ_HAS_NETINET_IP_H 1
| #define PJ_HAS_IFADDRS_H 1
| #define PJ_HAS_SEMAPHORE_H 1
| #define PJ_HAS_SETJMP_H 1
| #define PJ_HAS_STDARG_H 1
| #define PJ_HAS_STDDEF_H 1
| #define PJ_HAS_STDIO_H 1
| #define PJ_HAS_STDINT_H 1
| #define PJ_HAS_STDLIB_H 1
| #define PJ_HAS_STRING_H 1
| #define PJ_HAS_SYS_IOCTL_H 1
| #define PJ_HAS_SYS_SELECT_H 1
| #define PJ_HAS_SYS_SOCKET_H 1
| #define PJ_HAS_SYS_TIME_H 1
| #define PJ_HAS_SYS_TIMEB_H 1
| #define PJ_HAS_SYS_TYPES_H 1
| #define PJ_HAS_TIME_H 1
| #define PJ_HAS_UNISTD_H 1
| /* end confdefs.h.  */
| #include <winsock2.h>
aconfigure:8862: result: no
aconfigure:8890: checking for winsock2.h
aconfigure:8897: result: no
aconfigure:8909: checking for mswsock.h
aconfigure:8935: gcc -c -O2  conftest.c >&5
conftest.c:62:21: error: mswsock.h: No such file or directory
aconfigure:8941: $? = 1
aconfigure: failed program was:
| /* confdefs.h.  */
| #define PACKAGE_NAME "pjproject"
| #define PACKAGE_TARNAME "pjproject"
| #define PACKAGE_VERSION "1.0"
| #define PACKAGE_STRING "pjproject 1.0"
| #define PACKAGE_BUGREPORT ""
| #define HAVE_LIBPTHREAD 1
| #define HAVE_LIBRT 1
| #define HAVE_LIBNSL 1
| #define HAVE_LIBUUID 1
| #define PJ_M_NAME "i686"
| #define PJ_POOL_ALIGNMENT 4
| #define STDC_HEADERS 1
| #define HAVE_SYS_TYPES_H 1
| #define HAVE_SYS_STAT_H 1
| #define HAVE_STDLIB_H 1
| #define HAVE_STRING_H 1
| #define HAVE_MEMORY_H 1
| #define HAVE_STRINGS_H 1
| #define HAVE_INTTYPES_H 1
| #define HAVE_STDINT_H 1
| #define HAVE_UNISTD_H 1
| #define PJ_LINUX 1
| #define PJ_HAS_FLOATING_POINT 1
| #define HAVE_LIBM 1
| #define PJ_HAS_ARPA_INET_H 1
| #define PJ_HAS_ASSERT_H 1
| #define PJ_HAS_CTYPE_H 1
| #define PJ_HAS_ERRNO_H 1
| #define PJ_HAS_FCNTL_H 1
| #define PJ_HAS_LINUX_SOCKET_H 1
| #define PJ_HAS_MALLOC_H 1
| #define PJ_HAS_NETDB_H 1
| #define PJ_HAS_NETINET_IN_SYSTM_H 1
| #define PJ_HAS_NETINET_IN_H 1
| #define PJ_HAS_NETINET_IP_H 1
| #define PJ_HAS_IFADDRS_H 1
| #define PJ_HAS_SEMAPHORE_H 1
| #define PJ_HAS_SETJMP_H 1
| #define PJ_HAS_STDARG_H 1
| #define PJ_HAS_STDDEF_H 1
| #define PJ_HAS_STDIO_H 1
| #define PJ_HAS_STDINT_H 1
| #define PJ_HAS_STDLIB_H 1
| #define PJ_HAS_STRING_H 1
| #define PJ_HAS_SYS_IOCTL_H 1
| #define PJ_HAS_SYS_SELECT_H 1
| #define PJ_HAS_SYS_SOCKET_H 1
| #define PJ_HAS_SYS_TIME_H 1
| #define PJ_HAS_SYS_TIMEB_H 1
| #define PJ_HAS_SYS_TYPES_H 1
| #define PJ_HAS_TIME_H 1
| #define PJ_HAS_UNISTD_H 1
| /* end confdefs.h.  */
| #if PJ_HAS_WINSOCK2_H
|           	  #	include <winsock2.h>
| 		  #elif PJ_HAS_WINSOCK_H
|           	  #	include <winsock.h>
|           	  #endif
| 
| 
| #include <mswsock.h>
aconfigure:8956: result: no
aconfigure:8976: checking ws2tcpip.h usability
aconfigure:8993: gcc -c -O2  conftest.c >&5
conftest.c:88:22: error: ws2tcpip.h: No such file or directory
aconfigure:8999: $? = 1
aconfigure: failed program was:
| /* confdefs.h.  */
| #define PACKAGE_NAME "pjproject"
| #define PACKAGE_TARNAME "pjproject"
| #define PACKAGE_VERSION "1.0"
| #define PACKAGE_STRING "pjproject 1.0"
| #define PACKAGE_BUGREPORT ""
| #define HAVE_LIBPTHREAD 1
| #define HAVE_LIBRT 1
| #define HAVE_LIBNSL 1
| #define HAVE_LIBUUID 1
| #define PJ_M_NAME "i686"
| #define PJ_POOL_ALIGNMENT 4
| #define STDC_HEADERS 1
| #define HAVE_SYS_TYPES_H 1
| #define HAVE_SYS_STAT_H 1
| #define HAVE_STDLIB_H 1
| #define HAVE_STRING_H 1
| #define HAVE_MEMORY_H 1
| #define HAVE_STRINGS_H 1
| #define HAVE_INTTYPES_H 1
| #define HAVE_STDINT_H 1
| #define HAVE_UNISTD_H 1
| #define PJ_LINUX 1
| #define PJ_HAS_FLOATING_POINT 1
| #define HAVE_LIBM 1
| #define PJ_HAS_ARPA_INET_H 1
| #define PJ_HAS_ASSERT_H 1
| #define PJ_HAS_CTYPE_H 1
| #define PJ_HAS_ERRNO_H 1
| #define PJ_HAS_FCNTL_H 1
| #define PJ_HAS_LINUX_SOCKET_H 1
| #define PJ_HAS_MALLOC_H 1
| #define PJ_HAS_NETDB_H 1
| #define PJ_HAS_NETINET_IN_SYSTM_H 1
| #define PJ_HAS_NETINET_IN_H 1
| #define PJ_HAS_NETINET_IP_H 1
| #define PJ_HAS_IFADDRS_H 1
| #define PJ_HAS_SEMAPHORE_H 1
| #define PJ_HAS_SETJMP_H 1
| #define PJ_HAS_STDARG_H 1
| #define PJ_HAS_STDDEF_H 1
| #define PJ_HAS_STDIO_H 1
| #define PJ_HAS_STDINT_H 1
| #define PJ_HAS_STDLIB_H 1
| #define PJ_HAS_STRING_H 1
| #define PJ_HAS_SYS_IOCTL_H 1
| #define PJ_HAS_SYS_SELECT_H 1
| #define PJ_HAS_SYS_SOCKET_H 1
| #define PJ_HAS_SYS_TIME_H 1
| #define PJ_HAS_SYS_TIMEB_H 1
| #define PJ_HAS_SYS_TYPES_H 1
| #define PJ_HAS_TIME_H 1
| #define PJ_HAS_UNISTD_H 1
| /* end confdefs.h.  */
| #include <stdio.h>
| #ifdef HAVE_SYS_TYPES_H
| # include <sys/types.h>
| #endif
| #ifdef HAVE_SYS_STAT_H
| # include <sys/stat.h>
| #endif
| #ifdef STDC_HEADERS
| # include <stdlib.h>
| # include <stddef.h>
| #else
| # ifdef HAVE_STDLIB_H
| #  include <stdlib.h>
| # endif
| #endif
| #ifdef HAVE_STRING_H
| # if !defined STDC_HEADERS && defined HAVE_MEMORY_H
| #  include <memory.h>
| # endif
| # include <string.h>
| #endif
| #ifdef HAVE_STRINGS_H
| # include <strings.h>
| #endif
| #ifdef HAVE_INTTYPES_H
| # include <inttypes.h>
| #endif
| #ifdef HAVE_STDINT_H
| # include <stdint.h>
| #endif
| #ifdef HAVE_UNISTD_H
| # include <unistd.h>
| #endif
| #include <ws2tcpip.h>
aconfigure:9013: result: no
aconfigure:9017: checking ws2tcpip.h presence
aconfigure:9032: gcc -E  conftest.c
conftest.c:55:22: error: ws2tcpip.h: No such file or directory
aconfigure:9038: $? = 1
aconfigure: failed program was:
| /* confdefs.h.  */
| #define PACKAGE_NAME "pjproject"
| #define PACKAGE_TARNAME "pjproject"
| #define PACKAGE_VERSION "1.0"
| #define PACKAGE_STRING "pjproject 1.0"
| #define PACKAGE_BUGREPORT ""
| #define HAVE_LIBPTHREAD 1
| #define HAVE_LIBRT 1
| #define HAVE_LIBNSL 1
| #define HAVE_LIBUUID 1
| #define PJ_M_NAME "i686"
| #define PJ_POOL_ALIGNMENT 4
| #define STDC_HEADERS 1
| #define HAVE_SYS_TYPES_H 1
| #define HAVE_SYS_STAT_H 1
| #define HAVE_STDLIB_H 1
| #define HAVE_STRING_H 1
| #define HAVE_MEMORY_H 1
| #define HAVE_STRINGS_H 1
| #define HAVE_INTTYPES_H 1
| #define HAVE_STDINT_H 1
| #define HAVE_UNISTD_H 1
| #define PJ_LINUX 1
| #define PJ_HAS_FLOATING_POINT 1
| #define HAVE_LIBM 1
| #define PJ_HAS_ARPA_INET_H 1
| #define PJ_HAS_ASSERT_H 1
| #define PJ_HAS_CTYPE_H 1
| #define PJ_HAS_ERRNO_H 1
| #define PJ_HAS_FCNTL_H 1
| #define PJ_HAS_LINUX_SOCKET_H 1
| #define PJ_HAS_MALLOC_H 1
| #define PJ_HAS_NETDB_H 1
| #define PJ_HAS_NETINET_IN_SYSTM_H 1
| #define PJ_HAS_NETINET_IN_H 1
| #define PJ_HAS_NETINET_IP_H 1
| #define PJ_HAS_IFADDRS_H 1
| #define PJ_HAS_SEMAPHORE_H 1
| #define PJ_HAS_SETJMP_H 1
| #define PJ_HAS_STDARG_H 1
| #define PJ_HAS_STDDEF_H 1
| #define PJ_HAS_STDIO_H 1
| #define PJ_HAS_STDINT_H 1
| #define PJ_HAS_STDLIB_H 1
| #define PJ_HAS_STRING_H 1
| #define PJ_HAS_SYS_IOCTL_H 1
| #define PJ_HAS_SYS_SELECT_H 1
| #define PJ_HAS_SYS_SOCKET_H 1
| #define PJ_HAS_SYS_TIME_H 1
| #define PJ_HAS_SYS_TIMEB_H 1
| #define PJ_HAS_SYS_TYPES_H 1
| #define PJ_HAS_TIME_H 1
| #define PJ_HAS_UNISTD_H 1
| /* end confdefs.h.  */
| #include <ws2tcpip.h>
aconfigure:9052: result: no
aconfigure:9080: checking for ws2tcpip.h
aconfigure:9087: result: no
aconfigure:9109: checking uuid/uuid.h usability
aconfigure:9126: gcc -c -O2  conftest.c >&5
aconfigure:9132: $? = 0
aconfigure:9146: result: yes
aconfigure:9150: checking uuid/uuid.h presence
aconfigure:9165: gcc -E  conftest.c
aconfigure:9171: $? = 0
aconfigure:9185: result: yes
aconfigure:9213: checking for uuid/uuid.h
aconfigure:9220: result: yes
aconfigure:9229: checking for net/if.h
aconfigure:9253: gcc -c -O2  conftest.c >&5
aconfigure:9259: $? = 0
aconfigure:9274: result: yes
aconfigure:9285: result: Setting PJ_OS_NAME to i686-pc-linux-gnu
aconfigure:9292: result: Setting PJ_HAS_ERRNO_VAR to 1
aconfigure:9299: result: Setting PJ_HAS_HIGH_RES_TIMER to 1
aconfigure:9306: result: Setting PJ_HAS_MALLOC to 1
aconfigure:9313: result: Setting PJ_NATIVE_STRING_IS_UNICODE to 0
aconfigure:9320: result: Setting PJ_ATOMIC_VALUE_TYPE to long
aconfigure:9327: checking if inet_aton() is available
aconfigure:9352: gcc -c -O2  conftest.c >&5
aconfigure:9358: $? = 0
aconfigure:9367: result: yes
aconfigure:9379: checking if inet_pton() is available
aconfigure:9404: gcc -c -O2  conftest.c >&5
aconfigure:9410: $? = 0
aconfigure:9419: result: yes
aconfigure:9431: checking if inet_ntop() is available
aconfigure:9456: gcc -c -O2  conftest.c >&5
aconfigure:9462: $? = 0
aconfigure:9471: result: yes
aconfigure:9483: checking if getaddrinfo() is available
aconfigure:9508: gcc -c -O2  conftest.c >&5
aconfigure:9514: $? = 0
aconfigure:9523: result: yes
aconfigure:9535: checking if sockaddr_in has sin_len member
aconfigure:9561: gcc -c -O2  conftest.c >&5
conftest.c: In function 'main':
conftest.c:73: error: 'struct sockaddr_in' has no member named 'sin_len'
aconfigure:9567: $? = 1
aconfigure: failed program was:
| /* confdefs.h.  */
| #define PACKAGE_NAME "pjproject"
| #define PACKAGE_TARNAME "pjproject"
| #define PACKAGE_VERSION "1.0"
| #define PACKAGE_STRING "pjproject 1.0"
| #define PACKAGE_BUGREPORT ""
| #define HAVE_LIBPTHREAD 1
| #define HAVE_LIBRT 1
| #define HAVE_LIBNSL 1
| #define HAVE_LIBUUID 1
| #define PJ_M_NAME "i686"
| #define PJ_POOL_ALIGNMENT 4
| #define STDC_HEADERS 1
| #define HAVE_SYS_TYPES_H 1
| #define HAVE_SYS_STAT_H 1
| #define HAVE_STDLIB_H 1
| #define HAVE_STRING_H 1
| #define HAVE_MEMORY_H 1
| #define HAVE_STRINGS_H 1
| #define HAVE_INTTYPES_H 1
| #define HAVE_STDINT_H 1
| #define HAVE_UNISTD_H 1
| #define PJ_LINUX 1
| #define PJ_HAS_FLOATING_POINT 1
| #define HAVE_LIBM 1
| #define PJ_HAS_ARPA_INET_H 1
| #define PJ_HAS_ASSERT_H 1
| #define PJ_HAS_CTYPE_H 1
| #define PJ_HAS_ERRNO_H 1
| #define PJ_HAS_FCNTL_H 1
| #define PJ_HAS_LINUX_SOCKET_H 1
| #define PJ_HAS_MALLOC_H 1
| #define PJ_HAS_NETDB_H 1
| #define PJ_HAS_NETINET_IN_SYSTM_H 1
| #define PJ_HAS_NETINET_IN_H 1
| #define PJ_HAS_NETINET_IP_H 1
| #define PJ_HAS_IFADDRS_H 1
| #define PJ_HAS_SEMAPHORE_H 1
| #define PJ_HAS_SETJMP_H 1
| #define PJ_HAS_STDARG_H 1
| #define PJ_HAS_STDDEF_H 1
| #define PJ_HAS_STDIO_H 1
| #define PJ_HAS_STDINT_H 1
| #define PJ_HAS_STDLIB_H 1
| #define PJ_HAS_STRING_H 1
| #define PJ_HAS_SYS_IOCTL_H 1
| #define PJ_HAS_SYS_SELECT_H 1
| #define PJ_HAS_SYS_SOCKET_H 1
| #define PJ_HAS_SYS_TIME_H 1
| #define PJ_HAS_SYS_TIMEB_H 1
| #define PJ_HAS_SYS_TYPES_H 1
| #define PJ_HAS_TIME_H 1
| #define PJ_HAS_UNISTD_H 1
| #define PJ_HAS_NET_IF_H 1
| #define PJ_OS_NAME "i686-pc-linux-gnu"
| #define PJ_HAS_ERRNO_VAR 1
| #define PJ_HAS_HIGH_RES_TIMER 1
| #define PJ_HAS_MALLOC 1
| #define PJ_NATIVE_STRING_IS_UNICODE 0
| #define PJ_ATOMIC_VALUE_TYPE long
| #define PJ_SOCK_HAS_INET_ATON 1
| #define PJ_SOCK_HAS_INET_PTON 1
| #define PJ_SOCK_HAS_INET_NTOP 1
| #define PJ_SOCK_HAS_GETADDRINFO 1
| /* end confdefs.h.  */
| #include <sys/types.h>
| 				     #include <sys/socket.h>
| 		    		     #include <netinet/in.h>
| 		    		     #include <arpa/inet.h>
| int
| main ()
| {
| struct sockaddr_in a; a.sin_len=0;
|   ;
|   return 0;
| }
aconfigure:9582: result: no
aconfigure:9588: checking if socklen_t is available
aconfigure:9611: gcc -c -O2  conftest.c >&5
aconfigure:9617: $? = 0
aconfigure:9626: result: yes
aconfigure:9638: checking if SO_ERROR is available
aconfigure:9674: gcc -c -O2  conftest.c >&5
aconfigure:9680: $? = 0
aconfigure:9689: result: yes
aconfigure:9704: checking if pthread_rwlock_t is available
aconfigure:9727: gcc -c -O2  conftest.c >&5
aconfigure:9733: $? = 0
aconfigure:9743: result: yes
aconfigure:9818: checking if pthread_mutexattr_settype() is available
aconfigure:9841: gcc -c -O2  conftest.c >&5
conftest.c: In function 'main':
conftest.c:73: error: 'PTHREAD_MUTEX_FAST_NP' undeclared (first use in this function)
conftest.c:73: error: (Each undeclared identifier is reported only once
conftest.c:73: error: for each function it appears in.)
aconfigure:9847: $? = 1
aconfigure: failed program was:
| /* confdefs.h.  */
| #define PACKAGE_NAME "pjproject"
| #define PACKAGE_TARNAME "pjproject"
| #define PACKAGE_VERSION "1.0"
| #define PACKAGE_STRING "pjproject 1.0"
| #define PACKAGE_BUGREPORT ""
| #define HAVE_LIBPTHREAD 1
| #define HAVE_LIBRT 1
| #define HAVE_LIBNSL 1
| #define HAVE_LIBUUID 1
| #define PJ_M_NAME "i686"
| #define PJ_POOL_ALIGNMENT 4
| #define STDC_HEADERS 1
| #define HAVE_SYS_TYPES_H 1
| #define HAVE_SYS_STAT_H 1
| #define HAVE_STDLIB_H 1
| #define HAVE_STRING_H 1
| #define HAVE_MEMORY_H 1
| #define HAVE_STRINGS_H 1
| #define HAVE_INTTYPES_H 1
| #define HAVE_STDINT_H 1
| #define HAVE_UNISTD_H 1
| #define PJ_LINUX 1
| #define PJ_HAS_FLOATING_POINT 1
| #define HAVE_LIBM 1
| #define PJ_HAS_ARPA_INET_H 1
| #define PJ_HAS_ASSERT_H 1
| #define PJ_HAS_CTYPE_H 1
| #define PJ_HAS_ERRNO_H 1
| #define PJ_HAS_FCNTL_H 1
| #define PJ_HAS_LINUX_SOCKET_H 1
| #define PJ_HAS_MALLOC_H 1
| #define PJ_HAS_NETDB_H 1
| #define PJ_HAS_NETINET_IN_SYSTM_H 1
| #define PJ_HAS_NETINET_IN_H 1
| #define PJ_HAS_NETINET_IP_H 1
| #define PJ_HAS_IFADDRS_H 1
| #define PJ_HAS_SEMAPHORE_H 1
| #define PJ_HAS_SETJMP_H 1
| #define PJ_HAS_STDARG_H 1
| #define PJ_HAS_STDDEF_H 1
| #define PJ_HAS_STDIO_H 1
| #define PJ_HAS_STDINT_H 1
| #define PJ_HAS_STDLIB_H 1
| #define PJ_HAS_STRING_H 1
| #define PJ_HAS_SYS_IOCTL_H 1
| #define PJ_HAS_SYS_SELECT_H 1
| #define PJ_HAS_SYS_SOCKET_H 1
| #define PJ_HAS_SYS_TIME_H 1
| #define PJ_HAS_SYS_TIMEB_H 1
| #define PJ_HAS_SYS_TYPES_H 1
| #define PJ_HAS_TIME_H 1
| #define PJ_HAS_UNISTD_H 1
| #define PJ_HAS_NET_IF_H 1
| #define PJ_OS_NAME "i686-pc-linux-gnu"
| #define PJ_HAS_ERRNO_VAR 1
| #define PJ_HAS_HIGH_RES_TIMER 1
| #define PJ_HAS_MALLOC 1
| #define PJ_NATIVE_STRING_IS_UNICODE 0
| #define PJ_ATOMIC_VALUE_TYPE long
| #define PJ_SOCK_HAS_INET_ATON 1
| #define PJ_SOCK_HAS_INET_PTON 1
| #define PJ_SOCK_HAS_INET_NTOP 1
| #define PJ_SOCK_HAS_GETADDRINFO 1
| #define PJ_HAS_SOCKLEN_T 1
| #define PJ_HAS_SO_ERROR 1
| #define PJ_EMULATE_RWMUTEX 0
| /* end confdefs.h.  */
| #include <pthread.h>
| int
| main ()
| {
| pthread_mutexattr_settype(0,PTHREAD_MUTEX_FAST_NP);
|   ;
|   return 0;
| }
aconfigure:9862: result: no
aconfigure:9868: checking if pthread_mutexattr_t has recursive member
aconfigure:9892: gcc -c -O2  conftest.c >&5
conftest.c: In function 'main':
conftest.c:74: error: 'pthread_mutexattr_t' has no member named 'recursive'
aconfigure:9898: $? = 1
aconfigure: failed program was:
| /* confdefs.h.  */
| #define PACKAGE_NAME "pjproject"
| #define PACKAGE_TARNAME "pjproject"
| #define PACKAGE_VERSION "1.0"
| #define PACKAGE_STRING "pjproject 1.0"
| #define PACKAGE_BUGREPORT ""
| #define HAVE_LIBPTHREAD 1
| #define HAVE_LIBRT 1
| #define HAVE_LIBNSL 1
| #define HAVE_LIBUUID 1
| #define PJ_M_NAME "i686"
| #define PJ_POOL_ALIGNMENT 4
| #define STDC_HEADERS 1
| #define HAVE_SYS_TYPES_H 1
| #define HAVE_SYS_STAT_H 1
| #define HAVE_STDLIB_H 1
| #define HAVE_STRING_H 1
| #define HAVE_MEMORY_H 1
| #define HAVE_STRINGS_H 1
| #define HAVE_INTTYPES_H 1
| #define HAVE_STDINT_H 1
| #define HAVE_UNISTD_H 1
| #define PJ_LINUX 1
| #define PJ_HAS_FLOATING_POINT 1
| #define HAVE_LIBM 1
| #define PJ_HAS_ARPA_INET_H 1
| #define PJ_HAS_ASSERT_H 1
| #define PJ_HAS_CTYPE_H 1
| #define PJ_HAS_ERRNO_H 1
| #define PJ_HAS_FCNTL_H 1
| #define PJ_HAS_LINUX_SOCKET_H 1
| #define PJ_HAS_MALLOC_H 1
| #define PJ_HAS_NETDB_H 1
| #define PJ_HAS_NETINET_IN_SYSTM_H 1
| #define PJ_HAS_NETINET_IN_H 1
| #define PJ_HAS_NETINET_IP_H 1
| #define PJ_HAS_IFADDRS_H 1
| #define PJ_HAS_SEMAPHORE_H 1
| #define PJ_HAS_SETJMP_H 1
| #define PJ_HAS_STDARG_H 1
| #define PJ_HAS_STDDEF_H 1
| #define PJ_HAS_STDIO_H 1
| #define PJ_HAS_STDINT_H 1
| #define PJ_HAS_STDLIB_H 1
| #define PJ_HAS_STRING_H 1
| #define PJ_HAS_SYS_IOCTL_H 1
| #define PJ_HAS_SYS_SELECT_H 1
| #define PJ_HAS_SYS_SOCKET_H 1
| #define PJ_HAS_SYS_TIME_H 1
| #define PJ_HAS_SYS_TIMEB_H 1
| #define PJ_HAS_SYS_TYPES_H 1
| #define PJ_HAS_TIME_H 1
| #define PJ_HAS_UNISTD_H 1
| #define PJ_HAS_NET_IF_H 1
| #define PJ_OS_NAME "i686-pc-linux-gnu"
| #define PJ_HAS_ERRNO_VAR 1
| #define PJ_HAS_HIGH_RES_TIMER 1
| #define PJ_HAS_MALLOC 1
| #define PJ_NATIVE_STRING_IS_UNICODE 0
| #define PJ_ATOMIC_VALUE_TYPE long
| #define PJ_SOCK_HAS_INET_ATON 1
| #define PJ_SOCK_HAS_INET_PTON 1
| #define PJ_SOCK_HAS_INET_NTOP 1
| #define PJ_SOCK_HAS_GETADDRINFO 1
| #define PJ_HAS_SOCKLEN_T 1
| #define PJ_HAS_SO_ERROR 1
| #define PJ_EMULATE_RWMUTEX 0
| /* end confdefs.h.  */
| #include <pthread.h>
| int
| main ()
| {
| pthread_mutexattr_t attr;
| 				     attr.recursive=1;
|   ;
|   return 0;
| }
aconfigure:9913: result: no
aconfigure:9920: checking ioqueue backend
aconfigure:9932: result: select()
aconfigure:9980: checking sys/soundcard.h usability
aconfigure:9997: gcc -c -O2  conftest.c >&5
aconfigure:10003: $? = 0
aconfigure:10017: result: yes
aconfigure:10021: checking sys/soundcard.h presence
aconfigure:10036: gcc -E  conftest.c
aconfigure:10042: $? = 0
aconfigure:10056: result: yes
aconfigure:10084: checking for sys/soundcard.h
aconfigure:10091: result: yes
aconfigure:10110: checking linux/soundcard.h usability
aconfigure:10127: gcc -c -O2  conftest.c >&5
aconfigure:10133: $? = 0
aconfigure:10147: result: yes
aconfigure:10151: checking linux/soundcard.h presence
aconfigure:10166: gcc -E  conftest.c
aconfigure:10172: $? = 0
aconfigure:10186: result: yes
aconfigure:10214: checking for linux/soundcard.h
aconfigure:10221: result: yes
aconfigure:10240: checking machine/soundcard.h usability
aconfigure:10257: gcc -c -O2  conftest.c >&5
conftest.c:102:31: error: machine/soundcard.h: No such file or directory
aconfigure:10263: $? = 1
aconfigure: failed program was:
| /* confdefs.h.  */
| #define PACKAGE_NAME "pjproject"
| #define PACKAGE_TARNAME "pjproject"
| #define PACKAGE_VERSION "1.0"
| #define PACKAGE_STRING "pjproject 1.0"
| #define PACKAGE_BUGREPORT ""
| #define HAVE_LIBPTHREAD 1
| #define HAVE_LIBRT 1
| #define HAVE_LIBNSL 1
| #define HAVE_LIBUUID 1
| #define PJ_M_NAME "i686"
| #define PJ_POOL_ALIGNMENT 4
| #define STDC_HEADERS 1
| #define HAVE_SYS_TYPES_H 1
| #define HAVE_SYS_STAT_H 1
| #define HAVE_STDLIB_H 1
| #define HAVE_STRING_H 1
| #define HAVE_MEMORY_H 1
| #define HAVE_STRINGS_H 1
| #define HAVE_INTTYPES_H 1
| #define HAVE_STDINT_H 1
| #define HAVE_UNISTD_H 1
| #define PJ_LINUX 1
| #define PJ_HAS_FLOATING_POINT 1
| #define HAVE_LIBM 1
| #define PJ_HAS_ARPA_INET_H 1
| #define PJ_HAS_ASSERT_H 1
| #define PJ_HAS_CTYPE_H 1
| #define PJ_HAS_ERRNO_H 1
| #define PJ_HAS_FCNTL_H 1
| #define PJ_HAS_LINUX_SOCKET_H 1
| #define PJ_HAS_MALLOC_H 1
| #define PJ_HAS_NETDB_H 1
| #define PJ_HAS_NETINET_IN_SYSTM_H 1
| #define PJ_HAS_NETINET_IN_H 1
| #define PJ_HAS_NETINET_IP_H 1
| #define PJ_HAS_IFADDRS_H 1
| #define PJ_HAS_SEMAPHORE_H 1
| #define PJ_HAS_SETJMP_H 1
| #define PJ_HAS_STDARG_H 1
| #define PJ_HAS_STDDEF_H 1
| #define PJ_HAS_STDIO_H 1
| #define PJ_HAS_STDINT_H 1
| #define PJ_HAS_STDLIB_H 1
| #define PJ_HAS_STRING_H 1
| #define PJ_HAS_SYS_IOCTL_H 1
| #define PJ_HAS_SYS_SELECT_H 1
| #define PJ_HAS_SYS_SOCKET_H 1
| #define PJ_HAS_SYS_TIME_H 1
| #define PJ_HAS_SYS_TIMEB_H 1
| #define PJ_HAS_SYS_TYPES_H 1
| #define PJ_HAS_TIME_H 1
| #define PJ_HAS_UNISTD_H 1
| #define PJ_HAS_NET_IF_H 1
| #define PJ_OS_NAME "i686-pc-linux-gnu"
| #define PJ_HAS_ERRNO_VAR 1
| #define PJ_HAS_HIGH_RES_TIMER 1
| #define PJ_HAS_MALLOC 1
| #define PJ_NATIVE_STRING_IS_UNICODE 0
| #define PJ_ATOMIC_VALUE_TYPE long
| #define PJ_SOCK_HAS_INET_ATON 1
| #define PJ_SOCK_HAS_INET_PTON 1
| #define PJ_SOCK_HAS_INET_NTOP 1
| #define PJ_SOCK_HAS_GETADDRINFO 1
| #define PJ_HAS_SOCKLEN_T 1
| #define PJ_HAS_SO_ERROR 1
| #define PJ_EMULATE_RWMUTEX 0
| /* end confdefs.h.  */
| #include <stdio.h>
| #ifdef HAVE_SYS_TYPES_H
| # include <sys/types.h>
| #endif
| #ifdef HAVE_SYS_STAT_H
| # include <sys/stat.h>
| #endif
| #ifdef STDC_HEADERS
| # include <stdlib.h>
| # include <stddef.h>
| #else
| # ifdef HAVE_STDLIB_H
| #  include <stdlib.h>
| # endif
| #endif
| #ifdef HAVE_STRING_H
| # if !defined STDC_HEADERS && defined HAVE_MEMORY_H
| #  include <memory.h>
| # endif
| # include <string.h>
| #endif
| #ifdef HAVE_STRINGS_H
| # include <strings.h>
| #endif
| #ifdef HAVE_INTTYPES_H
| # include <inttypes.h>
| #endif
| #ifdef HAVE_STDINT_H
| # include <stdint.h>
| #endif
| #ifdef HAVE_UNISTD_H
| # include <unistd.h>
| #endif
| #include <machine/soundcard.h>
aconfigure:10277: result: no
aconfigure:10281: checking machine/soundcard.h presence
aconfigure:10296: gcc -E  conftest.c
conftest.c:69:31: error: machine/soundcard.h: No such file or directory
aconfigure:10302: $? = 1
aconfigure: failed program was:
| /* confdefs.h.  */
| #define PACKAGE_NAME "pjproject"
| #define PACKAGE_TARNAME "pjproject"
| #define PACKAGE_VERSION "1.0"
| #define PACKAGE_STRING "pjproject 1.0"
| #define PACKAGE_BUGREPORT ""
| #define HAVE_LIBPTHREAD 1
| #define HAVE_LIBRT 1
| #define HAVE_LIBNSL 1
| #define HAVE_LIBUUID 1
| #define PJ_M_NAME "i686"
| #define PJ_POOL_ALIGNMENT 4
| #define STDC_HEADERS 1
| #define HAVE_SYS_TYPES_H 1
| #define HAVE_SYS_STAT_H 1
| #define HAVE_STDLIB_H 1
| #define HAVE_STRING_H 1
| #define HAVE_MEMORY_H 1
| #define HAVE_STRINGS_H 1
| #define HAVE_INTTYPES_H 1
| #define HAVE_STDINT_H 1
| #define HAVE_UNISTD_H 1
| #define PJ_LINUX 1
| #define PJ_HAS_FLOATING_POINT 1
| #define HAVE_LIBM 1
| #define PJ_HAS_ARPA_INET_H 1
| #define PJ_HAS_ASSERT_H 1
| #define PJ_HAS_CTYPE_H 1
| #define PJ_HAS_ERRNO_H 1
| #define PJ_HAS_FCNTL_H 1
| #define PJ_HAS_LINUX_SOCKET_H 1
| #define PJ_HAS_MALLOC_H 1
| #define PJ_HAS_NETDB_H 1
| #define PJ_HAS_NETINET_IN_SYSTM_H 1
| #define PJ_HAS_NETINET_IN_H 1
| #define PJ_HAS_NETINET_IP_H 1
| #define PJ_HAS_IFADDRS_H 1
| #define PJ_HAS_SEMAPHORE_H 1
| #define PJ_HAS_SETJMP_H 1
| #define PJ_HAS_STDARG_H 1
| #define PJ_HAS_STDDEF_H 1
| #define PJ_HAS_STDIO_H 1
| #define PJ_HAS_STDINT_H 1
| #define PJ_HAS_STDLIB_H 1
| #define PJ_HAS_STRING_H 1
| #define PJ_HAS_SYS_IOCTL_H 1
| #define PJ_HAS_SYS_SELECT_H 1
| #define PJ_HAS_SYS_SOCKET_H 1
| #define PJ_HAS_SYS_TIME_H 1
| #define PJ_HAS_SYS_TIMEB_H 1
| #define PJ_HAS_SYS_TYPES_H 1
| #define PJ_HAS_TIME_H 1
| #define PJ_HAS_UNISTD_H 1
| #define PJ_HAS_NET_IF_H 1
| #define PJ_OS_NAME "i686-pc-linux-gnu"
| #define PJ_HAS_ERRNO_VAR 1
| #define PJ_HAS_HIGH_RES_TIMER 1
| #define PJ_HAS_MALLOC 1
| #define PJ_NATIVE_STRING_IS_UNICODE 0
| #define PJ_ATOMIC_VALUE_TYPE long
| #define PJ_SOCK_HAS_INET_ATON 1
| #define PJ_SOCK_HAS_INET_PTON 1
| #define PJ_SOCK_HAS_INET_NTOP 1
| #define PJ_SOCK_HAS_GETADDRINFO 1
| #define PJ_HAS_SOCKLEN_T 1
| #define PJ_HAS_SO_ERROR 1
| #define PJ_EMULATE_RWMUTEX 0
| /* end confdefs.h.  */
| #include <machine/soundcard.h>
aconfigure:10316: result: no
aconfigure:10344: checking for machine/soundcard.h
aconfigure:10351: result: no
aconfigure:10407: checking alsa/version.h usability
aconfigure:10424: gcc -c -O2  conftest.c >&5
aconfigure:10430: $? = 0
aconfigure:10444: result: yes
aconfigure:10448: checking alsa/version.h presence
aconfigure:10463: gcc -E  conftest.c
aconfigure:10469: $? = 0
aconfigure:10483: result: yes
aconfigure:10511: checking for alsa/version.h
aconfigure:10518: result: yes
aconfigure:10533: result: Checking sound device backend... unix
aconfigure:10573: result: Checking if small filter is disabled... no
aconfigure:10587: result: Checking if large filter is disabled... no
aconfigure:10601: result: Checking if Speex AEC is disabled...no
aconfigure:10619: result: Checking if G.711 codec is disabled...no
aconfigure:10638: result: Checking if L16 codec is disabled...no
aconfigure:10657: result: Checking if GSM codec is disabled...no
aconfigure:10675: result: Checking if G.722 codec is disabled...no
aconfigure:10693: result: Checking if G.722.1 codec is disabled...no
aconfigure:10711: result: Checking if Speex codec is disabled...no
aconfigure:10729: result: Checking if iLBC codec is disabled...no
aconfigure:10808: result: Skipping libsamplerate detection
aconfigure:11080: result: Skipping Intel IPP settings (not wanted)
aconfigure:11098: result: checking for OpenSSL installations..
aconfigure:11113: checking openssl/ssl.h usability
aconfigure:11130: gcc -c -O2  conftest.c >&5
aconfigure:11136: $? = 0
aconfigure:11150: result: yes
aconfigure:11154: checking openssl/ssl.h presence
aconfigure:11169: gcc -E  conftest.c
aconfigure:11175: $? = 0
aconfigure:11189: result: yes
aconfigure:11217: checking for openssl/ssl.h
aconfigure:11224: result: yes
aconfigure:11233: checking for SSL_library_init in -lssl
aconfigure:11268: gcc -o conftest -O2   conftest.c -lssl  -lm -luuid -lnsl -lrt -lpthread  -lasound >&5
aconfigure:11274: $? = 0
aconfigure:11292: result: yes
aconfigure:11298: checking for ERR_load_BIO_strings in -lcrypto
aconfigure:11333: gcc -o conftest -O2   conftest.c -lcrypto  -lm -luuid -lnsl -lrt -lpthread  -lasound -lssl >&5
aconfigure:11339: $? = 0
aconfigure:11357: result: yes
aconfigure:11364: result: OpenSSL library found, SSL support enabled
aconfigure:11381: checking if select() needs correct nfds
aconfigure:11395: result: no (default)
aconfigure:11397: result: ** Decided that select() doesn't need correct nfds (please check)
aconfigure:11402: checking if pj_thread_create() should enforce stack size
aconfigure:11416: result: no (default)
aconfigure:11421: checking if pj_thread_create() should allocate stack
aconfigure:11435: result: no (default)
aconfigure:11451: result: ** Setting non-blocking recv() retval to EAGAIN (please check)
aconfigure:11467: result: ** Setting non-blocking connect() retval to EINPROGRESS (please check)
aconfigure:11596: creating ./config.status

## ---------------------- ##
## Running config.status. ##
## ---------------------- ##

This file was extended by pjproject config.status 1.0, which was
generated by GNU Autoconf 2.61.  Invocation command line was

  CONFIG_FILES    = 
  CONFIG_HEADERS  = 
  CONFIG_LINKS    = 
  CONFIG_COMMANDS = 
  $ ./config.status 

on alexandresavard-desktop

config.status:642: creating build.mak
config.status:642: creating build/os-auto.mak
config.status:642: creating pjlib/build/os-auto.mak
config.status:642: creating pjlib-util/build/os-auto.mak
config.status:642: creating pjmedia/build/os-auto.mak
config.status:642: creating pjsip/build/os-auto.mak
config.status:642: creating third_party/build/portaudio/os-auto.mak
config.status:642: creating third_party/build/os-auto.mak
config.status:642: creating pjlib/include/pj/compat/os_auto.h
config.status:642: creating pjlib/include/pj/compat/m_auto.h
config.status:642: creating pjmedia/include/pjmedia/config_auto.h
config.status:920: pjmedia/include/pjmedia/config_auto.h is unchanged
config.status:642: creating pjmedia/include/pjmedia-codec/config_auto.h
config.status:920: pjmedia/include/pjmedia-codec/config_auto.h is unchanged
config.status:642: creating pjsip/include/pjsip/sip_autoconf.h
config.status:920: pjsip/include/pjsip/sip_autoconf.h is unchanged
aconfigure:12648: result:

Configurations for current target have been written to 'build.mak', and 'os-auto.mak' in various build directories, and pjlib/include/pj/compat/os_auto.h.

Further customizations can be put in:
  - 'user.mak'
  - 'pjlib/include/pj/config_site.h'

The next step now is to run 'make dep' and 'make'.


## ---------------- ##
## Cache variables. ##
## ---------------- ##

ac_cv_build=i686-pc-linux-gnu
ac_cv_c_bigendian=no
ac_cv_c_compiler_gnu=yes
ac_cv_cxx_compiler_gnu=yes
ac_cv_env_CCC_set=
ac_cv_env_CCC_value=
ac_cv_env_CC_set=
ac_cv_env_CC_value=
ac_cv_env_CFLAGS_set=
ac_cv_env_CFLAGS_value=
ac_cv_env_CPPFLAGS_set=
ac_cv_env_CPPFLAGS_value=
ac_cv_env_CPP_set=
ac_cv_env_CPP_value=
ac_cv_env_CXXFLAGS_set=
ac_cv_env_CXXFLAGS_value=
ac_cv_env_CXX_set=
ac_cv_env_CXX_value=
ac_cv_env_LDFLAGS_set=
ac_cv_env_LDFLAGS_value=
ac_cv_env_LIBS_set=
ac_cv_env_LIBS_value=
ac_cv_env_build_alias_set=
ac_cv_env_build_alias_value=
ac_cv_env_host_alias_set=
ac_cv_env_host_alias_value=
ac_cv_env_target_alias_set=
ac_cv_env_target_alias_value=
ac_cv_header_alsa_version_h=yes
ac_cv_header_arpa_inet_h=yes
ac_cv_header_assert_h=yes
ac_cv_header_ctype_h=yes
ac_cv_header_errno_h=yes
ac_cv_header_fcntl_h=yes
ac_cv_header_ifaddrs_h=yes
ac_cv_header_inttypes_h=yes
ac_cv_header_linux_socket_h=yes
ac_cv_header_linux_soundcard_h=yes
ac_cv_header_machine_soundcard_h=no
ac_cv_header_malloc_h=yes
ac_cv_header_memory_h=yes
ac_cv_header_mswsock_h=no
ac_cv_header_net_if_h=yes
ac_cv_header_netdb_h=yes
ac_cv_header_netinet_in_h=yes
ac_cv_header_netinet_in_systm_h=yes
ac_cv_header_netinet_ip_h=yes
ac_cv_header_openssl_ssl_h=yes
ac_cv_header_semaphore_h=yes
ac_cv_header_setjmp_h=yes
ac_cv_header_stdarg_h=yes
ac_cv_header_stdc=yes
ac_cv_header_stddef_h=yes
ac_cv_header_stdint_h=yes
ac_cv_header_stdio_h=yes
ac_cv_header_stdlib_h=yes
ac_cv_header_string_h=yes
ac_cv_header_strings_h=yes
ac_cv_header_sys_ioctl_h=yes
ac_cv_header_sys_select_h=yes
ac_cv_header_sys_socket_h=yes
ac_cv_header_sys_soundcard_h=yes
ac_cv_header_sys_stat_h=yes
ac_cv_header_sys_time_h=yes
ac_cv_header_sys_timeb_h=yes
ac_cv_header_sys_types_h=yes
ac_cv_header_time_h=yes
ac_cv_header_unistd_h=yes
ac_cv_header_uuid_uuid_h=yes
ac_cv_header_winsock2_h=no
ac_cv_header_winsock_h=no
ac_cv_header_ws2tcpip_h=no
ac_cv_host=i686-pc-linux-gnu
ac_cv_lib_crypto_ERR_load_BIO_strings=yes
ac_cv_lib_m_fmod=yes
ac_cv_lib_nsl_puts=yes
ac_cv_lib_ole32_puts=no
ac_cv_lib_pthread_pthread_create=yes
ac_cv_lib_rt_puts=yes
ac_cv_lib_socket_puts=no
ac_cv_lib_ssl_SSL_library_init=yes
ac_cv_lib_uuid_uuid_generate=yes
ac_cv_lib_winmm_puts=no
ac_cv_lib_ws2_32_puts=no
ac_cv_lib_wsock32_puts=no
ac_cv_objext=o
ac_cv_path_EGREP='/bin/grep -E'
ac_cv_path_GREP=/bin/grep
ac_cv_prog_CPP='gcc -E'
ac_cv_prog_ac_ct_CC=gcc
ac_cv_prog_ac_ct_CXX=g++
ac_cv_prog_cc_c89=
ac_cv_prog_cc_g=yes
ac_cv_prog_cxx_g=yes
ac_cv_target=i686-pc-linux-gnu

## ----------------- ##
## Output variables. ##
## ----------------- ##

CC='gcc'
CFLAGS='-O2'
CPP='gcc -E'
CPPFLAGS=''
CXX='g++'
CXXFLAGS='-O2 '
DEFS='-DHAVE_CONFIG_H'
ECHO_C=''
ECHO_N='-n'
ECHO_T=''
EGREP='/bin/grep -E'
EXEEXT=''
GREP='/bin/grep'
LDFLAGS=''
LIBOBJS=''
LIBS='-lm -luuid -lnsl -lrt -lpthread  -lasound -lssl -lcrypto'
LTLIBOBJS=''
OBJEXT='o'
PACKAGE_BUGREPORT=''
PACKAGE_NAME='pjproject'
PACKAGE_STRING='pjproject 1.0'
PACKAGE_TARNAME='pjproject'
PACKAGE_VERSION='1.0'
PATH_SEPARATOR=':'
SHELL='/bin/bash'
ac_build_mak_vars=''
ac_cross_compile=''
ac_ct_CC='gcc'
ac_ct_CXX='g++'
ac_host='unix'
ac_linux_poll='select'
ac_main_obj='main.o'
ac_no_g711_codec=''
ac_no_g7221_codec=''
ac_no_g722_codec=''
ac_no_gsm_codec=''
ac_no_ilbc_codec=''
ac_no_l16_codec=''
ac_no_large_filter=''
ac_no_small_filter=''
ac_no_speex_aec=''
ac_no_speex_codec=''
ac_no_ssl=''
ac_os_objs='ioqueue_select.o file_access_unistd.o file_io_ansi.o os_core_unix.o os_error_unix.o os_time_unix.o os_timestamp_posix.o guid_uuid.o'
ac_pa_cflags=' -DHAVE_SYS_SOUNDCARD_H -DHAVE_LINUX_SOUNDCARD_H -DPA_LITTLE_ENDIAN'
ac_pa_use_alsa='1'
ac_pa_use_oss='1'
ac_pjdir='/home/alexandresavard/Development/sflphone/sflphone-common/libs/pjproject'
ac_pjmedia_snd='pa_unix'
bindir='${exec_prefix}/bin'
build='i686-pc-linux-gnu'
build_alias=''
build_cpu='i686'
build_os='linux-gnu'
build_vendor='pc'
datadir='${datarootdir}'
datarootdir='${prefix}/share'
docdir='${datarootdir}/doc/${PACKAGE_TARNAME}'
dvidir='${docdir}'
exec_prefix='${prefix}'
host='i686-pc-linux-gnu'
host_alias=''
host_cpu='i686'
host_os='linux-gnu'
host_vendor='pc'
htmldir='${docdir}'
includedir='${prefix}/include'
infodir='${datarootdir}/info'
libcrypto_present='1'
libdir='${exec_prefix}/lib'
libexecdir='${exec_prefix}/libexec'
libssl_present='1'
localedir='${datarootdir}/locale'
localstatedir='${prefix}/var'
mandir='${datarootdir}/man'
oldincludedir='/usr/include'
openssl_h_present='1'
pdfdir='${docdir}'
prefix='/usr/local'
program_transform_name='s,x,x,'
psdir='${docdir}'
sbindir='${exec_prefix}/sbin'
sharedstatedir='${prefix}/com'
sysconfdir='${prefix}/etc'
target='i686-pc-linux-gnu'
target_alias=''
target_cpu='i686'
target_os='linux-gnu'
target_vendor='pc'

## ----------- ##
## confdefs.h. ##
## ----------- ##

#define PACKAGE_NAME "pjproject"
#define PACKAGE_TARNAME "pjproject"
#define PACKAGE_VERSION "1.0"
#define PACKAGE_STRING "pjproject 1.0"
#define PACKAGE_BUGREPORT ""
#define HAVE_LIBPTHREAD 1
#define HAVE_LIBRT 1
#define HAVE_LIBNSL 1
#define HAVE_LIBUUID 1
#define PJ_M_NAME "i686"
#define PJ_POOL_ALIGNMENT 4
#define STDC_HEADERS 1
#define HAVE_SYS_TYPES_H 1
#define HAVE_SYS_STAT_H 1
#define HAVE_STDLIB_H 1
#define HAVE_STRING_H 1
#define HAVE_MEMORY_H 1
#define HAVE_STRINGS_H 1
#define HAVE_INTTYPES_H 1
#define HAVE_STDINT_H 1
#define HAVE_UNISTD_H 1
#define PJ_LINUX 1
#define PJ_HAS_FLOATING_POINT 1
#define HAVE_LIBM 1
#define PJ_HAS_ARPA_INET_H 1
#define PJ_HAS_ASSERT_H 1
#define PJ_HAS_CTYPE_H 1
#define PJ_HAS_ERRNO_H 1
#define PJ_HAS_FCNTL_H 1
#define PJ_HAS_LINUX_SOCKET_H 1
#define PJ_HAS_MALLOC_H 1
#define PJ_HAS_NETDB_H 1
#define PJ_HAS_NETINET_IN_SYSTM_H 1
#define PJ_HAS_NETINET_IN_H 1
#define PJ_HAS_NETINET_IP_H 1
#define PJ_HAS_IFADDRS_H 1
#define PJ_HAS_SEMAPHORE_H 1
#define PJ_HAS_SETJMP_H 1
#define PJ_HAS_STDARG_H 1
#define PJ_HAS_STDDEF_H 1
#define PJ_HAS_STDIO_H 1
#define PJ_HAS_STDINT_H 1
#define PJ_HAS_STDLIB_H 1
#define PJ_HAS_STRING_H 1
#define PJ_HAS_SYS_IOCTL_H 1
#define PJ_HAS_SYS_SELECT_H 1
#define PJ_HAS_SYS_SOCKET_H 1
#define PJ_HAS_SYS_TIME_H 1
#define PJ_HAS_SYS_TIMEB_H 1
#define PJ_HAS_SYS_TYPES_H 1
#define PJ_HAS_TIME_H 1
#define PJ_HAS_UNISTD_H 1
#define PJ_HAS_NET_IF_H 1
#define PJ_OS_NAME "i686-pc-linux-gnu"
#define PJ_HAS_ERRNO_VAR 1
#define PJ_HAS_HIGH_RES_TIMER 1
#define PJ_HAS_MALLOC 1
#define PJ_NATIVE_STRING_IS_UNICODE 0
#define PJ_ATOMIC_VALUE_TYPE long
#define PJ_SOCK_HAS_INET_ATON 1
#define PJ_SOCK_HAS_INET_PTON 1
#define PJ_SOCK_HAS_INET_NTOP 1
#define PJ_SOCK_HAS_GETADDRINFO 1
#define PJ_HAS_SOCKLEN_T 1
#define PJ_HAS_SO_ERROR 1
#define PJ_EMULATE_RWMUTEX 0
#define PJSIP_HAS_TLS_TRANSPORT 1
#define PJ_SELECT_NEEDS_NFDS 0
#define PJ_THREAD_SET_STACK_SIZE 0
#define PJ_THREAD_ALLOCATE_STACK 0
#define PJ_BLOCKING_ERROR_VAL EAGAIN
#define PJ_BLOCKING_CONNECT_ERROR_VAL EINPROGRESS

aconfigure: exit 0
