This file contains any messages produced by compilers while
running configure, to aid debugging if configure makes a mistake.

It was created by SFLphone configure 0.9.5~beta, which was
generated by GNU Autoconf 2.61.  Invocation command line was

  $ ./configure --prefix=/usr

## --------- ##
## Platform. ##
## --------- ##

hostname = sulfur
uname -m = i686
uname -r = 2.6.27-11-generic
uname -s = Linux
uname -v = #1 SMP Wed Apr 1 20:57:48 UTC 2009

/usr/bin/uname -p = unknown
/bin/uname -X     = unknown

/bin/arch              = unknown
/usr/bin/arch -k       = unknown
/usr/convex/getsysinfo = unknown
/usr/bin/hostinfo      = unknown
/bin/machine           = unknown
/usr/bin/oslevel       = unknown
/bin/universe          = unknown

PATH: /home-local/manu/bin
PATH: /usr/local/sbin
PATH: /usr/local/bin
PATH: /usr/sbin
PATH: /usr/bin
PATH: /sbin
PATH: /bin
PATH: /usr/games
PATH: /usr/local/share/OpenSceneGraph/bin


## ----------- ##
## Core tests. ##
## ----------- ##

configure:2116: checking for a BSD-compatible install
configure:2172: result: /usr/bin/install -c
configure:2183: checking whether build environment is sane
configure:2226: result: yes
configure:2291: checking for gawk
configure:2307: found /usr/bin/gawk
configure:2318: result: gawk
configure:2329: checking whether make sets $(MAKE)
configure:2350: result: yes
configure:2571: checking build system type
configure:2589: result: i686-pc-linux-gnu
configure:2611: checking host system type
configure:2626: result: i686-pc-linux-gnu
configure:2660: checking for style of include used by make
configure:2688: result: GNU
configure:2761: checking for gcc
configure:2777: found /usr/bin/gcc
configure:2788: result: gcc
configure:3026: checking for C compiler version
configure:3033: gcc --version >&5
gcc (Ubuntu 4.3.2-1ubuntu12) 4.3.2
Copyright (C) 2008 Free Software Foundation, Inc.
This is free software; see the source for copying conditions.  There is NO
warranty; not even for MERCHANTABILITY or FITNESS FOR A PARTICULAR PURPOSE.

configure:3036: $? = 0
configure:3043: gcc -v >&5
Using built-in specs.
Target: i486-linux-gnu
Configured with: ../src/configure -v --with-pkgversion='Ubuntu 4.3.2-1ubuntu12' --with-bugurl=file:///usr/share/doc/gcc-4.3/README.Bugs --enable-languages=c,c++,fortran,objc,obj-c++ --prefix=/usr --enable-shared --with-system-zlib --libexecdir=/usr/lib --without-included-gettext --enable-threads=posix --enable-nls --with-gxx-include-dir=/usr/include/c++/4.3 --program-suffix=-4.3 --enable-clocale=gnu --enable-libstdcxx-debug --enable-objc-gc --enable-mpfr --enable-targets=all --enable-checking=release --build=i486-linux-gnu --host=i486-linux-gnu --target=i486-linux-gnu
Thread model: posix
gcc version 4.3.2 (Ubuntu 4.3.2-1ubuntu12) 
configure:3046: $? = 0
configure:3053: gcc -V >&5
gcc: '-V' option must have argument
configure:3056: $? = 1
configure:3079: checking for C compiler default output file name
configure:3106: gcc    conftest.c  >&5
configure:3109: $? = 0
configure:3147: result: a.out
configure:3164: checking whether the C compiler works
configure:3174: ./a.out
configure:3177: $? = 0
configure:3194: result: yes
configure:3201: checking whether we are cross compiling
configure:3203: result: no
configure:3206: checking for suffix of executables
configure:3213: gcc -o conftest    conftest.c  >&5
configure:3216: $? = 0
configure:3240: result: 
configure:3246: checking for suffix of object files
configure:3272: gcc -c   conftest.c >&5
configure:3275: $? = 0
configure:3298: result: o
configure:3302: checking whether we are using the GNU C compiler
configure:3331: gcc -c   conftest.c >&5
configure:3337: $? = 0
configure:3354: result: yes
configure:3359: checking whether gcc accepts -g
configure:3389: gcc -c -g  conftest.c >&5
configure:3395: $? = 0
configure:3494: result: yes
configure:3511: checking for gcc option to accept ISO C89
configure:3585: gcc  -c -g -O2  conftest.c >&5
configure:3591: $? = 0
configure:3614: result: none needed
configure:3634: checking dependency style of gcc
configure:3724: result: gcc3
configure:3741: checking for a sed that does not truncate output
configure:3820: result: /bin/sed
configure:3838: checking for grep that handles long lines and -e
configure:3912: result: /bin/grep
configure:3917: checking for egrep
configure:3995: result: /bin/grep -E
configure:4000: checking for fgrep
configure:4078: result: /bin/grep -F
configure:4113: checking for ld used by gcc
configure:4180: result: /usr/bin/ld
configure:4189: checking if the linker (/usr/bin/ld) is GNU ld
configure:4204: result: yes
configure:4216: checking for BSD- or MS-compatible name lister (nm)
configure:4265: result: /usr/bin/nm -B
configure:4387: checking the name lister (/usr/bin/nm -B) interface
configure:4394: gcc -c -g -O2  conftest.c >&5
configure:4397: /usr/bin/nm -B "conftest.o"
configure:4400: output
00000000 B some_variable
configure:4407: result: BSD nm
configure:4410: checking whether ln -s works
configure:4414: result: yes
configure:4422: checking the maximum length of command line arguments
configure:4542: result: 1572864
configure:4559: checking whether the shell understands some XSI constructs
configure:4569: result: yes
configure:4573: checking whether the shell understands "+="
configure:4579: result: yes
configure:4614: checking for /usr/bin/ld option to reload object files
configure:4621: result: -r
configure:4648: checking how to recognize dependent libraries
configure:4838: result: pass_all
configure:4898: checking for ar
configure:4914: found /usr/bin/ar
configure:4925: result: ar
configure:5007: checking for strip
configure:5023: found /usr/bin/strip
configure:5034: result: strip
configure:5110: checking for ranlib
configure:5126: found /usr/bin/ranlib
configure:5137: result: ranlib
configure:5231: checking command to parse /usr/bin/nm -B output from gcc object
configure:5349: gcc -c -g -O2  conftest.c >&5
configure:5352: $? = 0
configure:5356: /usr/bin/nm -B conftest.o \| sed -n -e 's/^.*[	 ]\([ABCDGIRSTW][ABCDGIRSTW]*\)[	 ][	 ]*\([_A-Za-z][_A-Za-z0-9]*\)$/\1 \2 \2/p' \> conftest.nm
configure:5359: $? = 0
configure:5413: gcc -o conftest -g -O2   conftest.c conftstm.o >&5
configure:5416: $? = 0
configure:5454: result: ok
configure:6333: checking how to run the C preprocessor
configure:6373: gcc -E  conftest.c
configure:6379: $? = 0
configure:6410: gcc -E  conftest.c
conftest.c:10:28: error: ac_nonexistent.h: No such file or directory
configure:6416: $? = 1
configure: failed program was:
| /* confdefs.h.  */
| #define PACKAGE_NAME "SFLphone"
| #define PACKAGE_TARNAME "sflphone"
| #define PACKAGE_VERSION "0.9.5~beta"
| #define PACKAGE_STRING "SFLphone 0.9.5~beta"
| #define PACKAGE_BUGREPORT "sflphoneteam@savoirfairelinux.com"
| #define PACKAGE "SFLphone"
| #define VERSION "0.9.5~beta"
| /* end confdefs.h.  */
| #include <ac_nonexistent.h>
configure:6449: result: gcc -E
configure:6478: gcc -E  conftest.c
configure:6484: $? = 0
configure:6515: gcc -E  conftest.c
conftest.c:10:28: error: ac_nonexistent.h: No such file or directory
configure:6521: $? = 1
configure: failed program was:
| /* confdefs.h.  */
| #define PACKAGE_NAME "SFLphone"
| #define PACKAGE_TARNAME "sflphone"
| #define PACKAGE_VERSION "0.9.5~beta"
| #define PACKAGE_STRING "SFLphone 0.9.5~beta"
| #define PACKAGE_BUGREPORT "sflphoneteam@savoirfairelinux.com"
| #define PACKAGE "SFLphone"
| #define VERSION "0.9.5~beta"
| /* end confdefs.h.  */
| #include <ac_nonexistent.h>
configure:6559: checking for ANSI C header files
configure:6589: gcc -c -g -O2  conftest.c >&5
configure:6595: $? = 0
configure:6694: gcc -o conftest -g -O2   conftest.c  >&5
configure:6697: $? = 0
configure:6703: ./conftest
configure:6706: $? = 0
configure:6723: result: yes
configure:6747: checking for sys/types.h
configure:6768: gcc -c -g -O2  conftest.c >&5
configure:6774: $? = 0
configure:6790: result: yes
configure:6747: checking for sys/stat.h
configure:6768: gcc -c -g -O2  conftest.c >&5
configure:6774: $? = 0
configure:6790: result: yes
configure:6747: checking for stdlib.h
configure:6768: gcc -c -g -O2  conftest.c >&5
configure:6774: $? = 0
configure:6790: result: yes
configure:6747: checking for string.h
configure:6768: gcc -c -g -O2  conftest.c >&5
configure:6774: $? = 0
configure:6790: result: yes
configure:6747: checking for memory.h
configure:6768: gcc -c -g -O2  conftest.c >&5
configure:6774: $? = 0
configure:6790: result: yes
configure:6747: checking for strings.h
configure:6768: gcc -c -g -O2  conftest.c >&5
configure:6774: $? = 0
configure:6790: result: yes
configure:6747: checking for inttypes.h
configure:6768: gcc -c -g -O2  conftest.c >&5
configure:6774: $? = 0
configure:6790: result: yes
configure:6747: checking for stdint.h
configure:6768: gcc -c -g -O2  conftest.c >&5
configure:6774: $? = 0
configure:6790: result: yes
configure:6747: checking for unistd.h
configure:6768: gcc -c -g -O2  conftest.c >&5
configure:6774: $? = 0
configure:6790: result: yes
configure:6806: checking for dlfcn.h
configure:6827: gcc -c -g -O2  conftest.c >&5
configure:6833: $? = 0
configure:6849: result: yes
configure:7033: checking for objdir
configure:7048: result: .libs
configure:7340: checking if gcc supports -fno-rtti -fno-exceptions
configure:7358: gcc -c -g -O2  -fno-rtti -fno-exceptions conftest.c >&5
cc1: warning: command line option "-fno-rtti" is valid for C++/ObjC++ but not for C
configure:7362: $? = 0
configure:7375: result: no
configure:7395: checking for gcc option to produce PIC
configure:7652: result: -fPIC -DPIC
configure:7664: checking if gcc PIC flag -fPIC -DPIC works
configure:7682: gcc -c -g -O2  -fPIC -DPIC -DPIC conftest.c >&5
configure:7686: $? = 0
configure:7699: result: yes
configure:7723: checking if gcc static flag -static works
configure:7751: result: yes
configure:7766: checking if gcc supports -c -o file.o
configure:7787: gcc -c -g -O2  -o out/conftest2.o conftest.c >&5
configure:7791: $? = 0
configure:7813: result: yes
configure:7821: checking if gcc supports -c -o file.o
configure:7868: result: yes
configure:7901: checking whether the gcc linker (/usr/bin/ld) supports shared libraries
configure:8956: result: yes
configure:8993: checking whether -lc should be explicitly linked in
configure:8998: gcc -c -g -O2  conftest.c >&5
configure:9001: $? = 0
configure:9016: gcc -shared conftest.o  -v -Wl,-soname -Wl,conftest -o conftest 2\>\&1 \| /bin/grep  -lc  \>/dev/null 2\>\&1
configure:9019: $? = 0
configure:9031: result: no
configure:9195: checking dynamic linker characteristics
configure:9638: gcc -o conftest -g -O2   -Wl,-rpath -Wl,/foo conftest.c  >&5
configure:9644: $? = 0
configure:9886: result: GNU/Linux ld.so
configure:9988: checking how to hardcode library paths into programs
configure:10013: result: immediate
configure:10826: checking whether stripping libraries is possible
configure:10831: result: yes
configure:10866: checking if libtool supports shared libraries
configure:10868: result: yes
configure:10871: checking whether to build shared libraries
configure:10892: result: yes
configure:10895: checking whether to build static libraries
configure:10899: result: yes
configure:10936: checking whether make sets $(MAKE)
configure:10957: result: yes
configure:11051: checking for gcc
configure:11078: result: gcc
configure:11316: checking for C compiler version
configure:11323: gcc --version >&5
gcc (Ubuntu 4.3.2-1ubuntu12) 4.3.2
Copyright (C) 2008 Free Software Foundation, Inc.
This is free software; see the source for copying conditions.  There is NO
warranty; not even for MERCHANTABILITY or FITNESS FOR A PARTICULAR PURPOSE.

configure:11326: $? = 0
configure:11333: gcc -v >&5
Using built-in specs.
Target: i486-linux-gnu
Configured with: ../src/configure -v --with-pkgversion='Ubuntu 4.3.2-1ubuntu12' --with-bugurl=file:///usr/share/doc/gcc-4.3/README.Bugs --enable-languages=c,c++,fortran,objc,obj-c++ --prefix=/usr --enable-shared --with-system-zlib --libexecdir=/usr/lib --without-included-gettext --enable-threads=posix --enable-nls --with-gxx-include-dir=/usr/include/c++/4.3 --program-suffix=-4.3 --enable-clocale=gnu --enable-libstdcxx-debug --enable-objc-gc --enable-mpfr --enable-targets=all --enable-checking=release --build=i486-linux-gnu --host=i486-linux-gnu --target=i486-linux-gnu
Thread model: posix
gcc version 4.3.2 (Ubuntu 4.3.2-1ubuntu12) 
configure:11336: $? = 0
configure:11343: gcc -V >&5
gcc: '-V' option must have argument
configure:11346: $? = 1
configure:11349: checking whether we are using the GNU C compiler
configure:11401: result: yes
configure:11406: checking whether gcc accepts -g
configure:11541: result: yes
configure:11558: checking for gcc option to accept ISO C89
configure:11661: result: none needed
configure:11681: checking dependency style of gcc
configure:11771: result: gcc3
configure:11847: checking for g++
configure:11863: found /usr/bin/g++
configure:11874: result: g++
configure:11905: checking for C++ compiler version
configure:11912: g++ --version >&5
g++ (Ubuntu 4.3.2-1ubuntu12) 4.3.2
Copyright (C) 2008 Free Software Foundation, Inc.
This is free software; see the source for copying conditions.  There is NO
warranty; not even for MERCHANTABILITY or FITNESS FOR A PARTICULAR PURPOSE.

configure:11915: $? = 0
configure:11922: g++ -v >&5
Using built-in specs.
Target: i486-linux-gnu
Configured with: ../src/configure -v --with-pkgversion='Ubuntu 4.3.2-1ubuntu12' --with-bugurl=file:///usr/share/doc/gcc-4.3/README.Bugs --enable-languages=c,c++,fortran,objc,obj-c++ --prefix=/usr --enable-shared --with-system-zlib --libexecdir=/usr/lib --without-included-gettext --enable-threads=posix --enable-nls --with-gxx-include-dir=/usr/include/c++/4.3 --program-suffix=-4.3 --enable-clocale=gnu --enable-libstdcxx-debug --enable-objc-gc --enable-mpfr --enable-targets=all --enable-checking=release --build=i486-linux-gnu --host=i486-linux-gnu --target=i486-linux-gnu
Thread model: posix
gcc version 4.3.2 (Ubuntu 4.3.2-1ubuntu12) 
configure:11925: $? = 0
configure:11932: g++ -V >&5
g++: '-V' option must have argument
configure:11935: $? = 1
configure:11938: checking whether we are using the GNU C++ compiler
configure:11967: g++ -c   conftest.cpp >&5
configure:11973: $? = 0
configure:11990: result: yes
configure:11995: checking whether g++ accepts -g
configure:12025: g++ -c -g  conftest.cpp >&5
configure:12031: $? = 0
configure:12130: result: yes
configure:12155: checking dependency style of g++
configure:12245: result: gcc3
configure:12379: checking for C++ compiler version
configure:12386: g++ --version >&5
g++ (Ubuntu 4.3.2-1ubuntu12) 4.3.2
Copyright (C) 2008 Free Software Foundation, Inc.
This is free software; see the source for copying conditions.  There is NO
warranty; not even for MERCHANTABILITY or FITNESS FOR A PARTICULAR PURPOSE.

configure:12389: $? = 0
configure:12396: g++ -v >&5
Using built-in specs.
Target: i486-linux-gnu
Configured with: ../src/configure -v --with-pkgversion='Ubuntu 4.3.2-1ubuntu12' --with-bugurl=file:///usr/share/doc/gcc-4.3/README.Bugs --enable-languages=c,c++,fortran,objc,obj-c++ --prefix=/usr --enable-shared --with-system-zlib --libexecdir=/usr/lib --without-included-gettext --enable-threads=posix --enable-nls --with-gxx-include-dir=/usr/include/c++/4.3 --program-suffix=-4.3 --enable-clocale=gnu --enable-libstdcxx-debug --enable-objc-gc --enable-mpfr --enable-targets=all --enable-checking=release --build=i486-linux-gnu --host=i486-linux-gnu --target=i486-linux-gnu
Thread model: posix
gcc version 4.3.2 (Ubuntu 4.3.2-1ubuntu12) 
configure:12399: $? = 0
configure:12406: g++ -V >&5
g++: '-V' option must have argument
configure:12409: $? = 1
configure:12412: checking whether we are using the GNU C++ compiler
configure:12464: result: yes
configure:12469: checking whether g++ accepts -g
configure:12604: result: yes
configure:12629: checking dependency style of g++
configure:12719: result: gcc3
configure:12744: checking how to run the C++ preprocessor
configure:12780: g++ -E  conftest.cpp
configure:12786: $? = 0
configure:12817: g++ -E  conftest.cpp
conftest.cpp:22:28: error: ac_nonexistent.h: No such file or directory
configure:12823: $? = 1
configure: failed program was:
| /* confdefs.h.  */
| #define PACKAGE_NAME "SFLphone"
| #define PACKAGE_TARNAME "sflphone"
| #define PACKAGE_VERSION "0.9.5~beta"
| #define PACKAGE_STRING "SFLphone 0.9.5~beta"
| #define PACKAGE_BUGREPORT "sflphoneteam@savoirfairelinux.com"
| #define PACKAGE "SFLphone"
| #define VERSION "0.9.5~beta"
| #define STDC_HEADERS 1
| #define HAVE_SYS_TYPES_H 1
| #define HAVE_SYS_STAT_H 1
| #define HAVE_STDLIB_H 1
| #define HAVE_STRING_H 1
| #define HAVE_MEMORY_H 1
| #define HAVE_STRINGS_H 1
| #define HAVE_INTTYPES_H 1
| #define HAVE_STDINT_H 1
| #define HAVE_UNISTD_H 1
| #define HAVE_DLFCN_H 1
| #define LT_OBJDIR ".libs/"
| /* end confdefs.h.  */
| #include <ac_nonexistent.h>
configure:12856: result: g++ -E
configure:12885: g++ -E  conftest.cpp
configure:12891: $? = 0
configure:12922: g++ -E  conftest.cpp
conftest.cpp:22:28: error: ac_nonexistent.h: No such file or directory
configure:12928: $? = 1
configure: failed program was:
| /* confdefs.h.  */
| #define PACKAGE_NAME "SFLphone"
| #define PACKAGE_TARNAME "sflphone"
| #define PACKAGE_VERSION "0.9.5~beta"
| #define PACKAGE_STRING "SFLphone 0.9.5~beta"
| #define PACKAGE_BUGREPORT "sflphoneteam@savoirfairelinux.com"
| #define PACKAGE "SFLphone"
| #define VERSION "0.9.5~beta"
| #define STDC_HEADERS 1
| #define HAVE_SYS_TYPES_H 1
| #define HAVE_SYS_STAT_H 1
| #define HAVE_STDLIB_H 1
| #define HAVE_STRING_H 1
| #define HAVE_MEMORY_H 1
| #define HAVE_STRINGS_H 1
| #define HAVE_INTTYPES_H 1
| #define HAVE_STDINT_H 1
| #define HAVE_UNISTD_H 1
| #define HAVE_DLFCN_H 1
| #define LT_OBJDIR ".libs/"
| /* end confdefs.h.  */
| #include <ac_nonexistent.h>
configure:13102: checking for ld used by g++
configure:13169: result: /usr/bin/ld
configure:13178: checking if the linker (/usr/bin/ld) is GNU ld
configure:13193: result: yes
configure:13248: checking whether the g++ linker (/usr/bin/ld) supports shared libraries
configure:14210: result: yes
configure:14238: g++ -c -g -O2  conftest.cpp >&5
configure:14241: $? = 0
configure:14423: checking for g++ option to produce PIC
configure:14732: result: -fPIC -DPIC
configure:14741: checking if g++ PIC flag -fPIC -DPIC works
configure:14759: g++ -c -g -O2  -fPIC -DPIC -DPIC conftest.cpp >&5
configure:14763: $? = 0
configure:14776: result: yes
configure:14797: checking if g++ static flag -static works
configure:14825: result: yes
configure:14837: checking if g++ supports -c -o file.o
configure:14858: g++ -c -g -O2  -o out/conftest2.o conftest.cpp >&5
configure:14862: $? = 0
configure:14884: result: yes
configure:14889: checking if g++ supports -c -o file.o
configure:14936: result: yes
configure:14966: checking whether the g++ linker (/usr/bin/ld) supports shared libraries
configure:14995: result: yes
configure:15132: checking dynamic linker characteristics
configure:15523: g++ -o conftest -g -O2   -Wl,-rpath -Wl,/foo conftest.cpp  -lstdc++ >&5
configure:15529: $? = 0
configure:15771: result: GNU/Linux ld.so
configure:15822: checking how to hardcode library paths into programs
configure:15847: result: immediate
configure:15891: checking how to run the C preprocessor
configure:16007: result: gcc -E
configure:16036: gcc -E  conftest.c
configure:16042: $? = 0
configure:16073: gcc -E  conftest.c
conftest.c:22:28: error: ac_nonexistent.h: No such file or directory
configure:16079: $? = 1
configure: failed program was:
| /* confdefs.h.  */
| #define PACKAGE_NAME "SFLphone"
| #define PACKAGE_TARNAME "sflphone"
| #define PACKAGE_VERSION "0.9.5~beta"
| #define PACKAGE_STRING "SFLphone 0.9.5~beta"
| #define PACKAGE_BUGREPORT "sflphoneteam@savoirfairelinux.com"
| #define PACKAGE "SFLphone"
| #define VERSION "0.9.5~beta"
| #define STDC_HEADERS 1
| #define HAVE_SYS_TYPES_H 1
| #define HAVE_SYS_STAT_H 1
| #define HAVE_STDLIB_H 1
| #define HAVE_STRING_H 1
| #define HAVE_MEMORY_H 1
| #define HAVE_STRINGS_H 1
| #define HAVE_INTTYPES_H 1
| #define HAVE_STDINT_H 1
| #define HAVE_UNISTD_H 1
| #define HAVE_DLFCN_H 1
| #define LT_OBJDIR ".libs/"
| /* end confdefs.h.  */
| #include <ac_nonexistent.h>
configure:16129: checking for a BSD-compatible install
configure:16185: result: /usr/bin/install -c
configure:16196: checking whether ln -s works
configure:16200: result: yes
configure:16207: checking whether make sets $(MAKE)
configure:16228: result: yes
configure:16251: checking for working alloca.h
configure:16278: g++ -o conftest -g -O2   -O0 -g -Wno-return-type   conftest.cpp  -lstdc++ >&5
configure:16284: $? = 0
configure:16301: result: yes
configure:16311: checking for alloca
configure:16358: g++ -o conftest -g -O2   -O0 -g -Wno-return-type   conftest.cpp  -lstdc++ >&5
configure:16364: $? = 0
configure:16381: result: yes
configure:16608: checking for ANSI C header files
configure:16772: result: yes
configure:16815: checking arpa/inet.h usability
configure:16832: g++ -c -g -O2   -O0 -g -Wno-return-type  conftest.cpp >&5
configure:16838: $? = 0
configure:16852: result: yes
configure:16856: checking arpa/inet.h presence
configure:16871: g++ -E  conftest.cpp
configure:16877: $? = 0
configure:16891: result: yes
configure:16924: checking for arpa/inet.h
configure:16932: result: yes
configure:16815: checking fcntl.h usability
configure:16832: g++ -c -g -O2   -O0 -g -Wno-return-type  conftest.cpp >&5
configure:16838: $? = 0
configure:16852: result: yes
configure:16856: checking fcntl.h presence
configure:16871: g++ -E  conftest.cpp
configure:16877: $? = 0
configure:16891: result: yes
configure:16924: checking for fcntl.h
configure:16932: result: yes
configure:16815: checking libintl.h usability
configure:16832: g++ -c -g -O2   -O0 -g -Wno-return-type  conftest.cpp >&5
configure:16838: $? = 0
configure:16852: result: yes
configure:16856: checking libintl.h presence
configure:16871: g++ -E  conftest.cpp
configure:16877: $? = 0
configure:16891: result: yes
configure:16924: checking for libintl.h
configure:16932: result: yes
configure:16815: checking limits.h usability
configure:16832: g++ -c -g -O2   -O0 -g -Wno-return-type  conftest.cpp >&5
configure:16838: $? = 0
configure:16852: result: yes
configure:16856: checking limits.h presence
configure:16871: g++ -E  conftest.cpp
configure:16877: $? = 0
configure:16891: result: yes
configure:16924: checking for limits.h
configure:16932: result: yes
configure:16815: checking malloc.h usability
configure:16832: g++ -c -g -O2   -O0 -g -Wno-return-type  conftest.cpp >&5
configure:16838: $? = 0
configure:16852: result: yes
configure:16856: checking malloc.h presence
configure:16871: g++ -E  conftest.cpp
configure:16877: $? = 0
configure:16891: result: yes
configure:16924: checking for malloc.h
configure:16932: result: yes
configure:16805: checking for memory.h
configure:16811: result: yes
configure:16815: checking netdb.h usability
configure:16832: g++ -c -g -O2   -O0 -g -Wno-return-type  conftest.cpp >&5
configure:16838: $? = 0
configure:16852: result: yes
configure:16856: checking netdb.h presence
configure:16871: g++ -E  conftest.cpp
configure:16877: $? = 0
configure:16891: result: yes
configure:16924: checking for netdb.h
configure:16932: result: yes
configure:16815: checking netinet/in.h usability
configure:16832: g++ -c -g -O2   -O0 -g -Wno-return-type  conftest.cpp >&5
configure:16838: $? = 0
configure:16852: result: yes
configure:16856: checking netinet/in.h presence
configure:16871: g++ -E  conftest.cpp
configure:16877: $? = 0
configure:16891: result: yes
configure:16924: checking for netinet/in.h
configure:16932: result: yes
configure:16805: checking for stdlib.h
configure:16811: result: yes
configure:16805: checking for string.h
configure:16811: result: yes
configure:16805: checking for strings.h
configure:16811: result: yes
configure:16815: checking sys/ioctl.h usability
configure:16832: g++ -c -g -O2   -O0 -g -Wno-return-type  conftest.cpp >&5
configure:16838: $? = 0
configure:16852: result: yes
configure:16856: checking sys/ioctl.h presence
configure:16871: g++ -E  conftest.cpp
configure:16877: $? = 0
configure:16891: result: yes
configure:16924: checking for sys/ioctl.h
configure:16932: result: yes
configure:16815: checking sys/socket.h usability
configure:16832: g++ -c -g -O2   -O0 -g -Wno-return-type  conftest.cpp >&5
configure:16838: $? = 0
configure:16852: result: yes
configure:16856: checking sys/socket.h presence
configure:16871: g++ -E  conftest.cpp
configure:16877: $? = 0
configure:16891: result: yes
configure:16924: checking for sys/socket.h
configure:16932: result: yes
configure:16815: checking sys/time.h usability
configure:16832: g++ -c -g -O2   -O0 -g -Wno-return-type  conftest.cpp >&5
configure:16838: $? = 0
configure:16852: result: yes
configure:16856: checking sys/time.h presence
configure:16871: g++ -E  conftest.cpp
configure:16877: $? = 0
configure:16891: result: yes
configure:16924: checking for sys/time.h
configure:16932: result: yes
configure:16805: checking for unistd.h
configure:16811: result: yes
configure:16815: checking utime.h usability
configure:16832: g++ -c -g -O2   -O0 -g -Wno-return-type  conftest.cpp >&5
configure:16838: $? = 0
configure:16852: result: yes
configure:16856: checking utime.h presence
configure:16871: g++ -E  conftest.cpp
configure:16877: $? = 0
configure:16891: result: yes
configure:16924: checking for utime.h
configure:16932: result: yes
configure:16815: checking ostream usability
configure:16832: g++ -c -g -O2   -O0 -g -Wno-return-type  conftest.cpp >&5
configure:16838: $? = 0
configure:16852: result: yes
configure:16856: checking ostream presence
configure:16871: g++ -E  conftest.cpp
configure:16877: $? = 0
configure:16891: result: yes
configure:16924: checking for ostream
configure:16932: result: yes
configure:16946: checking whether stat file-mode macros are broken
configure:16983: g++ -c -g -O2   -O0 -g -Wno-return-type  conftest.cpp >&5
configure:16989: $? = 0
configure:17004: result: no
configure:17014: checking for stdbool.h that conforms to C99
configure:17107: g++ -c -g -O2   -O0 -g -Wno-return-type  conftest.cpp >&5
configure:17113: $? = 0
configure:17128: result: yes
configure:17130: checking for _Bool
configure:17160: g++ -c -g -O2   -O0 -g -Wno-return-type  conftest.cpp >&5
conftest.cpp:75: error: '_Bool' does not name a type
conftest.cpp: In function 'int main()':
conftest.cpp:79: error: 'ac__type_new_' was not declared in this scope
conftest.cpp:79: error: expected primary-expression before ')' token
conftest.cpp:79: error: expected `)' before numeric constant
conftest.cpp:81: error: 'ac__type_new_' was not declared in this scope
configure:17166: $? = 1
configure: failed program was:
| /* confdefs.h.  */
| #define PACKAGE_NAME "SFLphone"
| #define PACKAGE_TARNAME "sflphone"
| #define PACKAGE_VERSION "0.9.5~beta"
| #define PACKAGE_STRING "SFLphone 0.9.5~beta"
| #define PACKAGE_BUGREPORT "sflphoneteam@savoirfairelinux.com"
| #define PACKAGE "SFLphone"
| #define VERSION "0.9.5~beta"
| #define STDC_HEADERS 1
| #define HAVE_SYS_TYPES_H 1
| #define HAVE_SYS_STAT_H 1
| #define HAVE_STDLIB_H 1
| #define HAVE_STRING_H 1
| #define HAVE_MEMORY_H 1
| #define HAVE_STRINGS_H 1
| #define HAVE_INTTYPES_H 1
| #define HAVE_STDINT_H 1
| #define HAVE_UNISTD_H 1
| #define HAVE_DLFCN_H 1
| #define LT_OBJDIR ".libs/"
| #define HAVE_ALLOCA_H 1
| #define HAVE_ALLOCA 1
| #define STDC_HEADERS 1
| #define HAVE_ARPA_INET_H 1
| #define HAVE_FCNTL_H 1
| #define HAVE_LIBINTL_H 1
| #define HAVE_LIMITS_H 1
| #define HAVE_MALLOC_H 1
| #define HAVE_MEMORY_H 1
| #define HAVE_NETDB_H 1
| #define HAVE_NETINET_IN_H 1
| #define HAVE_STDLIB_H 1
| #define HAVE_STRING_H 1
| #define HAVE_STRINGS_H 1
| #define HAVE_SYS_IOCTL_H 1
| #define HAVE_SYS_SOCKET_H 1
| #define HAVE_SYS_TIME_H 1
| #define HAVE_UNISTD_H 1
| #define HAVE_UTIME_H 1
| #define HAVE_OSTREAM 1
| /* end confdefs.h.  */
| #include <stdio.h>
| #ifdef HAVE_SYS_TYPES_H
| # include <sys/types.h>
| #endif
| #ifdef HAVE_SYS_STAT_H
| # include <sys/stat.h>
| #endif
| #ifdef STDC_HEADERS
| # include <stdlib.h>
| # include <stddef.h>
| #else
| # ifdef HAVE_STDLIB_H
| #  include <stdlib.h>
| # endif
| #endif
| #ifdef HAVE_STRING_H
| # if !defined STDC_HEADERS && defined HAVE_MEMORY_H
| #  include <memory.h>
| # endif
| # include <string.h>
| #endif
| #ifdef HAVE_STRINGS_H
| # include <strings.h>
| #endif
| #ifdef HAVE_INTTYPES_H
| # include <inttypes.h>
| #endif
| #ifdef HAVE_STDINT_H
| # include <stdint.h>
| #endif
| #ifdef HAVE_UNISTD_H
| # include <unistd.h>
| #endif
| typedef _Bool ac__type_new_;
| int
| main ()
| {
| if ((ac__type_new_ *) 0)
|   return 0;
| if (sizeof (ac__type_new_))
|   return 0;
|   ;
|   return 0;
| }
configure:17181: result: no
configure:17200: checking for an ANSI C-conforming const
configure:17275: g++ -c -g -O2   -O0 -g -Wno-return-type  conftest.cpp >&5
configure:17281: $? = 0
configure:17296: result: yes
configure:17306: checking for inline
configure:17332: g++ -c -g -O2   -O0 -g -Wno-return-type  conftest.cpp >&5
configure:17338: $? = 0
configure:17356: result: inline
configure:17375: checking for pid_t
configure:17405: g++ -c -g -O2   -O0 -g -Wno-return-type  conftest.cpp >&5
configure:17411: $? = 0
configure:17426: result: yes
configure:17438: checking for size_t
configure:17468: g++ -c -g -O2   -O0 -g -Wno-return-type  conftest.cpp >&5
configure:17474: $? = 0
configure:17489: result: yes
configure:17501: checking whether time.h and sys/time.h may both be included
configure:17531: g++ -c -g -O2   -O0 -g -Wno-return-type  conftest.cpp >&5
configure:17537: $? = 0
configure:17552: result: yes
configure:17562: checking for working volatile
configure:17591: g++ -c -g -O2   -O0 -g -Wno-return-type  conftest.cpp >&5
configure:17597: $? = 0
configure:17612: result: yes
configure:17622: checking for ptrdiff_t
configure:17652: g++ -c -g -O2   -O0 -g -Wno-return-type  conftest.cpp >&5
configure:17658: $? = 0
configure:17673: result: yes
configure:17685: checking for uid_t in sys/types.h
configure:17708: result: yes
configure:17728: checking for unistd.h
configure:17734: result: yes
configure:17868: checking for working chown
configure:17911: g++ -o conftest -g -O2   -O0 -g -Wno-return-type   conftest.cpp  -lstdc++ >&5
conftest.cpp: In function 'int main()':
conftest.cpp:84: warning: deprecated conversion from string constant to 'char*'
configure:17914: $? = 0
configure:17920: ./conftest
configure:17923: $? = 0
configure:17941: result: yes
configure:17951: checking for error_at_line
configure:17977: g++ -o conftest -g -O2   -O0 -g -Wno-return-type   conftest.cpp  -lstdc++ >&5
configure:17983: $? = 0
configure:18000: result: yes
configure:18026: checking vfork.h usability
configure:18043: g++ -c -g -O2   -O0 -g -Wno-return-type  conftest.cpp >&5
conftest.cpp:80:19: error: vfork.h: No such file or directory
configure:18049: $? = 1
configure: failed program was:
| /* confdefs.h.  */
| #define PACKAGE_NAME "SFLphone"
| #define PACKAGE_TARNAME "sflphone"
| #define PACKAGE_VERSION "0.9.5~beta"
| #define PACKAGE_STRING "SFLphone 0.9.5~beta"
| #define PACKAGE_BUGREPORT "sflphoneteam@savoirfairelinux.com"
| #define PACKAGE "SFLphone"
| #define VERSION "0.9.5~beta"
| #define STDC_HEADERS 1
| #define HAVE_SYS_TYPES_H 1
| #define HAVE_SYS_STAT_H 1
| #define HAVE_STDLIB_H 1
| #define HAVE_STRING_H 1
| #define HAVE_MEMORY_H 1
| #define HAVE_STRINGS_H 1
| #define HAVE_INTTYPES_H 1
| #define HAVE_STDINT_H 1
| #define HAVE_UNISTD_H 1
| #define HAVE_DLFCN_H 1
| #define LT_OBJDIR ".libs/"
| #define HAVE_ALLOCA_H 1
| #define HAVE_ALLOCA 1
| #define STDC_HEADERS 1
| #define HAVE_ARPA_INET_H 1
| #define HAVE_FCNTL_H 1
| #define HAVE_LIBINTL_H 1
| #define HAVE_LIMITS_H 1
| #define HAVE_MALLOC_H 1
| #define HAVE_MEMORY_H 1
| #define HAVE_NETDB_H 1
| #define HAVE_NETINET_IN_H 1
| #define HAVE_STDLIB_H 1
| #define HAVE_STRING_H 1
| #define HAVE_STRINGS_H 1
| #define HAVE_SYS_IOCTL_H 1
| #define HAVE_SYS_SOCKET_H 1
| #define HAVE_SYS_TIME_H 1
| #define HAVE_UNISTD_H 1
| #define HAVE_UTIME_H 1
| #define HAVE_OSTREAM 1
| #define HAVE_STDBOOL_H 1
| #define TIME_WITH_SYS_TIME 1
| #define HAVE_PTRDIFF_T 1
| #define HAVE_UNISTD_H 1
| #define HAVE_CHOWN 1
| /* end confdefs.h.  */
| #include <stdio.h>
| #ifdef HAVE_SYS_TYPES_H
| # include <sys/types.h>
| #endif
| #ifdef HAVE_SYS_STAT_H
| # include <sys/stat.h>
| #endif
| #ifdef STDC_HEADERS
| # include <stdlib.h>
| # include <stddef.h>
| #else
| # ifdef HAVE_STDLIB_H
| #  include <stdlib.h>
| # endif
| #endif
| #ifdef HAVE_STRING_H
| # if !defined STDC_HEADERS && defined HAVE_MEMORY_H
| #  include <memory.h>
| # endif
| # include <string.h>
| #endif
| #ifdef HAVE_STRINGS_H
| # include <strings.h>
| #endif
| #ifdef HAVE_INTTYPES_H
| # include <inttypes.h>
| #endif
| #ifdef HAVE_STDINT_H
| # include <stdint.h>
| #endif
| #ifdef HAVE_UNISTD_H
| # include <unistd.h>
| #endif
| #include <vfork.h>
configure:18063: result: no
configure:18067: checking vfork.h presence
configure:18082: g++ -E  conftest.cpp
conftest.cpp:47:19: error: vfork.h: No such file or directory
configure:18088: $? = 1
configure: failed program was:
| /* confdefs.h.  */
| #define PACKAGE_NAME "SFLphone"
| #define PACKAGE_TARNAME "sflphone"
| #define PACKAGE_VERSION "0.9.5~beta"
| #define PACKAGE_STRING "SFLphone 0.9.5~beta"
| #define PACKAGE_BUGREPORT "sflphoneteam@savoirfairelinux.com"
| #define PACKAGE "SFLphone"
| #define VERSION "0.9.5~beta"
| #define STDC_HEADERS 1
| #define HAVE_SYS_TYPES_H 1
| #define HAVE_SYS_STAT_H 1
| #define HAVE_STDLIB_H 1
| #define HAVE_STRING_H 1
| #define HAVE_MEMORY_H 1
| #define HAVE_STRINGS_H 1
| #define HAVE_INTTYPES_H 1
| #define HAVE_STDINT_H 1
| #define HAVE_UNISTD_H 1
| #define HAVE_DLFCN_H 1
| #define LT_OBJDIR ".libs/"
| #define HAVE_ALLOCA_H 1
| #define HAVE_ALLOCA 1
| #define STDC_HEADERS 1
| #define HAVE_ARPA_INET_H 1
| #define HAVE_FCNTL_H 1
| #define HAVE_LIBINTL_H 1
| #define HAVE_LIMITS_H 1
| #define HAVE_MALLOC_H 1
| #define HAVE_MEMORY_H 1
| #define HAVE_NETDB_H 1
| #define HAVE_NETINET_IN_H 1
| #define HAVE_STDLIB_H 1
| #define HAVE_STRING_H 1
| #define HAVE_STRINGS_H 1
| #define HAVE_SYS_IOCTL_H 1
| #define HAVE_SYS_SOCKET_H 1
| #define HAVE_SYS_TIME_H 1
| #define HAVE_UNISTD_H 1
| #define HAVE_UTIME_H 1
| #define HAVE_OSTREAM 1
| #define HAVE_STDBOOL_H 1
| #define TIME_WITH_SYS_TIME 1
| #define HAVE_PTRDIFF_T 1
| #define HAVE_UNISTD_H 1
| #define HAVE_CHOWN 1
| /* end confdefs.h.  */
| #include <vfork.h>
configure:18102: result: no
configure:18135: checking for vfork.h
configure:18143: result: no
configure:18161: checking for fork
configure:18217: g++ -o conftest -g -O2   -O0 -g -Wno-return-type   conftest.cpp  -lstdc++ >&5
configure:18223: $? = 0
configure:18241: result: yes
configure:18161: checking for vfork
configure:18217: g++ -o conftest -g -O2   -O0 -g -Wno-return-type   conftest.cpp  -lstdc++ >&5
configure:18223: $? = 0
configure:18241: result: yes
configure:18252: checking for working fork
configure:18284: g++ -o conftest -g -O2   -O0 -g -Wno-return-type   conftest.cpp  -lstdc++ >&5
configure:18287: $? = 0
configure:18293: ./conftest
configure:18296: $? = 0
configure:18312: result: yes
configure:18333: checking for working vfork
configure:18471: result: yes
configure:18503: checking whether gcc needs -traditional
configure:18545: result: no
configure:18557: checking for stdlib.h
configure:18563: result: yes
configure:18697: checking for GNU libc compatible malloc
configure:18731: g++ -o conftest -g -O2   -O0 -g -Wno-return-type   conftest.cpp  -lstdc++ >&5
configure:18734: $? = 0
configure:18740: ./conftest
configure:18743: $? = 0
configure:18759: result: yes
configure:18787: checking for working memcmp
configure:18840: g++ -o conftest -g -O2   -O0 -g -Wno-return-type   conftest.cpp  -lstdc++ >&5
configure:18843: $? = 0
configure:18849: ./conftest
configure:18852: $? = 0
configure:18868: result: yes
configure:18882: checking for stdlib.h
configure:18888: result: yes
configure:19022: checking for GNU libc compatible realloc
configure:19056: g++ -o conftest -g -O2   -O0 -g -Wno-return-type   conftest.cpp  -lstdc++ >&5
configure:19059: $? = 0
configure:19065: ./conftest
configure:19068: $? = 0
configure:19084: result: yes
configure:19128: checking sys/select.h usability
configure:19145: g++ -c -g -O2   -O0 -g -Wno-return-type  conftest.cpp >&5
configure:19151: $? = 0
configure:19165: result: yes
configure:19169: checking sys/select.h presence
configure:19184: g++ -E  conftest.cpp
configure:19190: $? = 0
configure:19204: result: yes
configure:19237: checking for sys/select.h
configure:19245: result: yes
configure:19118: checking for sys/socket.h
configure:19124: result: yes
configure:19258: checking types of arguments for select
configure:19296: g++ -c -g -O2   -O0 -g -Wno-return-type  conftest.cpp >&5
configure:19302: $? = 0
configure:19323: result: int,fd_set *,struct timeval *
configure:19346: checking return type of signal handlers
configure:19374: g++ -c -g -O2   -O0 -g -Wno-return-type  conftest.cpp >&5
conftest.cpp: In function 'int main()':
conftest.cpp:66: error: void value not ignored as it ought to be
configure:19380: $? = 1
configure: failed program was:
| /* confdefs.h.  */
| #define PACKAGE_NAME "SFLphone"
| #define PACKAGE_TARNAME "sflphone"
| #define PACKAGE_VERSION "0.9.5~beta"
| #define PACKAGE_STRING "SFLphone 0.9.5~beta"
| #define PACKAGE_BUGREPORT "sflphoneteam@savoirfairelinux.com"
| #define PACKAGE "SFLphone"
| #define VERSION "0.9.5~beta"
| #define STDC_HEADERS 1
| #define HAVE_SYS_TYPES_H 1
| #define HAVE_SYS_STAT_H 1
| #define HAVE_STDLIB_H 1
| #define HAVE_STRING_H 1
| #define HAVE_MEMORY_H 1
| #define HAVE_STRINGS_H 1
| #define HAVE_INTTYPES_H 1
| #define HAVE_STDINT_H 1
| #define HAVE_UNISTD_H 1
| #define HAVE_DLFCN_H 1
| #define LT_OBJDIR ".libs/"
| #define HAVE_ALLOCA_H 1
| #define HAVE_ALLOCA 1
| #define STDC_HEADERS 1
| #define HAVE_ARPA_INET_H 1
| #define HAVE_FCNTL_H 1
| #define HAVE_LIBINTL_H 1
| #define HAVE_LIMITS_H 1
| #define HAVE_MALLOC_H 1
| #define HAVE_MEMORY_H 1
| #define HAVE_NETDB_H 1
| #define HAVE_NETINET_IN_H 1
| #define HAVE_STDLIB_H 1
| #define HAVE_STRING_H 1
| #define HAVE_STRINGS_H 1
| #define HAVE_SYS_IOCTL_H 1
| #define HAVE_SYS_SOCKET_H 1
| #define HAVE_SYS_TIME_H 1
| #define HAVE_UNISTD_H 1
| #define HAVE_UTIME_H 1
| #define HAVE_OSTREAM 1
| #define HAVE_STDBOOL_H 1
| #define TIME_WITH_SYS_TIME 1
| #define HAVE_PTRDIFF_T 1
| #define HAVE_UNISTD_H 1
| #define HAVE_CHOWN 1
| #define HAVE_FORK 1
| #define HAVE_VFORK 1
| #define HAVE_WORKING_VFORK 1
| #define HAVE_WORKING_FORK 1
| #define HAVE_STDLIB_H 1
| #define HAVE_MALLOC 1
| #define HAVE_STDLIB_H 1
| #define HAVE_REALLOC 1
| #define HAVE_SYS_SELECT_H 1
| #define HAVE_SYS_SOCKET_H 1
| #define SELECT_TYPE_ARG1 int
| #define SELECT_TYPE_ARG234 (fd_set *)
| #define SELECT_TYPE_ARG5 (struct timeval *)
| /* end confdefs.h.  */
| #include <sys/types.h>
| #include <signal.h>
| 
| int
| main ()
| {
| return *(signal (0, 0)) (0) == 1;
|   ;
|   return 0;
| }
configure:19395: result: void
configure:19403: checking whether lstat dereferences a symlink specified with a trailing slash
configure:19439: g++ -o conftest -g -O2   -O0 -g -Wno-return-type   conftest.cpp  -lstdc++ >&5
configure:19442: $? = 0
configure:19448: ./conftest
configure:19451: $? = 0
configure:19474: result: yes
configure:19493: checking whether stat accepts an empty string
configure:19523: g++ -o conftest -g -O2   -O0 -g -Wno-return-type   conftest.cpp  -lstdc++ >&5
configure:19526: $? = 0
configure:19532: ./conftest
configure:19535: $? = 0
configure:19551: result: no
configure:19575: checking for utime.h
configure:19581: result: yes
configure:19723: checking whether utime accepts a null argument
configure:19762: g++ -o conftest -g -O2   -O0 -g -Wno-return-type   conftest.cpp  -lstdc++ >&5
configure:19765: $? = 0
configure:19771: ./conftest
configure:19774: $? = 0
configure:19790: result: yes
configure:19805: checking for vprintf
configure:19861: g++ -o conftest -g -O2   -O0 -g -Wno-return-type   conftest.cpp  -lstdc++ >&5
configure:19867: $? = 0
configure:19885: result: yes
configure:19892: checking for _doprnt
configure:19948: g++ -o conftest -g -O2   -O0 -g -Wno-return-type   conftest.cpp  -lstdc++ >&5
/tmp/ccQhgWu3.o: In function `main':
/home-local/manu/devel/sflphone/git/sflphone/sflphone-common/conftest.cpp:99: undefined reference to `_doprnt'
collect2: ld returned 1 exit status
configure:19954: $? = 1
configure: failed program was:
| /* confdefs.h.  */
| #define PACKAGE_NAME "SFLphone"
| #define PACKAGE_TARNAME "sflphone"
| #define PACKAGE_VERSION "0.9.5~beta"
| #define PACKAGE_STRING "SFLphone 0.9.5~beta"
| #define PACKAGE_BUGREPORT "sflphoneteam@savoirfairelinux.com"
| #define PACKAGE "SFLphone"
| #define VERSION "0.9.5~beta"
| #define STDC_HEADERS 1
| #define HAVE_SYS_TYPES_H 1
| #define HAVE_SYS_STAT_H 1
| #define HAVE_STDLIB_H 1
| #define HAVE_STRING_H 1
| #define HAVE_MEMORY_H 1
| #define HAVE_STRINGS_H 1
| #define HAVE_INTTYPES_H 1
| #define HAVE_STDINT_H 1
| #define HAVE_UNISTD_H 1
| #define HAVE_DLFCN_H 1
| #define LT_OBJDIR ".libs/"
| #define HAVE_ALLOCA_H 1
| #define HAVE_ALLOCA 1
| #define STDC_HEADERS 1
| #define HAVE_ARPA_INET_H 1
| #define HAVE_FCNTL_H 1
| #define HAVE_LIBINTL_H 1
| #define HAVE_LIMITS_H 1
| #define HAVE_MALLOC_H 1
| #define HAVE_MEMORY_H 1
| #define HAVE_NETDB_H 1
| #define HAVE_NETINET_IN_H 1
| #define HAVE_STDLIB_H 1
| #define HAVE_STRING_H 1
| #define HAVE_STRINGS_H 1
| #define HAVE_SYS_IOCTL_H 1
| #define HAVE_SYS_SOCKET_H 1
| #define HAVE_SYS_TIME_H 1
| #define HAVE_UNISTD_H 1
| #define HAVE_UTIME_H 1
| #define HAVE_OSTREAM 1
| #define HAVE_STDBOOL_H 1
| #define TIME_WITH_SYS_TIME 1
| #define HAVE_PTRDIFF_T 1
| #define HAVE_UNISTD_H 1
| #define HAVE_CHOWN 1
| #define HAVE_FORK 1
| #define HAVE_VFORK 1
| #define HAVE_WORKING_VFORK 1
| #define HAVE_WORKING_FORK 1
| #define HAVE_STDLIB_H 1
| #define HAVE_MALLOC 1
| #define HAVE_STDLIB_H 1
| #define HAVE_REALLOC 1
| #define HAVE_SYS_SELECT_H 1
| #define HAVE_SYS_SOCKET_H 1
| #define SELECT_TYPE_ARG1 int
| #define SELECT_TYPE_ARG234 (fd_set *)
| #define SELECT_TYPE_ARG5 (struct timeval *)
| #define RETSIGTYPE void
| #define LSTAT_FOLLOWS_SLASHED_SYMLINK 1
| #define HAVE_UTIME_H 1
| #define HAVE_UTIME_NULL 1
| #define HAVE_VPRINTF 1
| /* end confdefs.h.  */
| /* Define _doprnt to an innocuous variant, in case <limits.h> declares _doprnt.
|    For example, HP-UX 11i <limits.h> declares gettimeofday.  */
| #define _doprnt innocuous__doprnt
| 
| /* System header to define __stub macros and hopefully few prototypes,
|     which can conflict with char _doprnt (); below.
|     Prefer <limits.h> to <assert.h> if __STDC__ is defined, since
|     <limits.h> exists even on freestanding compilers.  */
| 
| #ifdef __STDC__
| # include <limits.h>
| #else
| # include <assert.h>
| #endif
| 
| #undef _doprnt
| 
| /* Override any GCC internal prototype to avoid an error.
|    Use char because int might match the return type of a GCC
|    builtin and then its argument prototype would still apply.  */
| #ifdef __cplusplus
| extern "C"
| #endif
| char _doprnt ();
| /* The GNU C library defines this for functions which it implements
|     to always fail with ENOSYS.  Some functions are actually named
|     something starting with __ and the normal name is an alias.  */
| #if defined __stub__doprnt || defined __stub____doprnt
| choke me
| #endif
| 
| int
| main ()
| {
| return _doprnt ();
|   ;
|   return 0;
| }
configure:19971: result: no
configure:20011: checking for bzero
configure:20067: g++ -o conftest -g -O2   -O0 -g -Wno-return-type   conftest.cpp  -lstdc++ >&5
configure:20073: $? = 0
configure:20091: result: yes
configure:20011: checking for floor
configure:20067: g++ -o conftest -g -O2   -O0 -g -Wno-return-type   conftest.cpp  -lstdc++ >&5
configure:20073: $? = 0
configure:20091: result: yes
configure:20011: checking for gethostbyname
configure:20067: g++ -o conftest -g -O2   -O0 -g -Wno-return-type   conftest.cpp  -lstdc++ >&5
configure:20073: $? = 0
configure:20091: result: yes
configure:20011: checking for gethrtime
configure:20067: g++ -o conftest -g -O2   -O0 -g -Wno-return-type   conftest.cpp  -lstdc++ >&5
/tmp/ccY5gSkg.o: In function `main':
/home-local/manu/devel/sflphone/git/sflphone/sflphone-common/conftest.cpp:102: undefined reference to `gethrtime'
collect2: ld returned 1 exit status
configure:20073: $? = 1
configure: failed program was:
| /* confdefs.h.  */
| #define PACKAGE_NAME "SFLphone"
| #define PACKAGE_TARNAME "sflphone"
| #define PACKAGE_VERSION "0.9.5~beta"
| #define PACKAGE_STRING "SFLphone 0.9.5~beta"
| #define PACKAGE_BUGREPORT "sflphoneteam@savoirfairelinux.com"
| #define PACKAGE "SFLphone"
| #define VERSION "0.9.5~beta"
| #define STDC_HEADERS 1
| #define HAVE_SYS_TYPES_H 1
| #define HAVE_SYS_STAT_H 1
| #define HAVE_STDLIB_H 1
| #define HAVE_STRING_H 1
| #define HAVE_MEMORY_H 1
| #define HAVE_STRINGS_H 1
| #define HAVE_INTTYPES_H 1
| #define HAVE_STDINT_H 1
| #define HAVE_UNISTD_H 1
| #define HAVE_DLFCN_H 1
| #define LT_OBJDIR ".libs/"
| #define HAVE_ALLOCA_H 1
| #define HAVE_ALLOCA 1
| #define STDC_HEADERS 1
| #define HAVE_ARPA_INET_H 1
| #define HAVE_FCNTL_H 1
| #define HAVE_LIBINTL_H 1
| #define HAVE_LIMITS_H 1
| #define HAVE_MALLOC_H 1
| #define HAVE_MEMORY_H 1
| #define HAVE_NETDB_H 1
| #define HAVE_NETINET_IN_H 1
| #define HAVE_STDLIB_H 1
| #define HAVE_STRING_H 1
| #define HAVE_STRINGS_H 1
| #define HAVE_SYS_IOCTL_H 1
| #define HAVE_SYS_SOCKET_H 1
| #define HAVE_SYS_TIME_H 1
| #define HAVE_UNISTD_H 1
| #define HAVE_UTIME_H 1
| #define HAVE_OSTREAM 1
| #define HAVE_STDBOOL_H 1
| #define TIME_WITH_SYS_TIME 1
| #define HAVE_PTRDIFF_T 1
| #define HAVE_UNISTD_H 1
| #define HAVE_CHOWN 1
| #define HAVE_FORK 1
| #define HAVE_VFORK 1
| #define HAVE_WORKING_VFORK 1
| #define HAVE_WORKING_FORK 1
| #define HAVE_STDLIB_H 1
| #define HAVE_MALLOC 1
| #define HAVE_STDLIB_H 1
| #define HAVE_REALLOC 1
| #define HAVE_SYS_SELECT_H 1
| #define HAVE_SYS_SOCKET_H 1
| #define SELECT_TYPE_ARG1 int
| #define SELECT_TYPE_ARG234 (fd_set *)
| #define SELECT_TYPE_ARG5 (struct timeval *)
| #define RETSIGTYPE void
| #define LSTAT_FOLLOWS_SLASHED_SYMLINK 1
| #define HAVE_UTIME_H 1
| #define HAVE_UTIME_NULL 1
| #define HAVE_VPRINTF 1
| #define HAVE_BZERO 1
| #define HAVE_FLOOR 1
| #define HAVE_GETHOSTBYNAME 1
| /* end confdefs.h.  */
| /* Define gethrtime to an innocuous variant, in case <limits.h> declares gethrtime.
|    For example, HP-UX 11i <limits.h> declares gettimeofday.  */
| #define gethrtime innocuous_gethrtime
| 
| /* System header to define __stub macros and hopefully few prototypes,
|     which can conflict with char gethrtime (); below.
|     Prefer <limits.h> to <assert.h> if __STDC__ is defined, since
|     <limits.h> exists even on freestanding compilers.  */
| 
| #ifdef __STDC__
| # include <limits.h>
| #else
| # include <assert.h>
| #endif
| 
| #undef gethrtime
| 
| /* Override any GCC internal prototype to avoid an error.
|    Use char because int might match the return type of a GCC
|    builtin and then its argument prototype would still apply.  */
| #ifdef __cplusplus
| extern "C"
| #endif
| char gethrtime ();
| /* The GNU C library defines this for functions which it implements
|     to always fail with ENOSYS.  Some functions are actually named
|     something starting with __ and the normal name is an alias.  */
| #if defined __stub_gethrtime || defined __stub___gethrtime
| choke me
| #endif
| 
| int
| main ()
| {
| return gethrtime ();
|   ;
|   return 0;
| }
configure:20091: result: no
configure:20011: checking for gettimeofday
configure:20067: g++ -o conftest -g -O2   -O0 -g -Wno-return-type   conftest.cpp  -lstdc++ >&5
configure:20073: $? = 0
configure:20091: result: yes
configure:20011: checking for inet_ntoa
configure:20067: g++ -o conftest -g -O2   -O0 -g -Wno-return-type   conftest.cpp  -lstdc++ >&5
configure:20073: $? = 0
configure:20091: result: yes
configure:20011: checking for memset
configure:20067: g++ -o conftest -g -O2   -O0 -g -Wno-return-type   conftest.cpp  -lstdc++ >&5
configure:20073: $? = 0
configure:20091: result: yes
configure:20011: checking for mkdir
configure:20067: g++ -o conftest -g -O2   -O0 -g -Wno-return-type   conftest.cpp  -lstdc++ >&5
configure:20073: $? = 0
configure:20091: result: yes
configure:20011: checking for pathconf
configure:20067: g++ -o conftest -g -O2   -O0 -g -Wno-return-type   conftest.cpp  -lstdc++ >&5
configure:20073: $? = 0
configure:20091: result: yes
configure:20011: checking for pow
configure:20067: g++ -o conftest -g -O2   -O0 -g -Wno-return-type   conftest.cpp  -lstdc++ >&5
configure:20073: $? = 0
configure:20091: result: yes
configure:20011: checking for regcomp
configure:20067: g++ -o conftest -g -O2   -O0 -g -Wno-return-type   conftest.cpp  -lstdc++ >&5
configure:20073: $? = 0
configure:20091: result: yes
configure:20011: checking for select
configure:20067: g++ -o conftest -g -O2   -O0 -g -Wno-return-type   conftest.cpp  -lstdc++ >&5
configure:20073: $? = 0
configure:20091: result: yes
configure:20011: checking for setlocale
configure:20067: g++ -o conftest -g -O2   -O0 -g -Wno-return-type   conftest.cpp  -lstdc++ >&5
configure:20073: $? = 0
configure:20091: result: yes
configure:20011: checking for socket
configure:20067: g++ -o conftest -g -O2   -O0 -g -Wno-return-type   conftest.cpp  -lstdc++ >&5
configure:20073: $? = 0
configure:20091: result: yes
configure:20011: checking for strchr
configure:20067: g++ -o conftest -g -O2   -O0 -g -Wno-return-type   conftest.cpp  -lstdc++ >&5
configure:20073: $? = 0
configure:20091: result: yes
configure:20011: checking for strdup
configure:20067: g++ -o conftest -g -O2   -O0 -g -Wno-return-type   conftest.cpp  -lstdc++ >&5
configure:20073: $? = 0
configure:20091: result: yes
configure:20011: checking for strerror
configure:20067: g++ -o conftest -g -O2   -O0 -g -Wno-return-type   conftest.cpp  -lstdc++ >&5
configure:20073: $? = 0
configure:20091: result: yes
configure:20011: checking for strrchr
configure:20067: g++ -o conftest -g -O2   -O0 -g -Wno-return-type   conftest.cpp  -lstdc++ >&5
configure:20073: $? = 0
configure:20091: result: yes
configure:20011: checking for strstr
configure:20067: g++ -o conftest -g -O2   -O0 -g -Wno-return-type   conftest.cpp  -lstdc++ >&5
configure:20073: $? = 0
configure:20091: result: yes
configure:20011: checking for strtol
configure:20067: g++ -o conftest -g -O2   -O0 -g -Wno-return-type   conftest.cpp  -lstdc++ >&5
configure:20073: $? = 0
configure:20091: result: yes
configure:20011: checking for utime
configure:20067: g++ -o conftest -g -O2   -O0 -g -Wno-return-type   conftest.cpp  -lstdc++ >&5
configure:20073: $? = 0
configure:20091: result: yes
configure:20153: checking for pkg-config
configure:20171: found /usr/bin/pkg-config
configure:20183: result: /usr/bin/pkg-config
configure:20212: checking pkg-config is at least version 0.9.0
configure:20215: result: yes
configure:20228: checking for SIP
configure:20236: $PKG_CONFIG --exists --print-errors "libpj-sfl"
configure:20239: $? = 0
configure:20254: $PKG_CONFIG --exists --print-errors "libpj-sfl"
configure:20257: $? = 0
configure:20293: result: yes
configure:20307: checking for UUID
configure:20315: $PKG_CONFIG --exists --print-errors "uuid >= ${UUID_MIN_VERSION}"
configure:20318: $? = 0
configure:20333: $PKG_CONFIG --exists --print-errors "uuid >= ${UUID_MIN_VERSION}"
configure:20336: $? = 0
configure:20412: result: yes
configure:20422: checking for ALSA
configure:20430: $PKG_CONFIG --exists --print-errors "alsa >= ${LIBASOUND2_MIN_VERSION}"
configure:20433: $? = 0
configure:20448: $PKG_CONFIG --exists --print-errors "alsa >= ${LIBASOUND2_MIN_VERSION}"
configure:20451: $? = 0
configure:20527: result: yes
configure:20537: checking for PULSEAUDIO
configure:20545: $PKG_CONFIG --exists --print-errors "libpulse >= ${LIBPULSE_MIN_VERSION}"
configure:20548: $? = 0
configure:20563: $PKG_CONFIG --exists --print-errors "libpulse >= ${LIBPULSE_MIN_VERSION}"
configure:20566: $? = 0
configure:20642: result: yes
configure:20652: checking for SAMPLERATE
configure:20660: $PKG_CONFIG --exists --print-errors "samplerate >= ${LIBSAMPLERATE_MIN_VERSION}"
configure:20663: $? = 0
configure:20678: $PKG_CONFIG --exists --print-errors "samplerate >= ${LIBSAMPLERATE_MIN_VERSION}"
configure:20681: $? = 0
configure:20757: result: yes
configure:20767: checking for CCGNU2
configure:20775: $PKG_CONFIG --exists --print-errors "libccgnu2 >= ${LIBCCGNU2_MIN_VERSION}"
configure:20778: $? = 0
configure:20793: $PKG_CONFIG --exists --print-errors "libccgnu2 >= ${LIBCCGNU2_MIN_VERSION}"
configure:20796: $? = 0
configure:20872: result: yes
configure:20882: checking for CCEXT2
configure:20890: $PKG_CONFIG --exists --print-errors "libccext2 >= ${LIBCCEXT2_MIN_VERSION}"
configure:20893: $? = 0
configure:20908: $PKG_CONFIG --exists --print-errors "libccext2 >= ${LIBCCEXT2_MIN_VERSION}"
configure:20911: $? = 0
configure:20987: result: yes
configure:20997: checking for CCRTP
configure:21005: $PKG_CONFIG --exists --print-errors "libccrtp1 >= ${LIBCCRT_MIN_VERSION}"
configure:21008: $? = 0
configure:21023: $PKG_CONFIG --exists --print-errors "libccrtp1 >= ${LIBCCRT_MIN_VERSION}"
configure:21026: $? = 0
configure:21102: result: yes
configure:21112: checking for dbus
configure:21120: $PKG_CONFIG --exists --print-errors "dbus-1 >= $DBUS_REQUIRED_VERSION"
configure:21123: $? = 0
configure:21138: $PKG_CONFIG --exists --print-errors "dbus-1 >= $DBUS_REQUIRED_VERSION"
configure:21141: $? = 0
configure:21187: result: yes
configure:21196: $PKG_CONFIG --exists --print-errors "dbus-1 < $DBUS_API_STABLE_VERSION"
Requested 'dbus-1 < 1.0.0' but version of dbus is 1.2.4
configure:21199: $? = 1
configure:21211: $PKG_CONFIG --exists --print-errors "dbus-1 >= $DBUS_THREADS_INIT_DEFAULT_VERSION"
configure:21214: $? = 0
configure:21226: $PKG_CONFIG --exists --print-errors "dbus-1 >= $DBUS_RECURSIVE_MUTEX_VERSION"
configure:21229: $? = 0
configure:21488: checking for XML_ParserCreate_MM in -lexpat
configure:21523: g++ -o conftest -g -O2   -O0 -g -Wno-return-type   conftest.cpp -lexpat   -lstdc++ >&5
configure:21529: $? = 0
configure:21547: result: yes
configure:21565: checking expat.h usability
configure:21582: g++ -c -g -O2   -O0 -g -Wno-return-type  conftest.cpp >&5
configure:21588: $? = 0
configure:21602: result: yes
configure:21606: checking expat.h presence
configure:21621: g++ -E  conftest.cpp
configure:21627: $? = 0
configure:21641: result: yes
configure:21674: checking for expat.h
configure:21682: result: yes
configure:21716: checking for pthread_create in -lpthread
configure:21751: g++ -o conftest -g -O2   -O0 -g -Wno-return-type   conftest.cpp -lpthread   -lstdc++ >&5
configure:21757: $? = 0
configure:21775: result: yes
configure:21793: checking pthread.h usability
configure:21810: g++ -c -g -O2   -O0 -g -Wno-return-type  conftest.cpp >&5
configure:21816: $? = 0
configure:21830: result: yes
configure:21834: checking pthread.h presence
configure:21849: g++ -E  conftest.cpp
configure:21855: $? = 0
configure:21869: result: yes
configure:21902: checking for pthread.h
configure:21910: result: yes
configure:21965: checking for CPPUNIT
configure:21973: $PKG_CONFIG --exists --print-errors "cppunit >= ${CPPUNIT_MIN_VERSION}"
configure:21976: $? = 0
configure:21991: $PKG_CONFIG --exists --print-errors "cppunit >= ${CPPUNIT_MIN_VERSION}"
configure:21994: $? = 0
configure:22070: result: yes
configure:22098: checking gsm/gsm.h usability
configure:22115: g++ -c -g -O2   -O0 -g -Wno-return-type  conftest.cpp >&5
configure:22121: $? = 0
configure:22135: result: yes
configure:22139: checking gsm/gsm.h presence
configure:22154: g++ -E  conftest.cpp
configure:22160: $? = 0
configure:22174: result: yes
configure:22207: checking for gsm/gsm.h
configure:22214: result: yes
configure:22230: checking for gsm_decode in -lgsm
configure:22265: g++ -o conftest -g -O2   -O0 -g -Wno-return-type   conftest.cpp -lgsm   -lstdc++ >&5
configure:22271: $? = 0
configure:22289: result: yes
configure:22348: checking speex/speex.h usability
configure:22365: g++ -c -g -O2   -O0 -g -Wno-return-type  conftest.cpp >&5
configure:22371: $? = 0
configure:22385: result: yes
configure:22389: checking speex/speex.h presence
configure:22404: g++ -E  conftest.cpp
configure:22410: $? = 0
configure:22424: result: yes
configure:22457: checking for speex/speex.h
configure:22464: result: yes
configure:22489: checking speex/speex_preprocess.h usability
configure:22506: g++ -c -g -O2   -O0 -g -Wno-return-type  conftest.cpp >&5
configure:22512: $? = 0
configure:22526: result: yes
configure:22530: checking speex/speex_preprocess.h presence
configure:22545: g++ -E  conftest.cpp
configure:22551: $? = 0
configure:22565: result: yes
configure:22598: checking for speex/speex_preprocess.h
configure:22605: result: yes
configure:22621: checking for speex_decode_int in -lspeex
configure:22656: g++ -o conftest -g -O2   -O0 -g -Wno-return-type   conftest.cpp -lspeex  -lgsm  -lstdc++ >&5
configure:22662: $? = 0
configure:22680: result: yes
configure:22699: checking for library containing speex_preprocess_run
configure:22740: g++ -o conftest -g -O2   -O0 -g -Wno-return-type   conftest.cpp -lspeex -lgsm  -lstdc++ >&5
/tmp/ccoR85Sy.o: In function `main':
/home-local/manu/devel/sflphone/git/sflphone/sflphone-common/conftest.cpp:103: undefined reference to `speex_preprocess_run'
collect2: ld returned 1 exit status
configure:22746: $? = 1
configure: failed program was:
| /* confdefs.h.  */
| #define PACKAGE_NAME "SFLphone"
| #define PACKAGE_TARNAME "sflphone"
| #define PACKAGE_VERSION "0.9.5~beta"
| #define PACKAGE_STRING "SFLphone 0.9.5~beta"
| #define PACKAGE_BUGREPORT "sflphoneteam@savoirfairelinux.com"
| #define PACKAGE "SFLphone"
| #define VERSION "0.9.5~beta"
| #define STDC_HEADERS 1
| #define HAVE_SYS_TYPES_H 1
| #define HAVE_SYS_STAT_H 1
| #define HAVE_STDLIB_H 1
| #define HAVE_STRING_H 1
| #define HAVE_MEMORY_H 1
| #define HAVE_STRINGS_H 1
| #define HAVE_INTTYPES_H 1
| #define HAVE_STDINT_H 1
| #define HAVE_UNISTD_H 1
| #define HAVE_DLFCN_H 1
| #define LT_OBJDIR ".libs/"
| #define HAVE_ALLOCA_H 1
| #define HAVE_ALLOCA 1
| #define STDC_HEADERS 1
| #define HAVE_ARPA_INET_H 1
| #define HAVE_FCNTL_H 1
| #define HAVE_LIBINTL_H 1
| #define HAVE_LIMITS_H 1
| #define HAVE_MALLOC_H 1
| #define HAVE_MEMORY_H 1
| #define HAVE_NETDB_H 1
| #define HAVE_NETINET_IN_H 1
| #define HAVE_STDLIB_H 1
| #define HAVE_STRING_H 1
| #define HAVE_STRINGS_H 1
| #define HAVE_SYS_IOCTL_H 1
| #define HAVE_SYS_SOCKET_H 1
| #define HAVE_SYS_TIME_H 1
| #define HAVE_UNISTD_H 1
| #define HAVE_UTIME_H 1
| #define HAVE_OSTREAM 1
| #define HAVE_STDBOOL_H 1
| #define TIME_WITH_SYS_TIME 1
| #define HAVE_PTRDIFF_T 1
| #define HAVE_UNISTD_H 1
| #define HAVE_CHOWN 1
| #define HAVE_FORK 1
| #define HAVE_VFORK 1
| #define HAVE_WORKING_VFORK 1
| #define HAVE_WORKING_FORK 1
| #define HAVE_STDLIB_H 1
| #define HAVE_MALLOC 1
| #define HAVE_STDLIB_H 1
| #define HAVE_REALLOC 1
| #define HAVE_SYS_SELECT_H 1
| #define HAVE_SYS_SOCKET_H 1
| #define SELECT_TYPE_ARG1 int
| #define SELECT_TYPE_ARG234 (fd_set *)
| #define SELECT_TYPE_ARG5 (struct timeval *)
| #define RETSIGTYPE void
| #define LSTAT_FOLLOWS_SLASHED_SYMLINK 1
| #define HAVE_UTIME_H 1
| #define HAVE_UTIME_NULL 1
| #define HAVE_VPRINTF 1
| #define HAVE_BZERO 1
| #define HAVE_FLOOR 1
| #define HAVE_GETHOSTBYNAME 1
| #define HAVE_GETTIMEOFDAY 1
| #define HAVE_INET_NTOA 1
| #define HAVE_MEMSET 1
| #define HAVE_MKDIR 1
| #define HAVE_PATHCONF 1
| #define HAVE_POW 1
| #define HAVE_REGCOMP 1
| #define HAVE_SELECT 1
| #define HAVE_SETLOCALE 1
| #define HAVE_SOCKET 1
| #define HAVE_STRCHR 1
| #define HAVE_STRDUP 1
| #define HAVE_STRERROR 1
| #define HAVE_STRRCHR 1
| #define HAVE_STRSTR 1
| #define HAVE_STRTOL 1
| #define HAVE_UTIME 1
| #define DBUS_HAS_THREADS_INIT_DEFAULT
| #define DBUS_HAS_RECURSIVE_MUTEX
| #define HAVE_EXPAT_H 1
| #define HAVE_PTHREAD_H 1
| #define HAVE_LIBGSM 1
| #define HAVE_GSM test "x$with_gsm" = "xyes"
| #define HAVE_LIBSPEEX 1
| /* end confdefs.h.  */
| 
| /* Override any GCC internal prototype to avoid an error.
|    Use char because int might match the return type of a GCC
|    builtin and then its argument prototype would still apply.  */
| #ifdef __cplusplus
| extern "C"
| #endif
| char speex_preprocess_run ();
| int
| main ()
| {
| return speex_preprocess_run ();
|   ;
|   return 0;
| }
configure:22740: g++ -o conftest -g -O2   -O0 -g -Wno-return-type   conftest.cpp -lspeexdsp  -lspeex -lgsm  -lstdc++ >&5
configure:22746: $? = 0
configure:22774: result: -lspeexdsp
configure:22893: checking for doxygen
configure:22911: found /usr/bin/doxygen
configure:22923: result: /usr/bin/doxygen
configure:22942: checking for dot
configure:22960: found /usr/bin/dot
configure:22972: result: /usr/bin/dot
configure:23258: creating ./config.status

## ---------------------- ##
## Running config.status. ##
## ---------------------- ##

This file was extended by SFLphone config.status 0.9.5~beta, which was
generated by GNU Autoconf 2.61.  Invocation command line was

  CONFIG_FILES    = 
  CONFIG_HEADERS  = 
  CONFIG_LINKS    = 
  CONFIG_COMMANDS = 
  $ ./config.status 

on sulfur

config.status:996: creating Makefile
config.status:996: creating libs/Makefile
config.status:996: creating libs/stund/Makefile
config.status:996: creating libs/utilspp/Makefile
config.status:996: creating libs/utilspp/functor/Makefile
config.status:996: creating libs/utilspp/singleton/Makefile
config.status:996: creating libs/dbus-c++/Makefile
config.status:996: creating libs/dbus-c++/src/Makefile
config.status:996: creating libs/dbus-c++/tools/Makefile
config.status:996: creating libs/dbus-c++/data/Makefile
config.status:996: creating libs/iax2/Makefile
config.status:996: creating src/Makefile
config.status:996: creating src/audio/Makefile
config.status:996: creating src/audio/codecs/Makefile
config.status:996: creating src/audio/codecs/ilbc/Makefile
config.status:996: creating src/config/Makefile
config.status:996: creating src/dbus/Makefile
config.status:996: creating src/plug-in/audiorecorder/Makefile
config.status:996: creating src/plug-in/Makefile
config.status:996: creating src/plug-in/test/Makefile
config.status:996: creating src/hooks/Makefile
config.status:996: creating test/Makefile
config.status:996: creating po/Makefile
config.status:996: creating ringtones/Makefile
config.status:996: creating man/Makefile
config.status:996: creating doc/Makefile
config.status:996: creating doc/doxygen/Makefile
config.status:996: creating platform/suse.spec
config.status:996: creating platform/fedora.spec
config.status:996: creating config.h
config.status:1345: executing depfiles commands
config.status:1345: executing libtool commands
configure:25768: Configuration done! Run `make' to build the software.

## ---------------- ##
## Cache variables. ##
## ---------------- ##

ac_cv_build=i686-pc-linux-gnu
ac_cv_c_compiler_gnu=yes
ac_cv_c_const=yes
ac_cv_c_inline=inline
ac_cv_c_volatile=yes
ac_cv_cxx_compiler_gnu=yes
ac_cv_env_ALSA_CFLAGS_set=
ac_cv_env_ALSA_CFLAGS_value=
ac_cv_env_ALSA_LIBS_set=
ac_cv_env_ALSA_LIBS_value=
ac_cv_env_CCC_set=
ac_cv_env_CCC_value=
ac_cv_env_CCEXT2_CFLAGS_set=
ac_cv_env_CCEXT2_CFLAGS_value=
ac_cv_env_CCEXT2_LIBS_set=
ac_cv_env_CCEXT2_LIBS_value=
ac_cv_env_CCGNU2_CFLAGS_set=
ac_cv_env_CCGNU2_CFLAGS_value=
ac_cv_env_CCGNU2_LIBS_set=
ac_cv_env_CCGNU2_LIBS_value=
ac_cv_env_CCRTP_CFLAGS_set=
ac_cv_env_CCRTP_CFLAGS_value=
ac_cv_env_CCRTP_LIBS_set=
ac_cv_env_CCRTP_LIBS_value=
ac_cv_env_CC_set=
ac_cv_env_CC_value=
ac_cv_env_CFLAGS_set=
ac_cv_env_CFLAGS_value=
ac_cv_env_CPPFLAGS_set=
ac_cv_env_CPPFLAGS_value=
ac_cv_env_CPPUNIT_CFLAGS_set=
ac_cv_env_CPPUNIT_CFLAGS_value=
ac_cv_env_CPPUNIT_LIBS_set=
ac_cv_env_CPPUNIT_LIBS_value=
ac_cv_env_CPP_set=
ac_cv_env_CPP_value=
ac_cv_env_CXXCPP_set=
ac_cv_env_CXXCPP_value=
ac_cv_env_CXXFLAGS_set=
ac_cv_env_CXXFLAGS_value=
ac_cv_env_CXX_set=
ac_cv_env_CXX_value=
ac_cv_env_LDFLAGS_set=
ac_cv_env_LDFLAGS_value=
ac_cv_env_LIBS_set=
ac_cv_env_LIBS_value=
ac_cv_env_PKG_CONFIG_set=
ac_cv_env_PKG_CONFIG_value=
ac_cv_env_PULSEAUDIO_CFLAGS_set=
ac_cv_env_PULSEAUDIO_CFLAGS_value=
ac_cv_env_PULSEAUDIO_LIBS_set=
ac_cv_env_PULSEAUDIO_LIBS_value=
ac_cv_env_SAMPLERATE_CFLAGS_set=
ac_cv_env_SAMPLERATE_CFLAGS_value=
ac_cv_env_SAMPLERATE_LIBS_set=
ac_cv_env_SAMPLERATE_LIBS_value=
ac_cv_env_SIP_CFLAGS_set=
ac_cv_env_SIP_CFLAGS_value=
ac_cv_env_SIP_LIBS_set=
ac_cv_env_SIP_LIBS_value=
ac_cv_env_UUID_CFLAGS_set=
ac_cv_env_UUID_CFLAGS_value=
ac_cv_env_UUID_LIBS_set=
ac_cv_env_UUID_LIBS_value=
ac_cv_env_build_alias_set=
ac_cv_env_build_alias_value=
ac_cv_env_dbus_CFLAGS_set=
ac_cv_env_dbus_CFLAGS_value=
ac_cv_env_dbus_LIBS_set=
ac_cv_env_dbus_LIBS_value=
ac_cv_env_glib_CFLAGS_set=
ac_cv_env_glib_CFLAGS_value=
ac_cv_env_glib_LIBS_set=
ac_cv_env_glib_LIBS_value=
ac_cv_env_gtkmm_CFLAGS_set=
ac_cv_env_gtkmm_CFLAGS_value=
ac_cv_env_gtkmm_LIBS_set=
ac_cv_env_gtkmm_LIBS_value=
ac_cv_env_host_alias_set=
ac_cv_env_host_alias_value=
ac_cv_env_target_alias_set=
ac_cv_env_target_alias_value=
ac_cv_func__doprnt=no
ac_cv_func_alloca_works=yes
ac_cv_func_bzero=yes
ac_cv_func_chown_works=yes
ac_cv_func_floor=yes
ac_cv_func_fork=yes
ac_cv_func_fork_works=yes
ac_cv_func_gethostbyname=yes
ac_cv_func_gethrtime=no
ac_cv_func_gettimeofday=yes
ac_cv_func_inet_ntoa=yes
ac_cv_func_lstat_dereferences_slashed_symlink=yes
ac_cv_func_malloc_0_nonnull=yes
ac_cv_func_memcmp_working=yes
ac_cv_func_memset=yes
ac_cv_func_mkdir=yes
ac_cv_func_pathconf=yes
ac_cv_func_pow=yes
ac_cv_func_realloc_0_nonnull=yes
ac_cv_func_regcomp=yes
ac_cv_func_select=yes
ac_cv_func_select_args='int,fd_set *,struct timeval *'
ac_cv_func_setlocale=yes
ac_cv_func_socket=yes
ac_cv_func_stat_empty_string_bug=no
ac_cv_func_strchr=yes
ac_cv_func_strdup=yes
ac_cv_func_strerror=yes
ac_cv_func_strrchr=yes
ac_cv_func_strstr=yes
ac_cv_func_strtol=yes
ac_cv_func_utime=yes
ac_cv_func_utime_null=yes
ac_cv_func_vfork=yes
ac_cv_func_vfork_works=yes
ac_cv_func_vprintf=yes
ac_cv_header_arpa_inet_h=yes
ac_cv_header_dlfcn_h=yes
ac_cv_header_expat_h=yes
ac_cv_header_fcntl_h=yes
ac_cv_header_gsm_gsm_h=yes
ac_cv_header_inttypes_h=yes
ac_cv_header_libintl_h=yes
ac_cv_header_limits_h=yes
ac_cv_header_malloc_h=yes
ac_cv_header_memory_h=yes
ac_cv_header_netdb_h=yes
ac_cv_header_netinet_in_h=yes
ac_cv_header_ostream=yes
ac_cv_header_pthread_h=yes
ac_cv_header_speex_speex_h=yes
ac_cv_header_speex_speex_preprocess_h=yes
ac_cv_header_stat_broken=no
ac_cv_header_stdbool_h=yes
ac_cv_header_stdc=yes
ac_cv_header_stdint_h=yes
ac_cv_header_stdlib_h=yes
ac_cv_header_string_h=yes
ac_cv_header_strings_h=yes
ac_cv_header_sys_ioctl_h=yes
ac_cv_header_sys_select_h=yes
ac_cv_header_sys_socket_h=yes
ac_cv_header_sys_stat_h=yes
ac_cv_header_sys_time_h=yes
ac_cv_header_sys_types_h=yes
ac_cv_header_time=yes
ac_cv_header_unistd_h=yes
ac_cv_header_utime_h=yes
ac_cv_header_vfork_h=no
ac_cv_host=i686-pc-linux-gnu
ac_cv_lib_error_at_line=yes
ac_cv_lib_expat_XML_ParserCreate_MM=yes
ac_cv_lib_gsm_gsm_decode=yes
ac_cv_lib_pthread_pthread_create=yes
ac_cv_lib_speex_speex_decode_int=yes
ac_cv_objext=o
ac_cv_path_DOT=/usr/bin/dot
ac_cv_path_DOXYGEN=/usr/bin/doxygen
ac_cv_path_EGREP='/bin/grep -E'
ac_cv_path_FGREP='/bin/grep -F'
ac_cv_path_GREP=/bin/grep
ac_cv_path_SED=/bin/sed
ac_cv_path_ac_pt_PKG_CONFIG=/usr/bin/pkg-config
ac_cv_path_install='/usr/bin/install -c'
ac_cv_prog_AWK=gawk
ac_cv_prog_CPP='gcc -E'
ac_cv_prog_CXXCPP='g++ -E'
ac_cv_prog_ac_ct_AR=ar
ac_cv_prog_ac_ct_CC=gcc
ac_cv_prog_ac_ct_CXX=g++
ac_cv_prog_ac_ct_RANLIB=ranlib
ac_cv_prog_ac_ct_STRIP=strip
ac_cv_prog_cc_c89=
ac_cv_prog_cc_g=yes
ac_cv_prog_cxx_g=yes
ac_cv_prog_gcc_traditional=no
ac_cv_prog_make_make_set=yes
ac_cv_search_speex_preprocess_run=-lspeexdsp
ac_cv_type__Bool=no
ac_cv_type_pid_t=yes
ac_cv_type_ptrdiff_t=yes
ac_cv_type_signal=void
ac_cv_type_size_t=yes
ac_cv_type_uid_t=yes
ac_cv_working_alloca_h=yes
am_cv_CC_dependencies_compiler_type=gcc3
am_cv_CXX_dependencies_compiler_type=gcc3
lt_cv_deplibs_check_method=pass_all
lt_cv_file_magic_cmd='$MAGIC_CMD'
lt_cv_file_magic_test_file=
lt_cv_ld_reload_flag=-r
lt_cv_nm_interface='BSD nm'
lt_cv_objdir=.libs
lt_cv_path_LD=/usr/bin/ld
lt_cv_path_LDCXX=/usr/bin/ld
lt_cv_path_NM='/usr/bin/nm -B'
lt_cv_prog_compiler_c_o=yes
lt_cv_prog_compiler_c_o_CXX=yes
lt_cv_prog_compiler_pic_works=yes
lt_cv_prog_compiler_pic_works_CXX=yes
lt_cv_prog_compiler_rtti_exceptions=no
lt_cv_prog_compiler_static_works=yes
lt_cv_prog_compiler_static_works_CXX=yes
lt_cv_prog_gnu_ld=yes
lt_cv_prog_gnu_ldcxx=yes
lt_cv_sys_global_symbol_pipe='sed -n -e '\''s/^.*[	 ]\([ABCDGIRSTW][ABCDGIRSTW]*\)[	 ][	 ]*\([_A-Za-z][_A-Za-z0-9]*\)$/\1 \2 \2/p'\'''
lt_cv_sys_global_symbol_to_c_name_address='sed -n -e '\''s/^: \([^ ]*\) $/  {\"\1\", (void *) 0},/p'\'' -e '\''s/^[ABCDGIRSTW]* \([^ ]*\) \([^ ]*\)$/  {"\2", (void *) \&\2},/p'\'''
lt_cv_sys_global_symbol_to_c_name_address_lib_prefix='sed -n -e '\''s/^: \([^ ]*\) $/  {\"\1\", (void *) 0},/p'\'' -e '\''s/^[ABCDGIRSTW]* \([^ ]*\) \(lib[^ ]*\)$/  {"\2", (void *) \&\2},/p'\'' -e '\''s/^[ABCDGIRSTW]* \([^ ]*\) \([^ ]*\)$/  {"lib\2", (void *) \&\2},/p'\'''
lt_cv_sys_global_symbol_to_cdecl='sed -n -e '\''s/^T .* \(.*\)$/extern int \1();/p'\'' -e '\''s/^[ABCDGIRSTW]* .* \(.*\)$/extern char \1;/p'\'''
lt_cv_sys_max_cmd_len=1572864
pkg_cv_ALSA_CFLAGS='-I/usr/include/alsa  '
pkg_cv_ALSA_LIBS='-lasound  '
pkg_cv_CCEXT2_CFLAGS='-D_GNU_SOURCE  '
pkg_cv_CCEXT2_LIBS='-pthread -lccext2 -lz -lccgnu2 -ldl -lrt  '
pkg_cv_CCGNU2_CFLAGS='-D_GNU_SOURCE  '
pkg_cv_CCGNU2_LIBS='-pthread -lccgnu2 -ldl -lrt  '
pkg_cv_CCRTP_CFLAGS='-D_GNU_SOURCE  '
pkg_cv_CCRTP_LIBS='-pthread -lccrtp1 -lccgnu2 -ldl -lrt  '
pkg_cv_CPPUNIT_CFLAGS=' '
pkg_cv_CPPUNIT_LIBS='-lcppunit  '
pkg_cv_PULSEAUDIO_CFLAGS='-D_REENTRANT  '
pkg_cv_PULSEAUDIO_LIBS='-lpulse  '
pkg_cv_SAMPLERATE_CFLAGS=' '
pkg_cv_SAMPLERATE_LIBS='-lsamplerate  '
pkg_cv_SIP_CFLAGS='-I/usr/local/include  '
pkg_cv_SIP_LIBS='-L/usr/local/lib -lpjsua-sfl -lpjsip-sfl -lpjmedia-sfl -lpjsip-simple-sfl -lpjsip-ua-sfl -lpjmedia-codec-sfl -lpjlib-util-sfl -lpj-sfl  '
pkg_cv_UUID_CFLAGS='-I/usr/include/uuid  '
pkg_cv_UUID_LIBS='-luuid  '
pkg_cv_dbus_CFLAGS='-I/usr/include/dbus-1.0 -I/usr/lib/dbus-1.0/include  '
pkg_cv_dbus_LIBS='-L//lib -ldbus-1  '

## ----------------- ##
## Output variables. ##
## ----------------- ##

ACLOCAL='${SHELL} /home-local/manu/devel/sflphone/git/sflphone/sflphone-common/missing --run aclocal-1.9'
ALLOCA=''
ALSA_CFLAGS='-I/usr/include/alsa  '
ALSA_LIBS='-lasound  '
AMDEPBACKSLASH='\'
AMDEP_FALSE='#'
AMDEP_TRUE=''
AMTAR='${SHELL} /home-local/manu/devel/sflphone/git/sflphone/sflphone-common/missing --run tar'
AR='ar'
AUTOCONF='${SHELL} /home-local/manu/devel/sflphone/git/sflphone/sflphone-common/missing --run autoconf'
AUTOHEADER='${SHELL} /home-local/manu/devel/sflphone/git/sflphone/sflphone-common/missing --run autoheader'
AUTOMAKE='${SHELL} /home-local/manu/devel/sflphone/git/sflphone/sflphone-common/missing --run automake-1.9'
AWK='gawk'
BUILD_GSM_FALSE='#'
BUILD_GSM_TRUE=''
BUILD_ILBC_FALSE=''
BUILD_ILBC_TRUE='#'
BUILD_LIBDBUS_CXX_DIR='$(top_builddir)'
BUILD_SPEEX_FALSE='#'
BUILD_SPEEX_TRUE=''
CC='gcc'
CCDEPMODE='depmode=gcc3'
CCEXT2_CFLAGS='-D_GNU_SOURCE  '
CCEXT2_LIBS='-pthread -lccext2 -lz -lccgnu2 -ldl -lrt  '
CCGNU2_CFLAGS='-D_GNU_SOURCE  '
CCGNU2_FLAGS=''
CCGNU2_LIBS='-pthread -lccgnu2 -ldl -lrt  '
CCRTP_CFLAGS='-D_GNU_SOURCE  '
CCRTP_LIBS='-pthread -lccrtp1 -lccgnu2 -ldl -lrt  '
CFLAGS='-g -O2'
CPP='gcc -E'
CPPFLAGS=''
CPPUNIT_CFLAGS=' '
CPPUNIT_LIBS='-lcppunit  '
CROSS_COMPILING_FALSE=''
CROSS_COMPILING_TRUE='#'
CXX='g++'
CXXCPP='g++ -E'
CXXDEPMODE='depmode=gcc3'
CXXFLAGS='-g -O2   -O0 -g -Wno-return-type'
CYGPATH_W='echo'
DBUS_SERVICES_DIR='${datarootdir}/dbus-1/services'
DEFS='-DHAVE_CONFIG_H'
DEPDIR='.deps'
DOC_FALSE='#'
DOC_TRUE=''
DOT='/usr/bin/dot'
DOXYGEN='/usr/bin/doxygen'
DSYMUTIL=''
DUMPBIN=''
ECHO_C=''
ECHO_N='-n'
ECHO_T=''
EGREP='/bin/grep -E'
ENABLE_DOXYGEN_FALSE=''
ENABLE_DOXYGEN_TRUE='#'
ENABLE_GLIB_FALSE=''
ENABLE_GLIB_TRUE='#'
ENABLE_SPEEXDSP_FALSE='#'
ENABLE_SPEEXDSP_TRUE=''
EXEEXT=''
FGREP='/bin/grep -F'
GREP='/bin/grep'
HAVE_GTKMM_FALSE=''
HAVE_GTKMM_TRUE='#'
INSTALL_DATA='${INSTALL} -m 644'
INSTALL_PROGRAM='${INSTALL}'
INSTALL_SCRIPT='${INSTALL}'
INSTALL_STRIP_PROGRAM='${SHELL} $(install_sh) -c -s'
LD='/usr/bin/ld'
LDFLAGS=''
LIBOBJS=''
LIBS='-lspeexdsp -lspeex -lgsm  -lstdc++'
LIBTOOL='$(SHELL) $(top_builddir)/libtool'
LIPO=''
LN_S='ln -s'
LTLIBOBJS=''
MAKEINFO='${SHELL} /home-local/manu/devel/sflphone/git/sflphone/sflphone-common/missing --run makeinfo'
NM='/usr/bin/nm -B'
NMEDIT=''
OBJEXT='o'
OTOOL64=''
OTOOL=''
PACKAGE='SFLphone'
PACKAGE_BUGREPORT='sflphoneteam@savoirfairelinux.com'
PACKAGE_NAME='SFLphone'
PACKAGE_STRING='SFLphone 0.9.5~beta'
PACKAGE_TARNAME='sflphone'
PACKAGE_VERSION='0.9.5~beta'
PATH_SEPARATOR=':'
PKGADD_NAME='SFLphone - a SIP client and daemon'
PKGADD_PKG='SFLphone'
PKGADD_VENDOR='http://www.sflphone.org/'
PKG_CONFIG='/usr/bin/pkg-config'
PULSEAUDIO_CFLAGS='-D_REENTRANT  '
PULSEAUDIO_LIBS='-lpulse  '
RANLIB='ranlib'
SAMPLERATE_CFLAGS=' '
SAMPLERATE_LIBS='-lsamplerate  '
SED='/bin/sed'
SET_MAKE=''
SFLPHONE_CFLAGS=''
SFLPHONE_LIBS=''
SHELL='/bin/bash'
SIP_CFLAGS='-I/usr/local/include  '
SIP_LIBS='-L/usr/local/lib -lpjsua-sfl -lpjsip-sfl -lpjmedia-sfl -lpjsip-simple-sfl -lpjsip-ua-sfl -lpjmedia-codec-sfl -lpjlib-util-sfl -lpj-sfl  '
STRIP='strip'
USE_IAX_FALSE='#'
USE_IAX_TRUE=''
UUID_CFLAGS='-I/usr/include/uuid  '
UUID_LIBS='-luuid  '
VERSION='0.9.5~beta'
ac_ct_CC='gcc'
ac_ct_CXX='g++'
ac_ct_DUMPBIN=''
am__fastdepCC_FALSE='#'
am__fastdepCC_TRUE=''
am__fastdepCXX_FALSE='#'
am__fastdepCXX_TRUE=''
am__include='include'
am__leading_dot='.'
am__quote=''
am__tar='${AMTAR} chof - "$$tardir"'
am__untar='${AMTAR} xf -'
bindir='${exec_prefix}/bin'
build='i686-pc-linux-gnu'
build_alias=''
build_cpu='i686'
build_os='linux-gnu'
build_vendor='pc'
datadir='${datarootdir}'
datarootdir='${prefix}/share'
dbus_CFLAGS='-I/usr/include/dbus-1.0 -I/usr/lib/dbus-1.0/include  '
dbus_LIBS='-L//lib -ldbus-1  '
docdir='${datarootdir}/doc/${PACKAGE_TARNAME}'
dvidir='${docdir}'
enable_dot='yes'
enable_html_docs='yes'
enable_latex_docs='no'
exec_prefix='${prefix}'
glib_CFLAGS=''
glib_LIBS=''
gtkmm_CFLAGS=''
gtkmm_LIBS=''
host='i686-pc-linux-gnu'
host_alias=''
host_cpu='i686'
host_os='linux-gnu'
host_vendor='pc'
htmldir='${docdir}'
includedir='${prefix}/include'
infodir='${datarootdir}/info'
install_sh='/home-local/manu/devel/sflphone/git/sflphone/sflphone-common/install-sh'
libdir='${exec_prefix}/lib'
libexecdir='${exec_prefix}/libexec'
localedir='${datarootdir}/locale'
localstatedir='${prefix}/var'
lt_ECHO='echo'
mandir='${datarootdir}/man'
mkdir_p='mkdir -p --'
oldincludedir='/usr/include'
pdfdir='${docdir}'
prefix='/usr'
program_transform_name='s,x,x,'
psdir='${docdir}'
sbindir='${exec_prefix}/sbin'
sflphone_datadir='${datarootdir}/sflphone'
sharedstatedir='${prefix}/com'
sysconfdir='${prefix}/etc'
target_alias=''
xml_CFLAGS=''
xml_LIBS='-lexpat'

## ----------- ##
## confdefs.h. ##
## ----------- ##

#define PACKAGE_NAME "SFLphone"
#define PACKAGE_TARNAME "sflphone"
#define PACKAGE_VERSION "0.9.5~beta"
#define PACKAGE_STRING "SFLphone 0.9.5~beta"
#define PACKAGE_BUGREPORT "sflphoneteam@savoirfairelinux.com"
#define PACKAGE "SFLphone"
#define VERSION "0.9.5~beta"
#define STDC_HEADERS 1
#define HAVE_SYS_TYPES_H 1
#define HAVE_SYS_STAT_H 1
#define HAVE_STDLIB_H 1
#define HAVE_STRING_H 1
#define HAVE_MEMORY_H 1
#define HAVE_STRINGS_H 1
#define HAVE_INTTYPES_H 1
#define HAVE_STDINT_H 1
#define HAVE_UNISTD_H 1
#define HAVE_DLFCN_H 1
#define LT_OBJDIR ".libs/"
#define HAVE_ALLOCA_H 1
#define HAVE_ALLOCA 1
#define STDC_HEADERS 1
#define HAVE_ARPA_INET_H 1
#define HAVE_FCNTL_H 1
#define HAVE_LIBINTL_H 1
#define HAVE_LIMITS_H 1
#define HAVE_MALLOC_H 1
#define HAVE_MEMORY_H 1
#define HAVE_NETDB_H 1
#define HAVE_NETINET_IN_H 1
#define HAVE_STDLIB_H 1
#define HAVE_STRING_H 1
#define HAVE_STRINGS_H 1
#define HAVE_SYS_IOCTL_H 1
#define HAVE_SYS_SOCKET_H 1
#define HAVE_SYS_TIME_H 1
#define HAVE_UNISTD_H 1
#define HAVE_UTIME_H 1
#define HAVE_OSTREAM 1
#define HAVE_STDBOOL_H 1
#define TIME_WITH_SYS_TIME 1
#define HAVE_PTRDIFF_T 1
#define HAVE_UNISTD_H 1
#define HAVE_CHOWN 1
#define HAVE_FORK 1
#define HAVE_VFORK 1
#define HAVE_WORKING_VFORK 1
#define HAVE_WORKING_FORK 1
#define HAVE_STDLIB_H 1
#define HAVE_MALLOC 1
#define HAVE_STDLIB_H 1
#define HAVE_REALLOC 1
#define HAVE_SYS_SELECT_H 1
#define HAVE_SYS_SOCKET_H 1
#define SELECT_TYPE_ARG1 int
#define SELECT_TYPE_ARG234 (fd_set *)
#define SELECT_TYPE_ARG5 (struct timeval *)
#define RETSIGTYPE void
#define LSTAT_FOLLOWS_SLASHED_SYMLINK 1
#define HAVE_UTIME_H 1
#define HAVE_UTIME_NULL 1
#define HAVE_VPRINTF 1
#define HAVE_BZERO 1
#define HAVE_FLOOR 1
#define HAVE_GETHOSTBYNAME 1
#define HAVE_GETTIMEOFDAY 1
#define HAVE_INET_NTOA 1
#define HAVE_MEMSET 1
#define HAVE_MKDIR 1
#define HAVE_PATHCONF 1
#define HAVE_POW 1
#define HAVE_REGCOMP 1
#define HAVE_SELECT 1
#define HAVE_SETLOCALE 1
#define HAVE_SOCKET 1
#define HAVE_STRCHR 1
#define HAVE_STRDUP 1
#define HAVE_STRERROR 1
#define HAVE_STRRCHR 1
#define HAVE_STRSTR 1
#define HAVE_STRTOL 1
#define HAVE_UTIME 1
#define DBUS_HAS_THREADS_INIT_DEFAULT
#define DBUS_HAS_RECURSIVE_MUTEX
#define HAVE_EXPAT_H 1
#define HAVE_PTHREAD_H 1
#define HAVE_LIBGSM 1
#define HAVE_GSM test "x$with_gsm" = "xyes"
#define HAVE_LIBSPEEX 1
#define HAVE_SPEEX test "x$with_speex" = "xyes"
#define HAVE_IAX test "x$with_iax2" = "xyes"
#define DBUS_SERVICES_DIR "${datarootdir}/dbus-1/services"

configure: exit 0
