This file contains any messages produced by compilers while
running configure, to aid debugging if configure makes a mistake.

It was created by SFLPhone configure 0.7, which was
generated by GNU Autoconf 2.61.  Invocation command line was

  $ ../configure --prefix=/usr

## --------- ##
## Platform. ##
## --------- ##

hostname = manu-desktop
uname -m = i686
uname -r = 2.6.22-14-generic
uname -s = Linux
uname -v = #1 SMP Tue Dec 18 08:02:57 UTC 2007

/usr/bin/uname -p = unknown
/bin/uname -X     = unknown

/bin/arch              = unknown
/usr/bin/arch -k       = unknown
/usr/convex/getsysinfo = unknown
/usr/bin/hostinfo      = unknown
/bin/machine           = unknown
/usr/bin/oslevel       = unknown
/bin/universe          = unknown

PATH: /usr/local/sbin
PATH: /usr/local/bin
PATH: /usr/sbin
PATH: /usr/bin
PATH: /sbin
PATH: /bin
PATH: /usr/games
PATH: /usr/local/share/OpenSceneGraph/bin


## ----------- ##
## Core tests. ##
## ----------- ##

configure:2111: checking build system type
configure:2129: result: i686-pc-linux-gnu
configure:2151: checking host system type
configure:2166: result: i686-pc-linux-gnu
configure:2188: checking target system type
configure:2203: result: i686-pc-linux-gnu
configure:2260: checking for a BSD-compatible install
configure:2316: result: /usr/bin/install -c
configure:2327: checking whether build environment is sane
configure:2370: result: yes
configure:2422: checking for gawk
configure:2438: found /usr/bin/gawk
configure:2449: result: gawk
configure:2460: checking whether make sets $(MAKE)
configure:2481: result: yes
configure:2502: error: source directory already configured; run "make distclean" there first

## ---------------- ##
## Cache variables. ##
## ---------------- ##

ac_cv_build=i686-pc-linux-gnu
ac_cv_env_CCC_set=
ac_cv_env_CCC_value=
ac_cv_env_CC_set=
ac_cv_env_CC_value=
ac_cv_env_CFLAGS_set=
ac_cv_env_CFLAGS_value=
ac_cv_env_CPPFLAGS_set=
ac_cv_env_CPPFLAGS_value=
ac_cv_env_CPP_set=
ac_cv_env_CPP_value=
ac_cv_env_CXXCPP_set=
ac_cv_env_CXXCPP_value=
ac_cv_env_CXXFLAGS_set=
ac_cv_env_CXXFLAGS_value=
ac_cv_env_CXX_set=
ac_cv_env_CXX_value=
ac_cv_env_F77_set=
ac_cv_env_F77_value=
ac_cv_env_FFLAGS_set=
ac_cv_env_FFLAGS_value=
ac_cv_env_LDFLAGS_set=
ac_cv_env_LDFLAGS_value=
ac_cv_env_LIBS_set=
ac_cv_env_LIBS_value=
ac_cv_env_PKG_CONFIG_set=
ac_cv_env_PKG_CONFIG_value=
ac_cv_env_XMKMF_set=
ac_cv_env_XMKMF_value=
ac_cv_env_build_alias_set=
ac_cv_env_build_alias_value=
ac_cv_env_host_alias_set=
ac_cv_env_host_alias_value=
ac_cv_env_libccext2_CFLAGS_set=
ac_cv_env_libccext2_CFLAGS_value=
ac_cv_env_libccext2_LIBS_set=
ac_cv_env_libccext2_LIBS_value=
ac_cv_env_libccgnu2_CFLAGS_set=
ac_cv_env_libccgnu2_CFLAGS_value=
ac_cv_env_libccgnu2_LIBS_set=
ac_cv_env_libccgnu2_LIBS_value=
ac_cv_env_libccrtp1_CFLAGS_set=
ac_cv_env_libccrtp1_CFLAGS_value=
ac_cv_env_libccrtp1_LIBS_set=
ac_cv_env_libccrtp1_LIBS_value=
ac_cv_env_libdbuscpp_CFLAGS_set=
ac_cv_env_libdbuscpp_CFLAGS_value=
ac_cv_env_libdbuscpp_LIBS_set=
ac_cv_env_libdbuscpp_LIBS_value=
ac_cv_env_libosip2_CFLAGS_set=
ac_cv_env_libosip2_CFLAGS_value=
ac_cv_env_libosip2_LIBS_set=
ac_cv_env_libosip2_LIBS_value=
ac_cv_env_libportaudio_CFLAGS_set=
ac_cv_env_libportaudio_CFLAGS_value=
ac_cv_env_libportaudio_LIBS_set=
ac_cv_env_libportaudio_LIBS_value=
ac_cv_env_libportaudiocpp_CFLAGS_set=
ac_cv_env_libportaudiocpp_CFLAGS_value=
ac_cv_env_libportaudiocpp_LIBS_set=
ac_cv_env_libportaudiocpp_LIBS_value=
ac_cv_env_samplerate_CFLAGS_set=
ac_cv_env_samplerate_CFLAGS_value=
ac_cv_env_samplerate_LIBS_set=
ac_cv_env_samplerate_LIBS_value=
ac_cv_env_target_alias_set=
ac_cv_env_target_alias_value=
ac_cv_host=i686-pc-linux-gnu
ac_cv_path_install='/usr/bin/install -c'
ac_cv_prog_AWK=gawk
ac_cv_prog_make_make_set=yes
ac_cv_target=i686-pc-linux-gnu

## ----------------- ##
## Output variables. ##
## ----------------- ##

ACLOCAL=''
ALLOCA=''
AMDEPBACKSLASH=''
AMDEP_FALSE=''
AMDEP_TRUE=''
AMTAR=''
AR=''
AUTOCONF=''
AUTOHEADER=''
AUTOMAKE=''
AWK='gawk'
CC=''
CCDEPMODE=''
CFLAGS=''
CPP=''
CPPFLAGS=''
CXX=''
CXXCPP=''
CXXDEPMODE=''
CXXFLAGS=''
CYGPATH_W=''
DBUS_SERVICES_DIR=''
DEFS=''
DEPDIR=''
ECHO='echo'
ECHO_C=''
ECHO_N='-n'
ECHO_T=''
EGREP=''
EXEEXT=''
EXOSIP_CFLAGS=''
EXOSIP_LIBS=''
F77=''
FFLAGS=''
GREP=''
INSTALL_DATA='${INSTALL} -m 644'
INSTALL_PROGRAM='${INSTALL}'
INSTALL_SCRIPT='${INSTALL}'
INSTALL_STRIP_PROGRAM=''
LDFLAGS=''
LIBOBJS=''
LIBREADLINE=''
LIBS=''
LIBTOOL=''
LIB_DNSSD=''
LN_S=''
LTLIBOBJS=''
MAKEINFO=''
MOC=''
OBJEXT=''
OSIP_CFLAGS=''
OSIP_LIBS=''
PACKAGE=''
PACKAGE_BUGREPORT='sflphoneteam@savoirfairelinux.com'
PACKAGE_NAME='SFLPhone'
PACKAGE_STRING='SFLPhone 0.7'
PACKAGE_TARNAME='sflphone'
PACKAGE_VERSION='0.7'
PATH_SEPARATOR=':'
PKGADD_NAME=''
PKGADD_PKG=''
PKGADD_VENDOR=''
PKG_CONFIG=''
PTHREAD_CC=''
PTHREAD_CFLAGS=''
PTHREAD_LIBS=''
QASSISTANTCLIENT_LDADD=''
QEMBED=''
QT_CXXFLAGS=''
QT_GUILINK=''
QT_LDADD=''
QT_LIBS=''
RANLIB=''
RPM_RELEASE=''
RPM_VERSION=''
SED=''
SET_MAKE=''
SFLPHONE_CFLAGS=''
SFLPHONE_LIBS=''
SHELL='/bin/bash'
SIP_CFLAGS=''
STRIP=''
UIC=''
USE_IAX_FALSE=''
USE_IAX_TRUE=''
USE_SPEEX_FALSE=''
USE_SPEEX_TRUE=''
USE_ZEROCONF_FALSE=''
USE_ZEROCONF_TRUE=''
VERSION=''
WITH_QT_FALSE=''
WITH_QT_TRUE=''
XMKMF=''
ac_ct_CC=''
ac_ct_CXX=''
ac_ct_F77=''
am__fastdepCC_FALSE=''
am__fastdepCC_TRUE=''
am__fastdepCXX_FALSE=''
am__fastdepCXX_TRUE=''
am__include=''
am__leading_dot='.'
am__quote=''
am__tar=''
am__untar=''
bindir='${exec_prefix}/bin'
build='i686-pc-linux-gnu'
build_alias=''
build_cpu='i686'
build_os='linux-gnu'
build_vendor='pc'
datadir='${datarootdir}'
datarootdir='${prefix}/share'
docdir='${datarootdir}/doc/${PACKAGE_TARNAME}'
dvidir='${docdir}'
exec_prefix='NONE'
exosip_prefix=''
host='i686-pc-linux-gnu'
host_alias=''
host_cpu='i686'
host_os='linux-gnu'
host_vendor='pc'
htmldir='${docdir}'
include_x11_FALSE=''
include_x11_TRUE=''
includedir='${prefix}/include'
infodir='${datarootdir}/info'
install_sh=''
libccext2_CFLAGS=''
libccext2_LIBS=''
libccgnu2_CFLAGS=''
libccgnu2_LIBS=''
libccrtp1_CFLAGS=''
libccrtp1_LIBS=''
libdbuscpp_CFLAGS=''
libdbuscpp_LIBS=''
libdir='${exec_prefix}/lib'
libexecdir='${exec_prefix}/libexec'
libosip2_CFLAGS=''
libosip2_LIBS=''
libportaudio_CFLAGS=''
libportaudio_LIBS=''
libportaudiocpp_CFLAGS=''
libportaudiocpp_LIBS=''
localedir='${datarootdir}/locale'
localstatedir='${prefix}/var'
mandir='${datarootdir}/man'
mkdir_p='mkdir -p --'
oldincludedir='/usr/include'
osip_prefix=''
pdfdir='${docdir}'
prefix='/usr'
program_transform_name='s,x,x,'
psdir='${docdir}'
samplerate_CFLAGS=''
samplerate_LIBS=''
sbindir='${exec_prefix}/sbin'
sflphone_datadir=''
sharedstatedir='${prefix}/com'
sysconfdir='${prefix}/etc'
target='i686-pc-linux-gnu'
target_alias=''
target_cpu='i686'
target_os='linux-gnu'
target_vendor='pc'

## ----------- ##
## confdefs.h. ##
## ----------- ##

#define PACKAGE_NAME "SFLPhone"
#define PACKAGE_TARNAME "sflphone"
#define PACKAGE_VERSION "0.7"
#define PACKAGE_STRING "SFLPhone 0.7"
#define PACKAGE_BUGREPORT "sflphoneteam@savoirfairelinux.com"

configure: exit 1
