This file contains any messages produced by compilers while
running configure, to aid debugging if configure makes a mistake.

It was created by FULL-PACKAGE-NAME configure VERSION, which was
generated by GNU Autoconf 2.61.  Invocation command line was

  $ ./configure 

## --------- ##
## Platform. ##
## --------- ##

hostname = sfl-laptop34
uname -m = i686
uname -r = 2.6.28.6
uname -s = Linux
uname -v = #1 SMP Wed Feb 18 11:08:34 EST 2009

/usr/bin/uname -p = unknown
/bin/uname -X     = unknown

/bin/arch              = unknown
/usr/bin/arch -k       = unknown
/usr/convex/getsysinfo = unknown
/usr/bin/hostinfo      = unknown
/bin/machine           = unknown
/usr/bin/oslevel       = unknown
/bin/universe          = unknown

PATH: /home/jbonjean/bin
PATH: /home/jbonjean/bin
PATH: /usr/local/sbin
PATH: /usr/local/bin
PATH: /usr/sbin
PATH: /usr/bin
PATH: /sbin
PATH: /bin
PATH: /usr/games
PATH: /usr/lib/oracle/xe/app/oracle/product/10.2.0/server/bin
PATH: /opt/EnterpriseDB/8.2/dbserver/bin
PATH: /home/jbonjean/progs/xmlformat-1.04


## ----------- ##
## Core tests. ##
## ----------- ##

configure:1697: checking for gcc
configure:1713: found /usr/bin/gcc
configure:1724: result: gcc
configure:1962: checking for C compiler version
configure:1969: gcc --version >&5
gcc (Ubuntu 4.3.2-1ubuntu12) 4.3.2
Copyright (C) 2008 Free Software Foundation, Inc.
This is free software; see the source for copying conditions.  There is NO
warranty; not even for MERCHANTABILITY or FITNESS FOR A PARTICULAR PURPOSE.

configure:1972: $? = 0
configure:1979: gcc -v >&5
Using built-in specs.
Target: i486-linux-gnu
Configured with: ../src/configure -v --with-pkgversion='Ubuntu 4.3.2-1ubuntu12' --with-bugurl=file:///usr/share/doc/gcc-4.3/README.Bugs --enable-languages=c,c++,fortran,objc,obj-c++ --prefix=/usr --enable-shared --with-system-zlib --libexecdir=/usr/lib --without-included-gettext --enable-threads=posix --enable-nls --with-gxx-include-dir=/usr/include/c++/4.3 --program-suffix=-4.3 --enable-clocale=gnu --enable-libstdcxx-debug --enable-objc-gc --enable-mpfr --enable-targets=all --enable-checking=release --build=i486-linux-gnu --host=i486-linux-gnu --target=i486-linux-gnu
Thread model: posix
gcc version 4.3.2 (Ubuntu 4.3.2-1ubuntu12) 
configure:1982: $? = 0
configure:1989: gcc -V >&5
gcc: '-V' option must have argument
configure:1992: $? = 1
configure:2015: checking for C compiler default output file name
configure:2042: gcc    conftest.c  >&5
configure:2045: $? = 0
configure:2083: result: a.out
configure:2100: checking whether the C compiler works
configure:2110: ./a.out
configure:2113: $? = 0
configure:2130: result: yes
configure:2137: checking whether we are cross compiling
configure:2139: result: no
configure:2142: checking for suffix of executables
configure:2149: gcc -o conftest    conftest.c  >&5
configure:2152: $? = 0
configure:2176: result: 
configure:2182: checking for suffix of object files
configure:2208: gcc -c   conftest.c >&5
configure:2211: $? = 0
configure:2234: result: o
configure:2238: checking whether we are using the GNU C compiler
configure:2267: gcc -c   conftest.c >&5
configure:2273: $? = 0
configure:2290: result: yes
configure:2295: checking whether gcc accepts -g
configure:2325: gcc -c -g  conftest.c >&5
configure:2331: $? = 0
configure:2430: result: yes
configure:2447: checking for gcc option to accept ISO C89
configure:2521: gcc  -c -g -O2  conftest.c >&5
configure:2527: $? = 0
configure:2550: result: none needed
configure:2573: checking for main in -lcairo
configure:2602: gcc -o conftest -g -O2   conftest.c -lcairo   >&5
configure:2608: $? = 0
configure:2626: result: yes
configure:2639: checking for main in -lfontconfig
configure:2668: gcc -o conftest -g -O2   conftest.c -lfontconfig  -lcairo  >&5
configure:2674: $? = 0
configure:2692: result: yes
configure:2705: checking for main in -lfreetype
configure:2734: gcc -o conftest -g -O2   conftest.c -lfreetype  -lfontconfig -lcairo  >&5
configure:2740: $? = 0
configure:2758: result: yes
configure:2771: checking for main in -lm
configure:2800: gcc -o conftest -g -O2   conftest.c -lm  -lfreetype -lfontconfig -lcairo  >&5
configure:2806: $? = 0
configure:2824: result: yes
configure:2837: checking for main in -lpopt
configure:2866: gcc -o conftest -g -O2   conftest.c -lpopt  -lm -lfreetype -lfontconfig -lcairo  >&5
configure:2872: $? = 0
configure:2890: result: yes
configure:2903: checking for main in -lrt
configure:2932: gcc -o conftest -g -O2   conftest.c -lrt  -lpopt -lm -lfreetype -lfontconfig -lcairo  >&5
configure:2938: $? = 0
configure:2956: result: yes
configure:2969: checking for main in -lxml2
configure:2998: gcc -o conftest -g -O2   conftest.c -lxml2  -lrt -lpopt -lm -lfreetype -lfontconfig -lcairo  >&5
configure:3004: $? = 0
configure:3022: result: yes
configure:3035: checking for main in -lz
configure:3064: gcc -o conftest -g -O2   conftest.c -lz  -lxml2 -lrt -lpopt -lm -lfreetype -lfontconfig -lcairo  >&5
configure:3070: $? = 0
configure:3088: result: yes
configure:3208: creating ./config.status

## ---------------------- ##
## Running config.status. ##
## ---------------------- ##

This file was extended by FULL-PACKAGE-NAME config.status VERSION, which was
generated by GNU Autoconf 2.61.  Invocation command line was

  CONFIG_FILES    = 
  CONFIG_HEADERS  = 
  CONFIG_LINKS    = 
  CONFIG_COMMANDS = 
  $ ./config.status 

on sfl-laptop34

config.status:588: creating Makefile
config.status:574: error: cannot find input file: config.h.in

## ---------------- ##
## Cache variables. ##
## ---------------- ##

ac_cv_c_compiler_gnu=yes
ac_cv_env_CC_set=
ac_cv_env_CC_value=
ac_cv_env_CFLAGS_set=
ac_cv_env_CFLAGS_value=
ac_cv_env_CPPFLAGS_set=
ac_cv_env_CPPFLAGS_value=
ac_cv_env_LDFLAGS_set=
ac_cv_env_LDFLAGS_value=
ac_cv_env_LIBS_set=
ac_cv_env_LIBS_value=
ac_cv_env_build_alias_set=
ac_cv_env_build_alias_value=
ac_cv_env_host_alias_set=
ac_cv_env_host_alias_value=
ac_cv_env_target_alias_set=
ac_cv_env_target_alias_value=
ac_cv_lib_cairo_main=yes
ac_cv_lib_fontconfig_main=yes
ac_cv_lib_freetype_main=yes
ac_cv_lib_m_main=yes
ac_cv_lib_popt_main=yes
ac_cv_lib_rt_main=yes
ac_cv_lib_xml2_main=yes
ac_cv_lib_z_main=yes
ac_cv_objext=o
ac_cv_prog_ac_ct_CC=gcc
ac_cv_prog_cc_c89=
ac_cv_prog_cc_g=yes

## ----------------- ##
## Output variables. ##
## ----------------- ##

CC='gcc'
CFLAGS='-g -O2'
CPPFLAGS=''
DEFS='-DHAVE_CONFIG_H'
ECHO_C=''
ECHO_N='-n'
ECHO_T=''
EXEEXT=''
LDFLAGS=''
LIBOBJS=''
LIBS='-lz -lxml2 -lrt -lpopt -lm -lfreetype -lfontconfig -lcairo '
LTLIBOBJS=''
OBJEXT='o'
PACKAGE_BUGREPORT='BUG-REPORT-ADDRESS'
PACKAGE_NAME='FULL-PACKAGE-NAME'
PACKAGE_STRING='FULL-PACKAGE-NAME VERSION'
PACKAGE_TARNAME='full-package-name'
PACKAGE_VERSION='VERSION'
PATH_SEPARATOR=':'
SHELL='/bin/bash'
ac_ct_CC='gcc'
bindir='${exec_prefix}/bin'
build_alias=''
datadir='${datarootdir}'
datarootdir='${prefix}/share'
docdir='${datarootdir}/doc/${PACKAGE_TARNAME}'
dvidir='${docdir}'
exec_prefix='${prefix}'
host_alias=''
htmldir='${docdir}'
includedir='${prefix}/include'
infodir='${datarootdir}/info'
libdir='${exec_prefix}/lib'
libexecdir='${exec_prefix}/libexec'
localedir='${datarootdir}/locale'
localstatedir='${prefix}/var'
mandir='${datarootdir}/man'
oldincludedir='/usr/include'
pdfdir='${docdir}'
prefix='/usr/local'
program_transform_name='s,x,x,'
psdir='${docdir}'
sbindir='${exec_prefix}/sbin'
sharedstatedir='${prefix}/com'
sysconfdir='${prefix}/etc'
target_alias=''

## ----------- ##
## confdefs.h. ##
## ----------- ##

#define PACKAGE_NAME "FULL-PACKAGE-NAME"
#define PACKAGE_TARNAME "full-package-name"
#define PACKAGE_VERSION "VERSION"
#define PACKAGE_STRING "FULL-PACKAGE-NAME VERSION"
#define PACKAGE_BUGREPORT "BUG-REPORT-ADDRESS"
#define HAVE_LIBCAIRO 1
#define HAVE_LIBFONTCONFIG 1
#define HAVE_LIBFREETYPE 1
#define HAVE_LIBM 1
#define HAVE_LIBPOPT 1
#define HAVE_LIBRT 1
#define HAVE_LIBXML2 1
#define HAVE_LIBZ 1

configure: exit 1
